#
# A fatal error has been detected by the Java Runtime Environment:
#
#  SIGSEGV (0xb) at pc=0x00007fa74d069a7a, pid=7523, tid=0x00007fa711f9c700
#
# JRE version: Java(TM) SE Runtime Environment (8.0_121-b13) (build 1.8.0_121-b13)
# Java VM: Java HotSpot(TM) 64-Bit Server VM (25.121-b13 mixed mode linux-amd64 compressed oops)
# Problematic frame:
# v  ~BufferBlob::jni_fast_GetLongField
#
# Failed to write core dump. Core dumps have been disabled. To enable core dumping, try "ulimit -c unlimited" before starting Java again
#
# If you would like to submit a bug report, please visit:
#   http://bugreport.java.com/bugreport/crash.jsp
# The crash happened outside the Java Virtual Machine in native code.
# See problematic frame for where to report the bug.
#

---------------  T H R E A D  ---------------

Current thread (0x00007fa75c1fb000):  JavaThread "AWT-XAWT" daemon [_thread_in_native, id=7545, stack(0x00007fa711e9c000,0x00007fa711f9d000)]

siginfo: si_signo: 11 (SIGSEGV), si_code: 1 (SEGV_MAPERR), si_addr: 0x0000000000000000

Registers:
RAX=0x00007fa764c73f60, RBX=0x00007fa75c1fb1f8, RCX=0x00007fa7656db2c0, RDX=0x0000000000000042
RSP=0x00007fa711f9b5b8, RBP=0x00007fa711f9b5e0, RSI=0x0000000000000000, RDI=0x00007fa75c1fb1f8
R8 =0x00000000d7629860, R9 =0x0000000000000000, R10=0x0000000000000034, R11=0x00007fa74d3ccd98
R12=0x00007fa70000aa80, R13=0x0000000000000000, R14=0x00007fa713d2d7e0, R15=0x00007fa75c1fb000
RIP=0x00007fa74d069a7a, EFLAGS=0x0000000000010246, CSGSFS=0x002b000000000033, ERR=0x0000000000000004
  TRAPNO=0x000000000000000e

Top of Stack: (sp=0x00007fa711f9b5b8)
0x00007fa711f9b5b8:   00007fa713b0bee1 00007fa761327308
0x00007fa711f9b5c8:   00007fa70000aa80 00007fa711f9b690
0x00007fa711f9b5d8:   00007fa711f9b660 0000000000000000
0x00007fa711f9b5e8:   00007fa7135ed3c0 00007fa761327308
0x00007fa711f9b5f8:   00007fa711f9b620 0000000000000000
0x00007fa711f9b608:   00007fa7135e4f93 00007fa711f9b690
0x00007fa711f9b618:   00007fa713b0511f 00007fa711f9b670
0x00007fa711f9b628:   00007fa74d3cce36 0000000000000000
0x00007fa711f9b638:   00007fa74d201036 00007fa711f9b690
0x00007fa711f9b648:   00007fa74d15c82c 00007fa711f9b6f0
0x00007fa711f9b658:   00000000d71a9e00 00000000d717b830
0x00007fa711f9b668:   0000000000000001 00007fa711f9b6f0
0x00007fa711f9b678:   00007fa74d007a90 00007fa711f9b6f0
0x00007fa711f9b688:   00007fa74d007a90 0000000000000000
0x00007fa711f9b698:   00007fa74d007dd0 00007fa704002e20
0x00007fa711f9b6a8:   00000000d721a010 00007fa711f9b6b0
0x00007fa711f9b6b8:   00007fa761415f54 00007fa711f9b738
0x00007fa711f9b6c8:   00007fa76141eeb0 0000000000000000
0x00007fa711f9b6d8:   00007fa761416090 00007fa711f9b690
0x00007fa711f9b6e8:   00007fa711f9b730 00007fa711f9b780
0x00007fa711f9b6f8:   00007fa74d0082bd 0000000000000000
0x00007fa711f9b708:   00000000d8586778 0000000000000000
0x00007fa711f9b718:   0000000000000000 0000000000000000
0x00007fa711f9b728:   00000000d721a010 0000000000000000
0x00007fa711f9b738:   00000000d71b2820 00007fa711f9b740
0x00007fa711f9b748:   00007fa761415d95 00007fa711f9b790
0x00007fa711f9b758:   00007fa76141eeb0 0000000000000000
0x00007fa711f9b768:   00007fa761415da0 00007fa711f9b730
0x00007fa711f9b778:   00007fa711f9b790 00007fa711f9b7d8
0x00007fa711f9b788:   00007fa74d008302 00000000d71b2820
0x00007fa711f9b798:   00007fa711f9b798 00007fa760f6a993
0x00007fa711f9b7a8:   00007fa711f9b7e8 00007fa760ff2010 

Instructions: (pc=0x00007fa74d069a7a)
0x00007fa74d069a5a:   00 00 00 00 00 00 44 8b 15 81 9f c4 17 4c 8b ce
0x00007fa74d069a6a:   41 f6 c2 01 0f 85 2e 00 00 00 4d 33 ca 4d 33 ca
0x00007fa74d069a7a:   4d 8b 09 4c 8b da 49 c1 eb 02 4b 8b 04 19 49 bb
0x00007fa74d069a8a:   e8 39 cb 64 a7 7f 00 00 4c 33 d8 4c 33 d8 45 3b 

Register to memory mapping:

RAX=0x00007fa764c73f60: <offset 0xf85f60> in /usr/lib/jvm/java-8-oracle/jre/lib/amd64/server/libjvm.so at 0x00007fa763cee000
RBX=0x00007fa75c1fb1f8 is an unknown value
RCX=0x00007fa7656db2c0: <offset 0x2182c0> in /lib/x86_64-linux-gnu/libpthread.so.0 at 0x00007fa7654c3000
RDX=0x0000000000000042 is an unknown value
RSP=0x00007fa711f9b5b8 is pointing into the stack for thread: 0x00007fa75c1fb000
RBP=0x00007fa711f9b5e0 is pointing into the stack for thread: 0x00007fa75c1fb000
RSI=0x0000000000000000 is an unknown value
RDI=0x00007fa75c1fb1f8 is an unknown value
R8 =0x00000000d7629860 is an oop
java.util.logging.Logger 
 - klass: 'java/util/logging/Logger'
R9 =0x0000000000000000 is an unknown value
R10=0x0000000000000034 is an unknown value
R11=0x00007fa74d3ccd98 is at entry_point+24 in (nmethod*)0x00007fa74d3ccc10
R12=0x00007fa70000aa80 is an unknown value
R13=0x0000000000000000 is an unknown value
R14=0x00007fa713d2d7e0: <offset 0x2587e0> in /usr/lib/jvm/java-8-oracle/jre/lib/amd64/libawt_xawt.so at 0x00007fa713ad5000
R15=0x00007fa75c1fb000 is a thread


Stack: [0x00007fa711e9c000,0x00007fa711f9d000],  sp=0x00007fa711f9b5b8,  free space=1021k
Native frames: (J=compiled Java code, j=interpreted, Vv=VM code, C=native code)
v  ~BufferBlob::jni_fast_GetLongField
C  [libX11.so.6+0x643c0]  _XimServerDestroy+0x70

Java frames: (J=compiled Java code, j=interpreted, Vv=VM code)
J 1143  sun.awt.X11.XlibWrapper.XFilterEvent(JJ)Z (0 bytes) @ 0x00007fa74d3ccdc4 [0x00007fa74d3ccd80+0x44]
j  sun.awt.X11.XToolkit.run(Z)V+300
j  sun.awt.X11.XToolkit.run()V+5
j  java.lang.Thread.run()V+11
v  ~StubRoutines::call_stub

---------------  P R O C E S S  ---------------

Java Threads: ( => current thread )
  0x00007fa75c009800 JavaThread "DestroyJavaVM" [_thread_blocked, id=7529, stack(0x00007fa7657e1000,0x00007fa7658e2000)]
  0x00007fa700017800 JavaThread "TimerQueue" daemon [_thread_blocked, id=7566, stack(0x00007fa7100c1000,0x00007fa7101c2000)]
  0x00007fa75c2b3000 JavaThread "AWT-EventQueue-0" [_thread_blocked, id=7550, stack(0x00007fa710ff0000,0x00007fa7110f1000)]
  0x00007fa75c2b1800 JavaThread "AWT-Shutdown" [_thread_blocked, id=7549, stack(0x00007fa7110f1000,0x00007fa7111f2000)]
=>0x00007fa75c1fb000 JavaThread "AWT-XAWT" daemon [_thread_in_native, id=7545, stack(0x00007fa711e9c000,0x00007fa711f9d000)]
  0x00007fa75c1d8000 JavaThread "Java2D Disposer" daemon [_thread_blocked, id=7544, stack(0x00007fa7123ad000,0x00007fa7124ae000)]
  0x00007fa75c0c0000 JavaThread "Service Thread" daemon [_thread_blocked, id=7542, stack(0x00007fa73c15f000,0x00007fa73c260000)]
  0x00007fa75c0bd000 JavaThread "C1 CompilerThread2" daemon [_thread_blocked, id=7541, stack(0x00007fa74c0a9000,0x00007fa74c1aa000)]
  0x00007fa75c0bb800 JavaThread "C2 CompilerThread1" daemon [_thread_blocked, id=7540, stack(0x00007fa74c1aa000,0x00007fa74c2ab000)]
  0x00007fa75c0b8800 JavaThread "C2 CompilerThread0" daemon [_thread_blocked, id=7539, stack(0x00007fa74c2ab000,0x00007fa74c3ac000)]
  0x00007fa75c0b7000 JavaThread "Signal Dispatcher" daemon [_thread_in_vm, id=7538, stack(0x00007fa74c3ac000,0x00007fa74c4ad000)]
  0x00007fa75c084000 JavaThread "Finalizer" daemon [_thread_blocked, id=7537, stack(0x00007fa74c9fa000,0x00007fa74cafb000)]
  0x00007fa75c07f000 JavaThread "Reference Handler" daemon [_thread_blocked, id=7536, stack(0x00007fa74cafb000,0x00007fa74cbfc000)]

Other Threads:
  0x00007fa75c077800 VMThread [stack: 0x00007fa74cbfc000,0x00007fa74ccfd000] [id=7535]
  0x00007fa75c0c3000 WatcherThread [stack: 0x00007fa73c05e000,0x00007fa73c15f000] [id=7543]

VM state:not at safepoint (normal execution)

VM Mutex/Monitor currently owned by a thread:  ([mutex/lock_event])
[0x00007fa75c005f30] Threads_lock - owner thread: 0x00007fa75c0b7000

Heap:
 PSYoungGen      total 36864K, used 24464K [0x00000000d6f00000, 0x00000000d9800000, 0x0000000100000000)
  eden space 31744K, 77% used [0x00000000d6f00000,0x00000000d86e4340,0x00000000d8e00000)
  from space 5120K, 0% used [0x00000000d9300000,0x00000000d9300000,0x00000000d9800000)
  to   space 5120K, 0% used [0x00000000d8e00000,0x00000000d8e00000,0x00000000d9300000)
 ParOldGen       total 84992K, used 0K [0x0000000084c00000, 0x0000000089f00000, 0x00000000d6f00000)
  object space 84992K, 0% used [0x0000000084c00000,0x0000000084c00000,0x0000000089f00000)
 Metaspace       used 20414K, capacity 20642K, committed 20864K, reserved 1067008K
  class space    used 2516K, capacity 2609K, committed 2688K, reserved 1048576K

Card table byte_map: [0x00007fa7621ad000,0x00007fa762588000] byte_map_base: 0x00007fa761d87000

Marking Bits: (ParMarkBitMap*) 0x00007fa764cb2c80
 Begin Bits: [0x00007fa73c260000, 0x00007fa73e130000)
 End Bits:   [0x00007fa73e130000, 0x00007fa740000000)

Polling page: 0x00007fa765902000

CodeCache: size=245760Kb used=4406Kb max_used=4415Kb free=241353Kb
 bounds [0x00007fa74d000000, 0x00007fa74d460000, 0x00007fa75c000000]
 total_blobs=1931 nmethods=1295 adapters=549
 compilation: enabled

Compilation events (10 events):
Event: 588,248 Thread 0x00007fa75c0bd000 1291   !   3       sun.awt.X11.XToolkit$1::dispatchEvent (34 bytes)
Event: 588,253 Thread 0x00007fa75c0bd000 nmethod 1291 0x00007fa74d44cfd0 code [0x00007fa74d44d220, 0x00007fa74d44e038]
Event: 588,253 Thread 0x00007fa75c0bd000 1292       3       sun.awt.X11.XMSelection::processRootEvent (32 bytes)
Event: 588,254 Thread 0x00007fa75c0bd000 nmethod 1292 0x00007fa74d44ab90 code [0x00007fa74d44ad40, 0x00007fa74d44b118]
Event: 659,747 Thread 0x00007fa75c0bd000 1293       3       java.util.Vector::<init> (53 bytes)
Event: 659,747 Thread 0x00007fa75c0bd000 nmethod 1293 0x00007fa74d44a350 code [0x00007fa74d44a500, 0x00007fa74d44a9b8]
Event: 722,581 Thread 0x00007fa75c0b8800 1294       4       java.util.TreeMap::getEntry (84 bytes)
Event: 722,585 Thread 0x00007fa75c0b8800 nmethod 1294 0x00007fa74d4516d0 code [0x00007fa74d451840, 0x00007fa74d451bf8]
Event: 904,986 Thread 0x00007fa75c0bd000 1295       3       sun.awt.X11.XMSelection$1::dispatchEvent (10 bytes)
Event: 904,986 Thread 0x00007fa75c0bd000 nmethod 1295 0x00007fa74d450dd0 code [0x00007fa74d450f80, 0x00007fa74d4513b8]

GC Heap History (0 events):
No events

Deoptimization events (8 events):
Event: 0,137 Thread 0x00007fa75c009800 Uncommon trap: reason=null_check action=make_not_entrant pc=0x00007fa74d15ea04 method=java.lang.String.equals(Ljava/lang/Object;)Z @ 8
Event: 2,304 Thread 0x00007fa75c009800 Uncommon trap: reason=unstable_if action=reinterpret pc=0x00007fa74d1aefdc method=java.lang.String.<init>([CII)V @ 18
Event: 4,741 Thread 0x00007fa75c2b3000 Uncommon trap: reason=class_check action=maybe_recompile pc=0x00007fa74d177330 method=java.lang.String.equals(Ljava/lang/Object;)Z @ 8
Event: 4,741 Thread 0x00007fa75c2b3000 Uncommon trap: reason=class_check action=maybe_recompile pc=0x00007fa74d177330 method=java.lang.String.equals(Ljava/lang/Object;)Z @ 8
Event: 4,855 Thread 0x00007fa75c2b3000 Uncommon trap: reason=class_check action=maybe_recompile pc=0x00007fa74d177330 method=java.lang.String.equals(Ljava/lang/Object;)Z @ 8
Event: 4,855 Thread 0x00007fa75c2b3000 Uncommon trap: reason=class_check action=maybe_recompile pc=0x00007fa74d177330 method=java.lang.String.equals(Ljava/lang/Object;)Z @ 8
Event: 5,609 Thread 0x00007fa75c2b3000 Uncommon trap: reason=unstable_if action=reinterpret pc=0x00007fa74d38d1e0 method=sun.misc.MetaIndex.mayContain(Ljava/lang/String;)Z @ 38
Event: 5,609 Thread 0x00007fa75c2b3000 Uncommon trap: reason=unstable_if action=reinterpret pc=0x00007fa74d39e53c method=sun.net.www.ParseUtil.encodePath(Ljava/lang/String;Z)Ljava/lang/String; @ 109

Internal exceptions (10 events):
Event: 2,270 Thread 0x00007fa75c009800 Exception <a 'java/lang/ArrayIndexOutOfBoundsException'> (0x00000000d76b56e8) thrown at [/HUDSON3/workspace/8-2-build-linux-amd64/jdk8u121/8372/hotspot/src/share/vm/runtime/sharedRuntime.cpp, line 605]
Event: 2,278 Thread 0x00007fa75c009800 Exception <a 'java/lang/ArrayIndexOutOfBoundsException'> (0x00000000d76dceb0) thrown at [/HUDSON3/workspace/8-2-build-linux-amd64/jdk8u121/8372/hotspot/src/share/vm/runtime/sharedRuntime.cpp, line 605]
Event: 2,278 Thread 0x00007fa75c009800 Exception <a 'java/lang/ArrayIndexOutOfBoundsException'> (0x00000000d76de118) thrown at [/HUDSON3/workspace/8-2-build-linux-amd64/jdk8u121/8372/hotspot/src/share/vm/runtime/sharedRuntime.cpp, line 605]
Event: 2,278 Thread 0x00007fa75c009800 Exception <a 'java/lang/ArrayIndexOutOfBoundsException'> (0x00000000d76df6b0) thrown at [/HUDSON3/workspace/8-2-build-linux-amd64/jdk8u121/8372/hotspot/src/share/vm/runtime/sharedRuntime.cpp, line 605]
Event: 2,283 Thread 0x00007fa75c009800 Exception <a 'java/lang/ArrayIndexOutOfBoundsException'> (0x00000000d7705928) thrown at [/HUDSON3/workspace/8-2-build-linux-amd64/jdk8u121/8372/hotspot/src/share/vm/runtime/sharedRuntime.cpp, line 605]
Event: 2,285 Thread 0x00007fa75c009800 Exception <a 'java/lang/ArrayIndexOutOfBoundsException'> (0x00000000d7713d50) thrown at [/HUDSON3/workspace/8-2-build-linux-amd64/jdk8u121/8372/hotspot/src/share/vm/runtime/sharedRuntime.cpp, line 605]
Event: 2,847 Thread 0x00007fa75c2b3000 Exception <a 'java/lang/UnsupportedOperationException': > (0x00000000d757b460) thrown at [/HUDSON3/workspace/8-2-build-linux-amd64/jdk8u121/8372/hotspot/src/share/vm/prims/jni.cpp, line 735]
Event: 5,843 Thread 0x00007fa75c2b3000 Exception <a 'java/lang/UnsupportedOperationException': > (0x00000000d8550990) thrown at [/HUDSON3/workspace/8-2-build-linux-amd64/jdk8u121/8372/hotspot/src/share/vm/prims/jni.cpp, line 735]
Event: 6,556 Thread 0x00007fa75c2b3000 Exception <a 'java/lang/NullPointerException'> (0x00000000d8573ce8) thrown at [/HUDSON3/workspace/8-2-build-linux-amd64/jdk8u121/8372/hotspot/src/share/vm/interpreter/linkResolver.cpp, line 1178]
Event: 6,649 Thread 0x00007fa75c2b3000 Exception <a 'java/lang/UnsupportedOperationException': > (0x00000000d859e528) thrown at [/HUDSON3/workspace/8-2-build-linux-amd64/jdk8u121/8372/hotspot/src/share/vm/prims/jni.cpp, line 735]

Events (10 events):
Event: 6,569 Executing VM operation: RevokeBias done
Event: 11,558 Executing VM operation: RevokeBias
Event: 11,558 Executing VM operation: RevokeBias done
Event: 11,558 Thread 0x00007fa70005f000 Thread exited: 0x00007fa70005f000
Event: 766,604 loading class sun/awt/X11/XkbEvent
Event: 766,604 loading class sun/awt/X11/XkbEvent done
Event: 766,604 loading class sun/awt/X11/XkbAnyEvent
Event: 766,604 loading class sun/awt/X11/XkbAnyEvent done
Event: 930,216 loading class sun/misc/Signal$1
Event: 930,216 loading class sun/misc/Signal$1 done


Dynamic libraries:
00400000-00401000 r-xp 00000000 08:01 8261504                            /usr/lib/jvm/java-8-oracle/bin/java
00600000-00601000 rw-p 00000000 08:01 8261504                            /usr/lib/jvm/java-8-oracle/bin/java
014bd000-014de000 rw-p 00000000 00:00 0                                  [heap]
84c00000-89f00000 rw-p 00000000 00:00 0 
89f00000-d6f00000 ---p 00000000 00:00 0 
d6f00000-d9800000 rw-p 00000000 00:00 0 
d9800000-100000000 ---p 00000000 00:00 0 
100000000-1002a0000 rw-p 00000000 00:00 0 
1002a0000-140000000 ---p 00000000 00:00 0 
7fa6f4000000-7fa6f4021000 rw-p 00000000 00:00 0 
7fa6f4021000-7fa6f8000000 ---p 00000000 00:00 0 
7fa6fbe00000-7fa6fbfc0000 rw-p 00000000 00:00 0 
7fa6fbfc0000-7fa6fc000000 ---p 00000000 00:00 0 
7fa6fc000000-7fa6fc021000 rw-p 00000000 00:00 0 
7fa6fc021000-7fa700000000 ---p 00000000 00:00 0 
7fa700000000-7fa700083000 rw-p 00000000 00:00 0 
7fa700083000-7fa704000000 ---p 00000000 00:00 0 
7fa704000000-7fa704293000 rw-p 00000000 00:00 0 
7fa704293000-7fa708000000 ---p 00000000 00:00 0 
7fa708000000-7fa70802a000 rw-p 00000000 00:00 0 
7fa70802a000-7fa70c000000 ---p 00000000 00:00 0 
7fa70c000000-7fa70c021000 rw-p 00000000 00:00 0 
7fa70c021000-7fa710000000 ---p 00000000 00:00 0 
7fa7100c1000-7fa7100c4000 ---p 00000000 00:00 0 
7fa7100c4000-7fa7103c2000 rw-p 00000000 00:00 0 
7fa7103c2000-7fa7103d9000 r-xp 00000000 08:01 2101590                    /lib/x86_64-linux-gnu/libresolv-2.23.so
7fa7103d9000-7fa7105d9000 ---p 00017000 08:01 2101590                    /lib/x86_64-linux-gnu/libresolv-2.23.so
7fa7105d9000-7fa7105da000 r--p 00017000 08:01 2101590                    /lib/x86_64-linux-gnu/libresolv-2.23.so
7fa7105da000-7fa7105db000 rw-p 00018000 08:01 2101590                    /lib/x86_64-linux-gnu/libresolv-2.23.so
7fa7105db000-7fa7105dd000 rw-p 00000000 00:00 0 
7fa7105dd000-7fa7105e2000 r-xp 00000000 08:01 2101727                    /lib/x86_64-linux-gnu/libnss_dns-2.23.so
7fa7105e2000-7fa7107e2000 ---p 00005000 08:01 2101727                    /lib/x86_64-linux-gnu/libnss_dns-2.23.so
7fa7107e2000-7fa7107e3000 r--p 00005000 08:01 2101727                    /lib/x86_64-linux-gnu/libnss_dns-2.23.so
7fa7107e3000-7fa7107e4000 rw-p 00006000 08:01 2101727                    /lib/x86_64-linux-gnu/libnss_dns-2.23.so
7fa7107e4000-7fa7107e6000 r-xp 00000000 08:01 2101813                    /lib/x86_64-linux-gnu/libnss_mdns4_minimal.so.2
7fa7107e6000-7fa7109e5000 ---p 00002000 08:01 2101813                    /lib/x86_64-linux-gnu/libnss_mdns4_minimal.so.2
7fa7109e5000-7fa7109e6000 r--p 00001000 08:01 2101813                    /lib/x86_64-linux-gnu/libnss_mdns4_minimal.so.2
7fa7109e6000-7fa7109e7000 rw-p 00002000 08:01 2101813                    /lib/x86_64-linux-gnu/libnss_mdns4_minimal.so.2
7fa7109e7000-7fa710be7000 rw-p 00000000 00:00 0 
7fa710be7000-7fa710bf0000 r-xp 00000000 08:01 8398527                    /usr/lib/jvm/java-8-oracle/jre/lib/amd64/libmanagement.so
7fa710bf0000-7fa710def000 ---p 00009000 08:01 8398527                    /usr/lib/jvm/java-8-oracle/jre/lib/amd64/libmanagement.so
7fa710def000-7fa710df0000 rw-p 00008000 08:01 8398527                    /usr/lib/jvm/java-8-oracle/jre/lib/amd64/libmanagement.so
7fa710df0000-7fa710ff0000 rw-p 00000000 00:00 0 
7fa710ff0000-7fa710ff3000 ---p 00000000 00:00 0 
7fa710ff3000-7fa7110f1000 rw-p 00000000 00:00 0 
7fa7110f1000-7fa7110f4000 ---p 00000000 00:00 0 
7fa7110f4000-7fa7113f2000 rw-p 00000000 00:00 0 
7fa7113f2000-7fa7113f5000 ---p 00000000 00:00 0 
7fa7113f5000-7fa7114f3000 rw-p 00000000 00:00 0 
7fa7114f3000-7fa71155c000 r-xp 00000000 08:01 8398996                    /usr/lib/jvm/java-8-oracle/jre/lib/amd64/libt2k.so
7fa71155c000-7fa71175c000 ---p 00069000 08:01 8398996                    /usr/lib/jvm/java-8-oracle/jre/lib/amd64/libt2k.so
7fa71175c000-7fa711763000 rw-p 00069000 08:01 8398996                    /usr/lib/jvm/java-8-oracle/jre/lib/amd64/libt2k.so
7fa711763000-7fa711773000 rw-p 00000000 00:00 0 
7fa711773000-7fa711784000 r-xp 00000000 08:01 8398516                    /usr/lib/jvm/java-8-oracle/jre/lib/amd64/libnio.so
7fa711784000-7fa711983000 ---p 00011000 08:01 8398516                    /usr/lib/jvm/java-8-oracle/jre/lib/amd64/libnio.so
7fa711983000-7fa711984000 rw-p 00010000 08:01 8398516                    /usr/lib/jvm/java-8-oracle/jre/lib/amd64/libnio.so
7fa711984000-7fa711c85000 rw-p 00000000 00:00 0 
7fa711c85000-7fa711c9b000 r-xp 00000000 08:01 8398175                    /usr/lib/jvm/java-8-oracle/jre/lib/amd64/libnet.so
7fa711c9b000-7fa711e9b000 ---p 00016000 08:01 8398175                    /usr/lib/jvm/java-8-oracle/jre/lib/amd64/libnet.so
7fa711e9b000-7fa711e9c000 rw-p 00016000 08:01 8398175                    /usr/lib/jvm/java-8-oracle/jre/lib/amd64/libnet.so
7fa711e9c000-7fa711e9f000 ---p 00000000 00:00 0 
7fa711e9f000-7fa711f9d000 rw-p 00000000 00:00 0 
7fa711f9d000-7fa711fa2000 r-xp 00000000 08:01 7872511                    /usr/lib/x86_64-linux-gnu/libXfixes.so.3.1.0
7fa711fa2000-7fa7121a1000 ---p 00005000 08:01 7872511                    /usr/lib/x86_64-linux-gnu/libXfixes.so.3.1.0
7fa7121a1000-7fa7121a2000 r--p 00004000 08:01 7872511                    /usr/lib/x86_64-linux-gnu/libXfixes.so.3.1.0
7fa7121a2000-7fa7121a3000 rw-p 00005000 08:01 7872511                    /usr/lib/x86_64-linux-gnu/libXfixes.so.3.1.0
7fa7121a3000-7fa7121ac000 r-xp 00000000 08:01 7872503                    /usr/lib/x86_64-linux-gnu/libXcursor.so.1.0.2
7fa7121ac000-7fa7123ab000 ---p 00009000 08:01 7872503                    /usr/lib/x86_64-linux-gnu/libXcursor.so.1.0.2
7fa7123ab000-7fa7123ac000 r--p 00008000 08:01 7872503                    /usr/lib/x86_64-linux-gnu/libXcursor.so.1.0.2
7fa7123ac000-7fa7123ad000 rw-p 00009000 08:01 7872503                    /usr/lib/x86_64-linux-gnu/libXcursor.so.1.0.2
7fa7123ad000-7fa7123b0000 ---p 00000000 00:00 0 
7fa7123b0000-7fa7124ae000 rw-p 00000000 00:00 0 
7fa7124ae000-7fa7124c4000 r-xp 00000000 08:01 2101746                    /lib/x86_64-linux-gnu/libgcc_s.so.1
7fa7124c4000-7fa7126c3000 ---p 00016000 08:01 2101746                    /lib/x86_64-linux-gnu/libgcc_s.so.1
7fa7126c3000-7fa7126c4000 rw-p 00015000 08:01 2101746                    /lib/x86_64-linux-gnu/libgcc_s.so.1
7fa7126c4000-7fa712729000 r-xp 00000000 08:01 8398448                    /usr/lib/jvm/java-8-oracle/jre/lib/amd64/libfontmanager.so
7fa712729000-7fa712928000 ---p 00065000 08:01 8398448                    /usr/lib/jvm/java-8-oracle/jre/lib/amd64/libfontmanager.so
7fa712928000-7fa71292d000 rw-p 00064000 08:01 8398448                    /usr/lib/jvm/java-8-oracle/jre/lib/amd64/libfontmanager.so
7fa71292d000-7fa71293d000 rw-p 00000000 00:00 0 
7fa71293d000-7fa712942000 r-xp 00000000 08:01 7872507                    /usr/lib/x86_64-linux-gnu/libXdmcp.so.6.0.0
7fa712942000-7fa712b41000 ---p 00005000 08:01 7872507                    /usr/lib/x86_64-linux-gnu/libXdmcp.so.6.0.0
7fa712b41000-7fa712b42000 r--p 00004000 08:01 7872507                    /usr/lib/x86_64-linux-gnu/libXdmcp.so.6.0.0
7fa712b42000-7fa712b43000 rw-p 00005000 08:01 7872507                    /usr/lib/x86_64-linux-gnu/libXdmcp.so.6.0.0
7fa712b43000-7fa712b45000 r-xp 00000000 08:01 7872496                    /usr/lib/x86_64-linux-gnu/libXau.so.6.0.0
7fa712b45000-7fa712d45000 ---p 00002000 08:01 7872496                    /usr/lib/x86_64-linux-gnu/libXau.so.6.0.0
7fa712d45000-7fa712d46000 r--p 00002000 08:01 7872496                    /usr/lib/x86_64-linux-gnu/libXau.so.6.0.0
7fa712d46000-7fa712d47000 rw-p 00003000 08:01 7872496                    /usr/lib/x86_64-linux-gnu/libXau.so.6.0.0
7fa712d47000-7fa712d68000 r-xp 00000000 08:01 7873905                    /usr/lib/x86_64-linux-gnu/libxcb.so.1.1.0
7fa712d68000-7fa712f67000 ---p 00021000 08:01 7873905                    /usr/lib/x86_64-linux-gnu/libxcb.so.1.1.0
7fa712f67000-7fa712f68000 r--p 00020000 08:01 7873905                    /usr/lib/x86_64-linux-gnu/libxcb.so.1.1.0
7fa712f68000-7fa712f69000 rw-p 00021000 08:01 7873905                    /usr/lib/x86_64-linux-gnu/libxcb.so.1.1.0
7fa712f69000-7fa712f78000 r-xp 00000000 08:01 7872517                    /usr/lib/x86_64-linux-gnu/libXi.so.6.1.0
7fa712f78000-7fa713177000 ---p 0000f000 08:01 7872517                    /usr/lib/x86_64-linux-gnu/libXi.so.6.1.0
7fa713177000-7fa713178000 r--p 0000e000 08:01 7872517                    /usr/lib/x86_64-linux-gnu/libXi.so.6.1.0
7fa713178000-7fa713179000 rw-p 0000f000 08:01 7872517                    /usr/lib/x86_64-linux-gnu/libXi.so.6.1.0
7fa713179000-7fa71317e000 r-xp 00000000 08:01 7872535                    /usr/lib/x86_64-linux-gnu/libXtst.so.6.1.0
7fa71317e000-7fa71337d000 ---p 00005000 08:01 7872535                    /usr/lib/x86_64-linux-gnu/libXtst.so.6.1.0
7fa71337d000-7fa71337e000 r--p 00004000 08:01 7872535                    /usr/lib/x86_64-linux-gnu/libXtst.so.6.1.0
7fa71337e000-7fa71337f000 rw-p 00005000 08:01 7872535                    /usr/lib/x86_64-linux-gnu/libXtst.so.6.1.0
7fa71337f000-7fa713388000 r-xp 00000000 08:01 7872529                    /usr/lib/x86_64-linux-gnu/libXrender.so.1.3.0
7fa713388000-7fa713587000 ---p 00009000 08:01 7872529                    /usr/lib/x86_64-linux-gnu/libXrender.so.1.3.0
7fa713587000-7fa713588000 r--p 00008000 08:01 7872529                    /usr/lib/x86_64-linux-gnu/libXrender.so.1.3.0
7fa713588000-7fa713589000 rw-p 00009000 08:01 7872529                    /usr/lib/x86_64-linux-gnu/libXrender.so.1.3.0
7fa713589000-7fa7136be000 r-xp 00000000 08:01 7872492                    /usr/lib/x86_64-linux-gnu/libX11.so.6.3.0
7fa7136be000-7fa7138be000 ---p 00135000 08:01 7872492                    /usr/lib/x86_64-linux-gnu/libX11.so.6.3.0
7fa7138be000-7fa7138bf000 r--p 00135000 08:01 7872492                    /usr/lib/x86_64-linux-gnu/libX11.so.6.3.0
7fa7138bf000-7fa7138c3000 rw-p 00136000 08:01 7872492                    /usr/lib/x86_64-linux-gnu/libX11.so.6.3.0
7fa7138c3000-7fa7138d4000 r-xp 00000000 08:01 7872509                    /usr/lib/x86_64-linux-gnu/libXext.so.6.4.0
7fa7138d4000-7fa713ad3000 ---p 00011000 08:01 7872509                    /usr/lib/x86_64-linux-gnu/libXext.so.6.4.0
7fa713ad3000-7fa713ad4000 r--p 00010000 08:01 7872509                    /usr/lib/x86_64-linux-gnu/libXext.so.6.4.0
7fa713ad4000-7fa713ad5000 rw-p 00011000 08:01 7872509                    /usr/lib/x86_64-linux-gnu/libXext.so.6.4.0
7fa713ad5000-7fa713b29000 r-xp 00000000 08:01 8398518                    /usr/lib/jvm/java-8-oracle/jre/lib/amd64/libawt_xawt.so
7fa713b29000-7fa713d29000 ---p 00054000 08:01 8398518                    /usr/lib/jvm/java-8-oracle/jre/lib/amd64/libawt_xawt.so
7fa713d29000-7fa713d2d000 rw-p 00054000 08:01 8398518                    /usr/lib/jvm/java-8-oracle/jre/lib/amd64/libawt_xawt.so
7fa713d2d000-7fa713d2e000 rw-p 00000000 00:00 0 
7fa713d2e000-7fa713dd0000 r-xp 00000000 08:01 8398999                    /usr/lib/jvm/java-8-oracle/jre/lib/amd64/libawt.so
7fa713dd0000-7fa713fd0000 ---p 000a2000 08:01 8398999                    /usr/lib/jvm/java-8-oracle/jre/lib/amd64/libawt.so
7fa713fd0000-7fa713fdc000 rw-p 000a2000 08:01 8398999                    /usr/lib/jvm/java-8-oracle/jre/lib/amd64/libawt.so
7fa713fdc000-7fa714000000 rw-p 00000000 00:00 0 
7fa714000000-7fa714021000 rw-p 00000000 00:00 0 
7fa714021000-7fa718000000 ---p 00000000 00:00 0 
7fa718000000-7fa718021000 rw-p 00000000 00:00 0 
7fa718021000-7fa71c000000 ---p 00000000 00:00 0 
7fa71c000000-7fa71c1d0000 rw-p 00000000 00:00 0 
7fa71c1d0000-7fa720000000 ---p 00000000 00:00 0 
7fa720000000-7fa7207ae000 rw-p 00000000 00:00 0 
7fa7207ae000-7fa724000000 ---p 00000000 00:00 0 
7fa724000000-7fa724021000 rw-p 00000000 00:00 0 
7fa724021000-7fa728000000 ---p 00000000 00:00 0 
7fa728000000-7fa7282ab000 rw-p 00000000 00:00 0 
7fa7282ab000-7fa72c000000 ---p 00000000 00:00 0 
7fa72c000000-7fa72c021000 rw-p 00000000 00:00 0 
7fa72c021000-7fa730000000 ---p 00000000 00:00 0 
7fa730000000-7fa730021000 rw-p 00000000 00:00 0 
7fa730021000-7fa734000000 ---p 00000000 00:00 0 
7fa734000000-7fa734021000 rw-p 00000000 00:00 0 
7fa734021000-7fa738000000 ---p 00000000 00:00 0 
7fa738000000-7fa738021000 rw-p 00000000 00:00 0 
7fa738021000-7fa73c000000 ---p 00000000 00:00 0 
7fa73c05e000-7fa73c05f000 ---p 00000000 00:00 0 
7fa73c05f000-7fa73c15f000 rw-p 00000000 00:00 0 
7fa73c15f000-7fa73c162000 ---p 00000000 00:00 0 
7fa73c162000-7fa740000000 rw-p 00000000 00:00 0 
7fa740000000-7fa740021000 rw-p 00000000 00:00 0 
7fa740021000-7fa744000000 ---p 00000000 00:00 0 
7fa744000000-7fa744021000 rw-p 00000000 00:00 0 
7fa744021000-7fa748000000 ---p 00000000 00:00 0 
7fa748000000-7fa748021000 rw-p 00000000 00:00 0 
7fa748021000-7fa74c000000 ---p 00000000 00:00 0 
7fa74c03e000-7fa74c05a000 r--s 00393000 08:01 8399016                    /usr/lib/jvm/java-8-oracle/jre/lib/ext/cldrdata.jar
7fa74c05a000-7fa74c071000 r--s 00280000 08:11 5374230                    /media/osoler/HDD2/WORKSAPACE/Sudoku/lib/ojdbc6.jar
7fa74c071000-7fa74c084000 r--s 00345000 08:01 8261569                    /usr/lib/jvm/java-8-oracle/jre/lib/resources.jar
7fa74c084000-7fa74c0a9000 r--p 00000000 08:01 9201922                    /usr/share/locale-langpack/es/LC_MESSAGES/libc.mo
7fa74c0a9000-7fa74c0ac000 ---p 00000000 00:00 0 
7fa74c0ac000-7fa74c1aa000 rw-p 00000000 00:00 0 
7fa74c1aa000-7fa74c1ad000 ---p 00000000 00:00 0 
7fa74c1ad000-7fa74c2ab000 rw-p 00000000 00:00 0 
7fa74c2ab000-7fa74c2ae000 ---p 00000000 00:00 0 
7fa74c2ae000-7fa74c3ac000 rw-p 00000000 00:00 0 
7fa74c3ac000-7fa74c3af000 ---p 00000000 00:00 0 
7fa74c3af000-7fa74c4ad000 rw-p 00000000 00:00 0 
7fa74c4ad000-7fa74c9fa000 r--p 00000000 08:01 7864510                    /usr/lib/locale/locale-archive
7fa74c9fa000-7fa74c9fd000 ---p 00000000 00:00 0 
7fa74c9fd000-7fa74cafb000 rw-p 00000000 00:00 0 
7fa74cafb000-7fa74cafe000 ---p 00000000 00:00 0 
7fa74cafe000-7fa74cbfc000 rw-p 00000000 00:00 0 
7fa74cbfc000-7fa74cbfd000 ---p 00000000 00:00 0 
7fa74cbfd000-7fa74d000000 rw-p 00000000 00:00 0 
7fa74d000000-7fa74d460000 rwxp 00000000 00:00 0 
7fa74d460000-7fa75c000000 ---p 00000000 00:00 0 
7fa75c000000-7fa75c8e5000 rw-p 00000000 00:00 0 
7fa75c8e5000-7fa760000000 ---p 00000000 00:00 0 
7fa76000f000-7fa760cee000 rw-p 00000000 00:00 0 
7fa760cee000-7fa760ec7000 r--s 03d3e000 08:01 8261549                    /usr/lib/jvm/java-8-oracle/jre/lib/rt.jar
7fa760ec7000-7fa761b17000 rw-p 00000000 00:00 0 
7fa761b17000-7fa761b18000 ---p 00000000 00:00 0 
7fa761b18000-7fa761c18000 rw-p 00000000 00:00 0 
7fa761c18000-7fa761c19000 ---p 00000000 00:00 0 
7fa761c19000-7fa761d19000 rw-p 00000000 00:00 0 
7fa761d19000-7fa761d1a000 ---p 00000000 00:00 0 
7fa761d1a000-7fa761e1a000 rw-p 00000000 00:00 0 
7fa761e1a000-7fa761e1b000 ---p 00000000 00:00 0 
7fa761e1b000-7fa761f45000 rw-p 00000000 00:00 0 
7fa761f45000-7fa7621ad000 ---p 00000000 00:00 0 
7fa7621ad000-7fa7621d7000 rw-p 00000000 00:00 0 
7fa7621d7000-7fa76243e000 ---p 00000000 00:00 0 
7fa76243e000-7fa762453000 rw-p 00000000 00:00 0 
7fa762453000-7fa762587000 ---p 00000000 00:00 0 
7fa762587000-7fa76259a000 rw-p 00000000 00:00 0 
7fa76259a000-7fa762948000 ---p 00000000 00:00 0 
7fa762948000-7fa762962000 r-xp 00000000 08:01 8398514                    /usr/lib/jvm/java-8-oracle/jre/lib/amd64/libzip.so
7fa762962000-7fa762b62000 ---p 0001a000 08:01 8398514                    /usr/lib/jvm/java-8-oracle/jre/lib/amd64/libzip.so
7fa762b62000-7fa762b63000 rw-p 0001a000 08:01 8398514                    /usr/lib/jvm/java-8-oracle/jre/lib/amd64/libzip.so
7fa762b63000-7fa762b6e000 r-xp 00000000 08:01 2097242                    /lib/x86_64-linux-gnu/libnss_files-2.23.so
7fa762b6e000-7fa762d6d000 ---p 0000b000 08:01 2097242                    /lib/x86_64-linux-gnu/libnss_files-2.23.so
7fa762d6d000-7fa762d6e000 r--p 0000a000 08:01 2097242                    /lib/x86_64-linux-gnu/libnss_files-2.23.so
7fa762d6e000-7fa762d6f000 rw-p 0000b000 08:01 2097242                    /lib/x86_64-linux-gnu/libnss_files-2.23.so
7fa762d6f000-7fa762d75000 rw-p 00000000 00:00 0 
7fa762d75000-7fa762d80000 r-xp 00000000 08:01 2097235                    /lib/x86_64-linux-gnu/libnss_nis-2.23.so
7fa762d80000-7fa762f7f000 ---p 0000b000 08:01 2097235                    /lib/x86_64-linux-gnu/libnss_nis-2.23.so
7fa762f7f000-7fa762f80000 r--p 0000a000 08:01 2097235                    /lib/x86_64-linux-gnu/libnss_nis-2.23.so
7fa762f80000-7fa762f81000 rw-p 0000b000 08:01 2097235                    /lib/x86_64-linux-gnu/libnss_nis-2.23.so
7fa762f81000-7fa762f97000 r-xp 00000000 08:01 2097237                    /lib/x86_64-linux-gnu/libnsl-2.23.so
7fa762f97000-7fa763196000 ---p 00016000 08:01 2097237                    /lib/x86_64-linux-gnu/libnsl-2.23.so
7fa763196000-7fa763197000 r--p 00015000 08:01 2097237                    /lib/x86_64-linux-gnu/libnsl-2.23.so
7fa763197000-7fa763198000 rw-p 00016000 08:01 2097237                    /lib/x86_64-linux-gnu/libnsl-2.23.so
7fa763198000-7fa76319a000 rw-p 00000000 00:00 0 
7fa76319a000-7fa7631a2000 r-xp 00000000 08:01 2097244                    /lib/x86_64-linux-gnu/libnss_compat-2.23.so
7fa7631a2000-7fa7633a1000 ---p 00008000 08:01 2097244                    /lib/x86_64-linux-gnu/libnss_compat-2.23.so
7fa7633a1000-7fa7633a2000 r--p 00007000 08:01 2097244                    /lib/x86_64-linux-gnu/libnss_compat-2.23.so
7fa7633a2000-7fa7633a3000 rw-p 00008000 08:01 2097244                    /lib/x86_64-linux-gnu/libnss_compat-2.23.so
7fa7633a3000-7fa7633ce000 r-xp 00000000 08:01 8398989                    /usr/lib/jvm/java-8-oracle/jre/lib/amd64/libjava.so
7fa7633ce000-7fa7635cd000 ---p 0002b000 08:01 8398989                    /usr/lib/jvm/java-8-oracle/jre/lib/amd64/libjava.so
7fa7635cd000-7fa7635cf000 rw-p 0002a000 08:01 8398989                    /usr/lib/jvm/java-8-oracle/jre/lib/amd64/libjava.so
7fa7635cf000-7fa7635dc000 r-xp 00000000 08:01 8398176                    /usr/lib/jvm/java-8-oracle/jre/lib/amd64/libverify.so
7fa7635dc000-7fa7637db000 ---p 0000d000 08:01 8398176                    /usr/lib/jvm/java-8-oracle/jre/lib/amd64/libverify.so
7fa7637db000-7fa7637dd000 rw-p 0000c000 08:01 8398176                    /usr/lib/jvm/java-8-oracle/jre/lib/amd64/libverify.so
7fa7637dd000-7fa7637e4000 r-xp 00000000 08:01 2097245                    /lib/x86_64-linux-gnu/librt-2.23.so
7fa7637e4000-7fa7639e3000 ---p 00007000 08:01 2097245                    /lib/x86_64-linux-gnu/librt-2.23.so
7fa7639e3000-7fa7639e4000 r--p 00006000 08:01 2097245                    /lib/x86_64-linux-gnu/librt-2.23.so
7fa7639e4000-7fa7639e5000 rw-p 00007000 08:01 2097245                    /lib/x86_64-linux-gnu/librt-2.23.so
7fa7639e5000-7fa763aed000 r-xp 00000000 08:01 2097236                    /lib/x86_64-linux-gnu/libm-2.23.so
7fa763aed000-7fa763cec000 ---p 00108000 08:01 2097236                    /lib/x86_64-linux-gnu/libm-2.23.so
7fa763cec000-7fa763ced000 r--p 00107000 08:01 2097236                    /lib/x86_64-linux-gnu/libm-2.23.so
7fa763ced000-7fa763cee000 rw-p 00108000 08:01 2097236                    /lib/x86_64-linux-gnu/libm-2.23.so
7fa763cee000-7fa7649bc000 r-xp 00000000 08:01 8398993                    /usr/lib/jvm/java-8-oracle/jre/lib/amd64/server/libjvm.so
7fa7649bc000-7fa764bbc000 ---p 00cce000 08:01 8398993                    /usr/lib/jvm/java-8-oracle/jre/lib/amd64/server/libjvm.so
7fa764bbc000-7fa764c95000 rw-p 00cce000 08:01 8398993                    /usr/lib/jvm/java-8-oracle/jre/lib/amd64/server/libjvm.so
7fa764c95000-7fa764ce0000 rw-p 00000000 00:00 0 
7fa764ce0000-7fa764e9f000 r-xp 00000000 08:01 2097238                    /lib/x86_64-linux-gnu/libc-2.23.so
7fa764e9f000-7fa76509f000 ---p 001bf000 08:01 2097238                    /lib/x86_64-linux-gnu/libc-2.23.so
7fa76509f000-7fa7650a3000 r--p 001bf000 08:01 2097238                    /lib/x86_64-linux-gnu/libc-2.23.so
7fa7650a3000-7fa7650a5000 rw-p 001c3000 08:01 2097238                    /lib/x86_64-linux-gnu/libc-2.23.so
7fa7650a5000-7fa7650a9000 rw-p 00000000 00:00 0 
7fa7650a9000-7fa7650ac000 r-xp 00000000 08:01 2097177                    /lib/x86_64-linux-gnu/libdl-2.23.so
7fa7650ac000-7fa7652ab000 ---p 00003000 08:01 2097177                    /lib/x86_64-linux-gnu/libdl-2.23.so
7fa7652ab000-7fa7652ac000 r--p 00002000 08:01 2097177                    /lib/x86_64-linux-gnu/libdl-2.23.so
7fa7652ac000-7fa7652ad000 rw-p 00003000 08:01 2097177                    /lib/x86_64-linux-gnu/libdl-2.23.so
7fa7652ad000-7fa7652c2000 r-xp 00000000 08:01 8001894                    /usr/lib/jvm/java-8-oracle/lib/amd64/jli/libjli.so
7fa7652c2000-7fa7654c2000 ---p 00015000 08:01 8001894                    /usr/lib/jvm/java-8-oracle/lib/amd64/jli/libjli.so
7fa7654c2000-7fa7654c3000 rw-p 00015000 08:01 8001894                    /usr/lib/jvm/java-8-oracle/lib/amd64/jli/libjli.so
7fa7654c3000-7fa7654db000 r-xp 00000000 08:01 2097249                    /lib/x86_64-linux-gnu/libpthread-2.23.so
7fa7654db000-7fa7656da000 ---p 00018000 08:01 2097249                    /lib/x86_64-linux-gnu/libpthread-2.23.so
7fa7656da000-7fa7656db000 r--p 00017000 08:01 2097249                    /lib/x86_64-linux-gnu/libpthread-2.23.so
7fa7656db000-7fa7656dc000 rw-p 00018000 08:01 2097249                    /lib/x86_64-linux-gnu/libpthread-2.23.so
7fa7656dc000-7fa7656e0000 rw-p 00000000 00:00 0 
7fa7656e0000-7fa765706000 r-xp 00000000 08:01 2097239                    /lib/x86_64-linux-gnu/ld-2.23.so
7fa765712000-7fa765716000 r--s 0009a000 08:01 8261530                    /usr/lib/jvm/java-8-oracle/jre/lib/jsse.jar
7fa765716000-7fa7657e1000 rw-p 00000000 00:00 0 
7fa7657e1000-7fa7657e4000 ---p 00000000 00:00 0 
7fa7657e4000-7fa7658e6000 rw-p 00000000 00:00 0 
7fa7658e8000-7fa7658f2000 r--s 00116000 08:01 8399013                    /usr/lib/jvm/java-8-oracle/jre/lib/ext/localedata.jar
7fa7658f2000-7fa7658f9000 r--s 00000000 08:01 8132571                    /usr/lib/x86_64-linux-gnu/gconv/gconv-modules.cache
7fa7658f9000-7fa765901000 rw-s 00000000 08:01 14026191                   /tmp/hsperfdata_osoler/7523
7fa765901000-7fa765902000 rw-p 00000000 00:00 0 
7fa765902000-7fa765903000 r--p 00000000 00:00 0 
7fa765903000-7fa765905000 rw-p 00000000 00:00 0 
7fa765905000-7fa765906000 r--p 00025000 08:01 2097239                    /lib/x86_64-linux-gnu/ld-2.23.so
7fa765906000-7fa765907000 rw-p 00026000 08:01 2097239                    /lib/x86_64-linux-gnu/ld-2.23.so
7fa765907000-7fa765908000 rw-p 00000000 00:00 0 
7ffe56e57000-7ffe56e78000 rw-p 00000000 00:00 0                          [stack]
7ffe56f21000-7ffe56f23000 r--p 00000000 00:00 0                          [vvar]
7ffe56f23000-7ffe56f25000 r-xp 00000000 00:00 0                          [vdso]
ffffffffff600000-ffffffffff601000 r-xp 00000000 00:00 0                  [vsyscall]

VM Arguments:
jvm_args: -Dfile.encoding=UTF-8 
java_command: Presentacio.UserLoginBBDD
java_class_path (initial): /media/osoler/HDD2/WORKSAPACE/Sudoku/bin:/media/osoler/HDD2/WORKSAPACE/Sudoku/lib/ojdbc6.jar
Launcher Type: SUN_STANDARD

Environment Variables:
JAVA_HOME=/usr/lib/jvm/java-8-oracle
PATH=/home/osoler/bin:/home/osoler/.local/bin:/usr/local/sbin:/usr/local/bin:/usr/sbin:/usr/bin:/sbin:/bin:/usr/games:/usr/local/games:/snap/bin:/usr/lib/jvm/java-8-oracle/bin:/usr/lib/jvm/java-8-oracle/db/bin:/usr/lib/jvm/java-8-oracle/jre/bin
SHELL=/bin/bash
DISPLAY=:0

Signal Handlers:
SIGSEGV: [libjvm.so+0xac78c0], sa_mask[0]=11111111011111111101111111111110, sa_flags=SA_RESTART|SA_SIGINFO
SIGBUS: [libjvm.so+0xac78c0], sa_mask[0]=11111111011111111101111111111110, sa_flags=SA_RESTART|SA_SIGINFO
SIGFPE: [libjvm.so+0x920ac0], sa_mask[0]=11111111011111111101111111111110, sa_flags=SA_RESTART|SA_SIGINFO
SIGPIPE: [libjvm.so+0x920ac0], sa_mask[0]=11111111011111111101111111111110, sa_flags=SA_RESTART|SA_SIGINFO
SIGXFSZ: [libjvm.so+0x920ac0], sa_mask[0]=11111111011111111101111111111110, sa_flags=SA_RESTART|SA_SIGINFO
SIGILL: [libjvm.so+0x920ac0], sa_mask[0]=11111111011111111101111111111110, sa_flags=SA_RESTART|SA_SIGINFO
SIGUSR1: SIG_DFL, sa_mask[0]=00000000000000000000000000000000, sa_flags=none
SIGUSR2: [libjvm.so+0x922300], sa_mask[0]=00100000000000000000000000000000, sa_flags=SA_RESTART|SA_SIGINFO
SIGHUP: [libjvm.so+0x923700], sa_mask[0]=11111111011111111101111111111110, sa_flags=SA_RESTART|SA_SIGINFO
SIGINT: [libjvm.so+0x923700], sa_mask[0]=11111111011111111101111111111110, sa_flags=SA_RESTART|SA_SIGINFO
SIGTERM: [libjvm.so+0x923700], sa_mask[0]=11111111011111111101111111111110, sa_flags=SA_RESTART|SA_SIGINFO
SIGQUIT: [libjvm.so+0x923700], sa_mask[0]=11111111011111111101111111111110, sa_flags=SA_RESTART|SA_SIGINFO


---------------  S Y S T E M  ---------------

OS:DISTRIB_ID=Ubuntu
DISTRIB_RELEASE=16.04
DISTRIB_CODENAME=xenial
DISTRIB_DESCRIPTION="Ubuntu 16.04.2 LTS"

uname:Linux 4.8.0-52-generic #55~16.04.1-Ubuntu SMP Fri Apr 28 14:36:29 UTC 2017 x86_64
libc:glibc 2.23 NPTL 2.23 
rlimit: STACK 8192k, CORE 0k, NPROC 31367, NOFILE 65536, AS infinity
load average:0,52 0,65 0,54

/proc/meminfo:
MemTotal:        8072448 kB
MemFree:         3043308 kB
MemAvailable:    4315180 kB
Buffers:          103764 kB
Cached:          1895584 kB
SwapCached:            0 kB
Active:          3580272 kB
Inactive:        1233748 kB
Active(anon):    2825116 kB
Inactive(anon):   536212 kB
Active(file):     755156 kB
Inactive(file):   697536 kB
Unevictable:          32 kB
Mlocked:              32 kB
SwapTotal:       8284156 kB
SwapFree:        8284156 kB
Dirty:                 0 kB
Writeback:            48 kB
AnonPages:       2576268 kB
Mapped:           418084 kB
Shmem:            546748 kB
Slab:             121468 kB
SReclaimable:      79016 kB
SUnreclaim:        42452 kB
KernelStack:        9088 kB
PageTables:        22868 kB
NFS_Unstable:          0 kB
Bounce:                0 kB
WritebackTmp:          0 kB
CommitLimit:    12320380 kB
Committed_AS:    6722908 kB
VmallocTotal:   34359738367 kB
VmallocUsed:           0 kB
VmallocChunk:          0 kB
HardwareCorrupted:     0 kB
AnonHugePages:   1464320 kB
ShmemHugePages:        0 kB
ShmemPmdMapped:        0 kB
CmaTotal:              0 kB
CmaFree:               0 kB
HugePages_Total:       0
HugePages_Free:        0
HugePages_Rsvd:        0
HugePages_Surp:        0
Hugepagesize:       2048 kB
DirectMap4k:      166064 kB
DirectMap2M:     8120320 kB
DirectMap1G:           0 kB


CPU:total 4 (2 cores per cpu, 2 threads per core) family 6 model 61 stepping 4, cmov, cx8, fxsr, mmx, sse, sse2, sse3, ssse3, sse4.1, sse4.2, popcnt, avx, avx2, aes, clmul, erms, 3dnowpref, lzcnt, ht, tsc, tscinvbit, bmi1, bmi2, adx

/proc/cpuinfo:
processor	: 0
vendor_id	: GenuineIntel
cpu family	: 6
model		: 61
model name	: Intel(R) Core(TM) i7-5500U CPU @ 2.40GHz
stepping	: 4
microcode	: 0x22
cpu MHz		: 2899.951
cache size	: 4096 KB
physical id	: 0
siblings	: 4
core id		: 0
cpu cores	: 2
apicid		: 0
initial apicid	: 0
fpu		: yes
fpu_exception	: yes
cpuid level	: 20
wp		: yes
flags		: fpu vme de pse tsc msr pae mce cx8 apic sep mtrr pge mca cmov pat pse36 clflush dts acpi mmx fxsr sse sse2 ss ht tm pbe syscall nx pdpe1gb rdtscp lm constant_tsc arch_perfmon pebs bts rep_good nopl xtopology nonstop_tsc aperfmperf eagerfpu pni pclmulqdq dtes64 monitor ds_cpl vmx est tm2 ssse3 sdbg fma cx16 xtpr pdcm pcid sse4_1 sse4_2 x2apic movbe popcnt tsc_deadline_timer aes xsave avx f16c rdrand lahf_lm abm 3dnowprefetch epb intel_pt tpr_shadow vnmi flexpriority ept vpid fsgsbase tsc_adjust bmi1 avx2 smep bmi2 erms invpcid rdseed adx smap xsaveopt dtherm ida arat pln pts
bugs		:
bogomips	: 4793.53
clflush size	: 64
cache_alignment	: 64
address sizes	: 39 bits physical, 48 bits virtual
power management:

processor	: 1
vendor_id	: GenuineIntel
cpu family	: 6
model		: 61
model name	: Intel(R) Core(TM) i7-5500U CPU @ 2.40GHz
stepping	: 4
microcode	: 0x22
cpu MHz		: 2899.951
cache size	: 4096 KB
physical id	: 0
siblings	: 4
core id		: 1
cpu cores	: 2
apicid		: 2
initial apicid	: 2
fpu		: yes
fpu_exception	: yes
cpuid level	: 20
wp		: yes
flags		: fpu vme de pse tsc msr pae mce cx8 apic sep mtrr pge mca cmov pat pse36 clflush dts acpi mmx fxsr sse sse2 ss ht tm pbe syscall nx pdpe1gb rdtscp lm constant_tsc arch_perfmon pebs bts rep_good nopl xtopology nonstop_tsc aperfmperf eagerfpu pni pclmulqdq dtes64 monitor ds_cpl vmx est tm2 ssse3 sdbg fma cx16 xtpr pdcm pcid sse4_1 sse4_2 x2apic movbe popcnt tsc_deadline_timer aes xsave avx f16c rdrand lahf_lm abm 3dnowprefetch epb intel_pt tpr_shadow vnmi flexpriority ept vpid fsgsbase tsc_adjust bmi1 avx2 smep bmi2 erms invpcid rdseed adx smap xsaveopt dtherm ida arat pln pts
bugs		:
bogomips	: 4793.53
clflush size	: 64
cache_alignment	: 64
address sizes	: 39 bits physical, 48 bits virtual
power management:

processor	: 2
vendor_id	: GenuineIntel
cpu family	: 6
model		: 61
model name	: Intel(R) Core(TM) i7-5500U CPU @ 2.40GHz
stepping	: 4
microcode	: 0x22
cpu MHz		: 2899.951
cache size	: 4096 KB
physical id	: 0
siblings	: 4
core id		: 0
cpu cores	: 2
apicid		: 1
initial apicid	: 1
fpu		: yes
fpu_exception	: yes
cpuid level	: 20
wp		: yes
flags		: fpu vme de pse tsc msr pae mce cx8 apic sep mtrr pge mca cmov pat pse36 clflush dts acpi mmx fxsr sse sse2 ss ht tm pbe syscall nx pdpe1gb rdtscp lm constant_tsc arch_perfmon pebs bts rep_good nopl xtopology nonstop_tsc aperfmperf eagerfpu pni pclmulqdq dtes64 monitor ds_cpl vmx est tm2 ssse3 sdbg fma cx16 xtpr pdcm pcid sse4_1 sse4_2 x2apic movbe popcnt tsc_deadline_timer aes xsave avx f16c rdrand lahf_lm abm 3dnowprefetch epb intel_pt tpr_shadow vnmi flexpriority ept vpid fsgsbase tsc_adjust bmi1 avx2 smep bmi2 erms invpcid rdseed adx smap xsaveopt dtherm ida arat pln pts
bugs		:
bogomips	: 4793.53
clflush size	: 64
cache_alignment	: 64
address sizes	: 39 bits physical, 48 bits virtual
power management:

processor	: 3
vendor_id	: GenuineIntel
cpu family	: 6
model		: 61
model name	: Intel(R) Core(TM) i7-5500U CPU @ 2.40GHz
stepping	: 4
microcode	: 0x22
cpu MHz		: 2899.951
cache size	: 4096 KB
physical id	: 0
siblings	: 4
core id		: 1
cpu cores	: 2
apicid		: 3
initial apicid	: 3
fpu		: yes
fpu_exception	: yes
cpuid level	: 20
wp		: yes
flags		: fpu vme de pse tsc msr pae mce cx8 apic sep mtrr pge mca cmov pat pse36 clflush dts acpi mmx fxsr sse sse2 ss ht tm pbe syscall nx pdpe1gb rdtscp lm constant_tsc arch_perfmon pebs bts rep_good nopl xtopology nonstop_tsc aperfmperf eagerfpu pni pclmulqdq dtes64 monitor ds_cpl vmx est tm2 ssse3 sdbg fma cx16 xtpr pdcm pcid sse4_1 sse4_2 x2apic movbe popcnt tsc_deadline_timer aes xsave avx f16c rdrand lahf_lm abm 3dnowprefetch epb intel_pt tpr_shadow vnmi flexpriority ept vpid fsgsbase tsc_adjust bmi1 avx2 smep bmi2 erms invpcid rdseed adx smap xsaveopt dtherm ida arat pln pts
bugs		:
bogomips	: 4793.53
clflush size	: 64
cache_alignment	: 64
address sizes	: 39 bits physical, 48 bits virtual
power management:



Memory: 4k page, physical 8072448k(3043308k free), swap 8284156k(8284156k free)

vm_info: Java HotSpot(TM) 64-Bit Server VM (25.121-b13) for linux-amd64 JRE (1.8.0_121-b13), built on Dec 12 2016 16:36:53 by "java_re" with gcc 4.3.0 20080428 (Red Hat 4.3.0-8)

time: Wed May 24 10:22:49 2017
elapsed time: 930 seconds (0d 0h 15m 30s)

