#
# A fatal error has been detected by the Java Runtime Environment:
#
#  SIGSEGV (0xb) at pc=0x00007f158460ea7a, pid=13778, tid=0x00007f154ad1e700
#
# JRE version: Java(TM) SE Runtime Environment (8.0_121-b13) (build 1.8.0_121-b13)
# Java VM: Java HotSpot(TM) 64-Bit Server VM (25.121-b13 mixed mode linux-amd64 compressed oops)
# Problematic frame:
# v  ~BufferBlob::jni_fast_GetLongField
#
# Failed to write core dump. Core dumps have been disabled. To enable core dumping, try "ulimit -c unlimited" before starting Java again
#
# If you would like to submit a bug report, please visit:
#   http://bugreport.java.com/bugreport/crash.jsp
# The crash happened outside the Java Virtual Machine in native code.
# See problematic frame for where to report the bug.
#

---------------  T H R E A D  ---------------

Current thread (0x00007f1594223000):  JavaThread "AWT-XAWT" daemon [_thread_in_native, id=13801, stack(0x00007f154ac1e000,0x00007f154ad1f000)]

siginfo: si_signo: 11 (SIGSEGV), si_code: 1 (SEGV_MAPERR), si_addr: 0x0000000000000000

Registers:
RAX=0x00007f1599a07f60, RBX=0x00007f15942231f8, RCX=0x00007f159a46f2c0, RDX=0x0000000000000042
RSP=0x00007f154ad1d638, RBP=0x00007f154ad1d660, RSI=0x0000000000000000, RDI=0x00007f15942231f8
R8 =0x00000000d76275c0, R9 =0x0000000000000000, R10=0x0000000000000032, R11=0x00007f1584939458
R12=0x00007f153400cb70, R13=0x0000000000000000, R14=0x00007f15809627e0, R15=0x00007f1594223000
RIP=0x00007f158460ea7a, EFLAGS=0x0000000000010246, CSGSFS=0x002b000000000033, ERR=0x0000000000000004
  TRAPNO=0x000000000000000e

Top of Stack: (sp=0x00007f154ad1d638)
0x00007f154ad1d638:   00007f1580740ee1 00007f15830884a0
0x00007f154ad1d648:   00007f153400cb70 00007f154ad1d710
0x00007f154ad1d658:   00007f154ad1d6e0 0000000000000000
0x00007f154ad1d668:   00007f15802053c0 00007f15830884a0
0x00007f154ad1d678:   00007f154ad1d6a0 0000000000000000
0x00007f154ad1d688:   00007f15801fcf93 00007f154ad1d710
0x00007f154ad1d698:   00007f158073a11f 00007f154ad1d6f0
0x00007f154ad1d6a8:   00007f15849394f6 0000000000000000
0x00007f154ad1d6b8:   00007f15847aa7f6 00007f154ad1d710
0x00007f154ad1d6c8:   00007f15847088ec 00007f154ad1d770
0x00007f154ad1d6d8:   00000000d71a9e00 00000000d717b830
0x00007f154ad1d6e8:   0000000000000001 00007f154ad1d770
0x00007f154ad1d6f8:   00007f15845aca90 00007f154ad1d770
0x00007f154ad1d708:   00007f15845aca90 0000000000000000
0x00007f154ad1d718:   00007f15845acdd0 00007f1538000e30
0x00007f154ad1d728:   00000000d721a010 00007f154ad1d730
0x00007f154ad1d738:   00007f15831797bc 00007f154ad1d7b8
0x00007f154ad1d748:   00007f1583182c28 0000000000000000
0x00007f154ad1d758:   00007f15831798f8 00007f154ad1d710
0x00007f154ad1d768:   00007f154ad1d7b0 00007f154ad1d800
0x00007f154ad1d778:   00007f15845ad2bd 0000000000000000
0x00007f154ad1d788:   00000000d84574a8 0000000000000000
0x00007f154ad1d798:   0000000000000000 0000000000000000
0x00007f154ad1d7a8:   00000000d721a010 0000000000000000
0x00007f154ad1d7b8:   00000000d71b2820 00007f154ad1d7c0
0x00007f154ad1d7c8:   00007f15831795fd 00007f154ad1d810
0x00007f154ad1d7d8:   00007f1583182c28 0000000000000000
0x00007f154ad1d7e8:   00007f1583179608 00007f154ad1d7b0
0x00007f154ad1d7f8:   00007f154ad1d810 00007f154ad1d858
0x00007f154ad1d808:   00007f15845ad302 00000000d71b2820
0x00007f154ad1d818:   00007f154ad1d818 00007f1582cc8993
0x00007f154ad1d828:   00007f154ad1d868 00007f1582d50010 

Instructions: (pc=0x00007f158460ea7a)
0x00007f158460ea5a:   00 00 00 00 00 00 44 8b 15 81 8f 43 15 4c 8b ce
0x00007f158460ea6a:   41 f6 c2 01 0f 85 2e 00 00 00 4d 33 ca 4d 33 ca
0x00007f158460ea7a:   4d 8b 09 4c 8b da 49 c1 eb 02 4b 8b 04 19 49 bb
0x00007f158460ea8a:   e8 79 a4 99 15 7f 00 00 4c 33 d8 4c 33 d8 45 3b 

Register to memory mapping:

RAX=0x00007f1599a07f60: <offset 0xf85f60> in /usr/lib/jvm/java-8-oracle/jre/lib/amd64/server/libjvm.so at 0x00007f1598a82000
RBX=0x00007f15942231f8 is an unknown value
RCX=0x00007f159a46f2c0: <offset 0x2182c0> in /lib/x86_64-linux-gnu/libpthread.so.0 at 0x00007f159a257000
RDX=0x0000000000000042 is an unknown value
RSP=0x00007f154ad1d638 is pointing into the stack for thread: 0x00007f1594223000
RBP=0x00007f154ad1d660 is pointing into the stack for thread: 0x00007f1594223000
RSI=0x0000000000000000 is an unknown value
RDI=0x00007f15942231f8 is an unknown value
R8 =0x00000000d76275c0 is an oop
java.util.logging.Logger 
 - klass: 'java/util/logging/Logger'
R9 =0x0000000000000000 is an unknown value
R10=0x0000000000000032 is an unknown value
R11=0x00007f1584939458 is at entry_point+24 in (nmethod*)0x00007f15849392d0
R12=0x00007f153400cb70 is an unknown value
R13=0x0000000000000000 is an unknown value
R14=0x00007f15809627e0: <offset 0x2587e0> in /usr/lib/jvm/java-8-oracle/jre/lib/amd64/libawt_xawt.so at 0x00007f158070a000
R15=0x00007f1594223000 is a thread


Stack: [0x00007f154ac1e000,0x00007f154ad1f000],  sp=0x00007f154ad1d638,  free space=1021k
Native frames: (J=compiled Java code, j=interpreted, Vv=VM code, C=native code)
v  ~BufferBlob::jni_fast_GetLongField
C  [libX11.so.6+0x643c0]  _XimServerDestroy+0x70

Java frames: (J=compiled Java code, j=interpreted, Vv=VM code)
J 1088  sun.awt.X11.XlibWrapper.XFilterEvent(JJ)Z (0 bytes) @ 0x00007f1584939484 [0x00007f1584939440+0x44]
j  sun.awt.X11.XToolkit.run(Z)V+300
j  sun.awt.X11.XToolkit.run()V+5
j  java.lang.Thread.run()V+11
v  ~StubRoutines::call_stub

---------------  P R O C E S S  ---------------

Java Threads: ( => current thread )
  0x00007f1594009800 JavaThread "DestroyJavaVM" [_thread_blocked, id=13780, stack(0x00007f159a575000,0x00007f159a676000)]
  0x00007f1534019800 JavaThread "TimerQueue" daemon [_thread_blocked, id=13821, stack(0x00007f1548e43000,0x00007f1548f44000)]
  0x00007f15942dd000 JavaThread "AWT-EventQueue-0" [_thread_blocked, id=13805, stack(0x00007f1549d72000,0x00007f1549e73000)]
  0x00007f15942db800 JavaThread "AWT-Shutdown" [_thread_blocked, id=13804, stack(0x00007f1549e73000,0x00007f1549f74000)]
=>0x00007f1594223000 JavaThread "AWT-XAWT" daemon [_thread_in_native, id=13801, stack(0x00007f154ac1e000,0x00007f154ad1f000)]
  0x00007f1594200000 JavaThread "Java2D Disposer" daemon [_thread_blocked, id=13800, stack(0x00007f158007b000,0x00007f158017c000)]
  0x00007f15940c0000 JavaThread "Service Thread" daemon [_thread_blocked, id=13796, stack(0x00007f1580d36000,0x00007f1580e37000)]
  0x00007f15940bd000 JavaThread "C1 CompilerThread2" daemon [_thread_blocked, id=13795, stack(0x00007f1580e37000,0x00007f1580f38000)]
  0x00007f15940bb800 JavaThread "C2 CompilerThread1" daemon [_thread_blocked, id=13794, stack(0x00007f1580f38000,0x00007f1581039000)]
  0x00007f15940b8800 JavaThread "C2 CompilerThread0" daemon [_thread_blocked, id=13793, stack(0x00007f1581039000,0x00007f158113a000)]
  0x00007f15940b7000 JavaThread "Signal Dispatcher" daemon [_thread_in_vm, id=13792, stack(0x00007f158113a000,0x00007f158123b000)]
  0x00007f1594084000 JavaThread "Finalizer" daemon [_thread_blocked, id=13791, stack(0x00007f1581788000,0x00007f1581889000)]
  0x00007f159407f000 JavaThread "Reference Handler" daemon [_thread_blocked, id=13790, stack(0x00007f1581889000,0x00007f158198a000)]

Other Threads:
  0x00007f1594077800 VMThread [stack: 0x00007f158198a000,0x00007f1581a8b000] [id=13789]
  0x00007f15940c3000 WatcherThread [stack: 0x00007f1580c35000,0x00007f1580d36000] [id=13797]

VM state:not at safepoint (normal execution)

VM Mutex/Monitor currently owned by a thread:  ([mutex/lock_event])
[0x00007f1594005f30] Threads_lock - owner thread: 0x00007f15940b7000

Heap:
 PSYoungGen      total 36864K, used 24206K [0x00000000d6f00000, 0x00000000d9800000, 0x0000000100000000)
  eden space 31744K, 76% used [0x00000000d6f00000,0x00000000d86a3be0,0x00000000d8e00000)
  from space 5120K, 0% used [0x00000000d9300000,0x00000000d9300000,0x00000000d9800000)
  to   space 5120K, 0% used [0x00000000d8e00000,0x00000000d8e00000,0x00000000d9300000)
 ParOldGen       total 84992K, used 0K [0x0000000084c00000, 0x0000000089f00000, 0x00000000d6f00000)
  object space 84992K, 0% used [0x0000000084c00000,0x0000000084c00000,0x0000000089f00000)
 Metaspace       used 19346K, capacity 19534K, committed 19584K, reserved 1067008K
  class space    used 2345K, capacity 2415K, committed 2432K, reserved 1048576K

Card table byte_map: [0x00007f1583e0a000,0x00007f15841e5000] byte_map_base: 0x00007f15839e4000

Marking Bits: (ParMarkBitMap*) 0x00007f1599a46c80
 Begin Bits: [0x00007f1570260000, 0x00007f1572130000)
 End Bits:   [0x00007f1572130000, 0x00007f1574000000)

Polling page: 0x00007f159a696000

CodeCache: size=245760Kb used=3774Kb max_used=3785Kb free=241985Kb
 bounds [0x00007f15845a5000, 0x00007f1584965000, 0x00007f15935a5000]
 total_blobs=1767 nmethods=1154 adapters=526
 compilation: enabled

Compilation events (10 events):
Event: 958,650 Thread 0x00007f15940bd000 1150       3       java.util.Vector::<init> (53 bytes)
Event: 958,650 Thread 0x00007f15940bd000 nmethod 1150 0x00007f1584955190 code [0x00007f1584955340, 0x00007f15849557f8]
Event: 1761,033 Thread 0x00007f15940b8800 1151   !   4       sun.awt.X11.XToolkit::callTimeoutTasks (220 bytes)
Event: 1761,035 Thread 0x00007f15940b8800 nmethod 1151 0x00007f1584950f10 code [0x00007f15849510a0, 0x00007f1584951298]
Event: 2212,998 Thread 0x00007f15940bb800 1152   !   4       sun.awt.X11.XToolkit::getNextTaskTime (55 bytes)
Event: 2213,002 Thread 0x00007f15940bb800 nmethod 1152 0x00007f15849505d0 code [0x00007f1584950760, 0x00007f1584950aa8]
Event: 11208,512 Thread 0x00007f15940bb800 1153       4       java.util.TreeMap::getEntry (84 bytes)
Event: 11208,517 Thread 0x00007f15940bb800 nmethod 1153 0x00007f1584957a50 code [0x00007f1584957bc0, 0x00007f1584957f78]
Event: 13268,339 Thread 0x00007f15940bd000 1154       1       sun.awt.X11.XEvent::getPData (5 bytes)
Event: 13268,340 Thread 0x00007f15940bd000 nmethod 1154 0x00007f1584957790 code [0x00007f15849578e0, 0x00007f15849579f0]

GC Heap History (0 events):
No events

Deoptimization events (10 events):
Event: 1,956 Thread 0x00007f1594009800 Uncommon trap: reason=bimorphic action=maybe_recompile pc=0x00007f15847cc5f8 method=java.util.Properties$LineReader.readLine()I @ 62
Event: 1,956 Thread 0x00007f1594009800 Uncommon trap: reason=bimorphic action=maybe_recompile pc=0x00007f15847cc5f8 method=java.util.Properties$LineReader.readLine()I @ 62
Event: 1,956 Thread 0x00007f1594009800 Uncommon trap: reason=unstable_if action=reinterpret pc=0x00007f1584751c1c method=java.lang.String.<init>([CII)V @ 18
Event: 1,956 Thread 0x00007f1594009800 Uncommon trap: reason=bimorphic action=maybe_recompile pc=0x00007f15847cc5f8 method=java.util.Properties$LineReader.readLine()I @ 62
Event: 1,959 Thread 0x00007f1594009800 Uncommon trap: reason=bimorphic action=maybe_recompile pc=0x00007f1584755170 method=java.util.Properties$LineReader.readLine()I @ 62
Event: 4,308 Thread 0x00007f15942dd000 Uncommon trap: reason=class_check action=maybe_recompile pc=0x00007f15847224f0 method=java.lang.String.equals(Ljava/lang/Object;)Z @ 8
Event: 4,308 Thread 0x00007f15942dd000 Uncommon trap: reason=class_check action=maybe_recompile pc=0x00007f15847224f0 method=java.lang.String.equals(Ljava/lang/Object;)Z @ 8
Event: 4,496 Thread 0x00007f15942dd000 Uncommon trap: reason=class_check action=maybe_recompile pc=0x00007f15847224f0 method=java.lang.String.equals(Ljava/lang/Object;)Z @ 8
Event: 4,496 Thread 0x00007f15942dd000 Uncommon trap: reason=class_check action=maybe_recompile pc=0x00007f15847224f0 method=java.lang.String.equals(Ljava/lang/Object;)Z @ 8
Event: 5,429 Thread 0x00007f15942dd000 Uncommon trap: reason=unstable_if action=reinterpret pc=0x00007f15849197c8 method=sun.misc.MetaIndex.mayContain(Ljava/lang/String;)Z @ 38

Internal exceptions (10 events):
Event: 1,921 Thread 0x00007f1594009800 Exception <a 'java/lang/ArrayIndexOutOfBoundsException'> (0x00000000d76b1c20) thrown at [/HUDSON3/workspace/8-2-build-linux-amd64/jdk8u121/8372/hotspot/src/share/vm/runtime/sharedRuntime.cpp, line 605]
Event: 1,922 Thread 0x00007f1594009800 Exception <a 'java/lang/ArrayIndexOutOfBoundsException'> (0x00000000d76b3480) thrown at [/HUDSON3/workspace/8-2-build-linux-amd64/jdk8u121/8372/hotspot/src/share/vm/runtime/sharedRuntime.cpp, line 605]
Event: 1,928 Thread 0x00007f1594009800 Exception <a 'java/lang/ArrayIndexOutOfBoundsException'> (0x00000000d76db2d0) thrown at [/HUDSON3/workspace/8-2-build-linux-amd64/jdk8u121/8372/hotspot/src/share/vm/runtime/sharedRuntime.cpp, line 605]
Event: 1,928 Thread 0x00007f1594009800 Exception <a 'java/lang/ArrayIndexOutOfBoundsException'> (0x00000000d76dc538) thrown at [/HUDSON3/workspace/8-2-build-linux-amd64/jdk8u121/8372/hotspot/src/share/vm/runtime/sharedRuntime.cpp, line 605]
Event: 1,929 Thread 0x00007f1594009800 Exception <a 'java/lang/ArrayIndexOutOfBoundsException'> (0x00000000d76ddb60) thrown at [/HUDSON3/workspace/8-2-build-linux-amd64/jdk8u121/8372/hotspot/src/share/vm/runtime/sharedRuntime.cpp, line 605]
Event: 1,934 Thread 0x00007f1594009800 Exception <a 'java/lang/ArrayIndexOutOfBoundsException'> (0x00000000d7703690) thrown at [/HUDSON3/workspace/8-2-build-linux-amd64/jdk8u121/8372/hotspot/src/share/vm/runtime/sharedRuntime.cpp, line 605]
Event: 1,936 Thread 0x00007f1594009800 Exception <a 'java/lang/ArrayIndexOutOfBoundsException'> (0x00000000d7711aa8) thrown at [/HUDSON3/workspace/8-2-build-linux-amd64/jdk8u121/8372/hotspot/src/share/vm/runtime/sharedRuntime.cpp, line 605]
Event: 2,358 Thread 0x00007f15942dd000 Exception <a 'java/lang/UnsupportedOperationException': > (0x00000000d7578df8) thrown at [/HUDSON3/workspace/8-2-build-linux-amd64/jdk8u121/8372/hotspot/src/share/vm/prims/jni.cpp, line 735]
Event: 5,430 Thread 0x00007f15942dd000 Exception <a 'java/lang/NullPointerException'> (0x00000000d8444690) thrown at [/HUDSON3/workspace/8-2-build-linux-amd64/jdk8u121/8372/hotspot/src/share/vm/interpreter/linkResolver.cpp, line 1178]
Event: 5,520 Thread 0x00007f15942dd000 Exception <a 'java/lang/UnsupportedOperationException': > (0x00000000d846bcc0) thrown at [/HUDSON3/workspace/8-2-build-linux-amd64/jdk8u121/8372/hotspot/src/share/vm/prims/jni.cpp, line 735]

Events (10 events):
Event: 5,453 Executing VM operation: RevokeBias done
Event: 10,433 Executing VM operation: RevokeBias
Event: 10,433 Executing VM operation: RevokeBias done
Event: 10,433 Thread 0x00007f15342c0000 Thread exited: 0x00007f15342c0000
Event: 1223,154 loading class sun/awt/X11/XkbEvent
Event: 1223,154 loading class sun/awt/X11/XkbEvent done
Event: 1223,154 loading class sun/awt/X11/XkbAnyEvent
Event: 1223,154 loading class sun/awt/X11/XkbAnyEvent done
Event: 14888,416 loading class sun/misc/Signal$1
Event: 14888,432 loading class sun/misc/Signal$1 done


Dynamic libraries:
00400000-00401000 r-xp 00000000 08:01 8261504                            /usr/lib/jvm/java-8-oracle/bin/java
00600000-00601000 rw-p 00000000 08:01 8261504                            /usr/lib/jvm/java-8-oracle/bin/java
00892000-008b3000 rw-p 00000000 00:00 0                                  [heap]
84c00000-89f00000 rw-p 00000000 00:00 0 
89f00000-d6f00000 ---p 00000000 00:00 0 
d6f00000-d9800000 rw-p 00000000 00:00 0 
d9800000-100000000 ---p 00000000 00:00 0 
100000000-100260000 rw-p 00000000 00:00 0 
100260000-140000000 ---p 00000000 00:00 0 
7f1528000000-7f1528021000 rw-p 00000000 00:00 0 
7f1528021000-7f152c000000 ---p 00000000 00:00 0 
7f1530000000-7f1530021000 rw-p 00000000 00:00 0 
7f1530021000-7f1534000000 ---p 00000000 00:00 0 
7f1534000000-7f15342ce000 rw-p 00000000 00:00 0 
7f15342ce000-7f1538000000 ---p 00000000 00:00 0 
7f1538000000-7f1538291000 rw-p 00000000 00:00 0 
7f1538291000-7f153c000000 ---p 00000000 00:00 0 
7f153c000000-7f153c021000 rw-p 00000000 00:00 0 
7f153c021000-7f1540000000 ---p 00000000 00:00 0 
7f1540000000-7f1540021000 rw-p 00000000 00:00 0 
7f1540021000-7f1544000000 ---p 00000000 00:00 0 
7f1544000000-7f1544021000 rw-p 00000000 00:00 0 
7f1544021000-7f1548000000 ---p 00000000 00:00 0 
7f1548c43000-7f1548d03000 rw-p 00000000 00:00 0 
7f1548d03000-7f1548e43000 ---p 00000000 00:00 0 
7f1548e43000-7f1548e46000 ---p 00000000 00:00 0 
7f1548e46000-7f1549144000 rw-p 00000000 00:00 0 
7f1549144000-7f154915b000 r-xp 00000000 08:01 2101590                    /lib/x86_64-linux-gnu/libresolv-2.23.so
7f154915b000-7f154935b000 ---p 00017000 08:01 2101590                    /lib/x86_64-linux-gnu/libresolv-2.23.so
7f154935b000-7f154935c000 r--p 00017000 08:01 2101590                    /lib/x86_64-linux-gnu/libresolv-2.23.so
7f154935c000-7f154935d000 rw-p 00018000 08:01 2101590                    /lib/x86_64-linux-gnu/libresolv-2.23.so
7f154935d000-7f154935f000 rw-p 00000000 00:00 0 
7f154935f000-7f1549364000 r-xp 00000000 08:01 2101727                    /lib/x86_64-linux-gnu/libnss_dns-2.23.so
7f1549364000-7f1549564000 ---p 00005000 08:01 2101727                    /lib/x86_64-linux-gnu/libnss_dns-2.23.so
7f1549564000-7f1549565000 r--p 00005000 08:01 2101727                    /lib/x86_64-linux-gnu/libnss_dns-2.23.so
7f1549565000-7f1549566000 rw-p 00006000 08:01 2101727                    /lib/x86_64-linux-gnu/libnss_dns-2.23.so
7f1549566000-7f1549568000 r-xp 00000000 08:01 2101813                    /lib/x86_64-linux-gnu/libnss_mdns4_minimal.so.2
7f1549568000-7f1549767000 ---p 00002000 08:01 2101813                    /lib/x86_64-linux-gnu/libnss_mdns4_minimal.so.2
7f1549767000-7f1549768000 r--p 00001000 08:01 2101813                    /lib/x86_64-linux-gnu/libnss_mdns4_minimal.so.2
7f1549768000-7f1549769000 rw-p 00002000 08:01 2101813                    /lib/x86_64-linux-gnu/libnss_mdns4_minimal.so.2
7f1549769000-7f1549969000 rw-p 00000000 00:00 0 
7f1549969000-7f1549972000 r-xp 00000000 08:01 8398527                    /usr/lib/jvm/java-8-oracle/jre/lib/amd64/libmanagement.so
7f1549972000-7f1549b71000 ---p 00009000 08:01 8398527                    /usr/lib/jvm/java-8-oracle/jre/lib/amd64/libmanagement.so
7f1549b71000-7f1549b72000 rw-p 00008000 08:01 8398527                    /usr/lib/jvm/java-8-oracle/jre/lib/amd64/libmanagement.so
7f1549b72000-7f1549d72000 rw-p 00000000 00:00 0 
7f1549d72000-7f1549d75000 ---p 00000000 00:00 0 
7f1549d75000-7f1549e73000 rw-p 00000000 00:00 0 
7f1549e73000-7f1549e76000 ---p 00000000 00:00 0 
7f1549e76000-7f154a174000 rw-p 00000000 00:00 0 
7f154a174000-7f154a177000 ---p 00000000 00:00 0 
7f154a177000-7f154a275000 rw-p 00000000 00:00 0 
7f154a275000-7f154a2de000 r-xp 00000000 08:01 8398996                    /usr/lib/jvm/java-8-oracle/jre/lib/amd64/libt2k.so
7f154a2de000-7f154a4de000 ---p 00069000 08:01 8398996                    /usr/lib/jvm/java-8-oracle/jre/lib/amd64/libt2k.so
7f154a4de000-7f154a4e5000 rw-p 00069000 08:01 8398996                    /usr/lib/jvm/java-8-oracle/jre/lib/amd64/libt2k.so
7f154a4e5000-7f154a4f5000 rw-p 00000000 00:00 0 
7f154a4f5000-7f154a506000 r-xp 00000000 08:01 8398516                    /usr/lib/jvm/java-8-oracle/jre/lib/amd64/libnio.so
7f154a506000-7f154a705000 ---p 00011000 08:01 8398516                    /usr/lib/jvm/java-8-oracle/jre/lib/amd64/libnio.so
7f154a705000-7f154a706000 rw-p 00010000 08:01 8398516                    /usr/lib/jvm/java-8-oracle/jre/lib/amd64/libnio.so
7f154a706000-7f154aa07000 rw-p 00000000 00:00 0 
7f154aa07000-7f154aa1d000 r-xp 00000000 08:01 8398175                    /usr/lib/jvm/java-8-oracle/jre/lib/amd64/libnet.so
7f154aa1d000-7f154ac1d000 ---p 00016000 08:01 8398175                    /usr/lib/jvm/java-8-oracle/jre/lib/amd64/libnet.so
7f154ac1d000-7f154ac1e000 rw-p 00016000 08:01 8398175                    /usr/lib/jvm/java-8-oracle/jre/lib/amd64/libnet.so
7f154ac1e000-7f154ac21000 ---p 00000000 00:00 0 
7f154ac21000-7f154ad1f000 rw-p 00000000 00:00 0 
7f154ad1f000-7f154ad24000 r-xp 00000000 08:01 7872511                    /usr/lib/x86_64-linux-gnu/libXfixes.so.3.1.0
7f154ad24000-7f154af23000 ---p 00005000 08:01 7872511                    /usr/lib/x86_64-linux-gnu/libXfixes.so.3.1.0
7f154af23000-7f154af24000 r--p 00004000 08:01 7872511                    /usr/lib/x86_64-linux-gnu/libXfixes.so.3.1.0
7f154af24000-7f154af25000 rw-p 00005000 08:01 7872511                    /usr/lib/x86_64-linux-gnu/libXfixes.so.3.1.0
7f154af25000-7f154af2e000 r-xp 00000000 08:01 7872503                    /usr/lib/x86_64-linux-gnu/libXcursor.so.1.0.2
7f154af2e000-7f154b12d000 ---p 00009000 08:01 7872503                    /usr/lib/x86_64-linux-gnu/libXcursor.so.1.0.2
7f154b12d000-7f154b12e000 r--p 00008000 08:01 7872503                    /usr/lib/x86_64-linux-gnu/libXcursor.so.1.0.2
7f154b12e000-7f154b12f000 rw-p 00009000 08:01 7872503                    /usr/lib/x86_64-linux-gnu/libXcursor.so.1.0.2
7f154b12f000-7f154b145000 r-xp 00000000 08:01 2101746                    /lib/x86_64-linux-gnu/libgcc_s.so.1
7f154b145000-7f154b344000 ---p 00016000 08:01 2101746                    /lib/x86_64-linux-gnu/libgcc_s.so.1
7f154b344000-7f154b345000 rw-p 00015000 08:01 2101746                    /lib/x86_64-linux-gnu/libgcc_s.so.1
7f154b345000-7f154b3aa000 r-xp 00000000 08:01 8398448                    /usr/lib/jvm/java-8-oracle/jre/lib/amd64/libfontmanager.so
7f154b3aa000-7f154b5a9000 ---p 00065000 08:01 8398448                    /usr/lib/jvm/java-8-oracle/jre/lib/amd64/libfontmanager.so
7f154b5a9000-7f154b5ae000 rw-p 00064000 08:01 8398448                    /usr/lib/jvm/java-8-oracle/jre/lib/amd64/libfontmanager.so
7f154b5ae000-7f154b5be000 rw-p 00000000 00:00 0 
7f154b5be000-7f154b5c3000 r-xp 00000000 08:01 7872507                    /usr/lib/x86_64-linux-gnu/libXdmcp.so.6.0.0
7f154b5c3000-7f154b7c2000 ---p 00005000 08:01 7872507                    /usr/lib/x86_64-linux-gnu/libXdmcp.so.6.0.0
7f154b7c2000-7f154b7c3000 r--p 00004000 08:01 7872507                    /usr/lib/x86_64-linux-gnu/libXdmcp.so.6.0.0
7f154b7c3000-7f154b7c4000 rw-p 00005000 08:01 7872507                    /usr/lib/x86_64-linux-gnu/libXdmcp.so.6.0.0
7f154b7c4000-7f154b7c6000 r-xp 00000000 08:01 7872496                    /usr/lib/x86_64-linux-gnu/libXau.so.6.0.0
7f154b7c6000-7f154b9c6000 ---p 00002000 08:01 7872496                    /usr/lib/x86_64-linux-gnu/libXau.so.6.0.0
7f154b9c6000-7f154b9c7000 r--p 00002000 08:01 7872496                    /usr/lib/x86_64-linux-gnu/libXau.so.6.0.0
7f154b9c7000-7f154b9c8000 rw-p 00003000 08:01 7872496                    /usr/lib/x86_64-linux-gnu/libXau.so.6.0.0
7f154b9c8000-7f154b9e9000 r-xp 00000000 08:01 7873905                    /usr/lib/x86_64-linux-gnu/libxcb.so.1.1.0
7f154b9e9000-7f154bbe8000 ---p 00021000 08:01 7873905                    /usr/lib/x86_64-linux-gnu/libxcb.so.1.1.0
7f154bbe8000-7f154bbe9000 r--p 00020000 08:01 7873905                    /usr/lib/x86_64-linux-gnu/libxcb.so.1.1.0
7f154bbe9000-7f154bbea000 rw-p 00021000 08:01 7873905                    /usr/lib/x86_64-linux-gnu/libxcb.so.1.1.0
7f154bbea000-7f154bbf9000 r-xp 00000000 08:01 7872517                    /usr/lib/x86_64-linux-gnu/libXi.so.6.1.0
7f154bbf9000-7f154bdf8000 ---p 0000f000 08:01 7872517                    /usr/lib/x86_64-linux-gnu/libXi.so.6.1.0
7f154bdf8000-7f154bdf9000 r--p 0000e000 08:01 7872517                    /usr/lib/x86_64-linux-gnu/libXi.so.6.1.0
7f154bdf9000-7f154bdfa000 rw-p 0000f000 08:01 7872517                    /usr/lib/x86_64-linux-gnu/libXi.so.6.1.0
7f154bdfa000-7f154bdff000 r-xp 00000000 08:01 7872535                    /usr/lib/x86_64-linux-gnu/libXtst.so.6.1.0
7f154bdff000-7f154bffe000 ---p 00005000 08:01 7872535                    /usr/lib/x86_64-linux-gnu/libXtst.so.6.1.0
7f154bffe000-7f154bfff000 r--p 00004000 08:01 7872535                    /usr/lib/x86_64-linux-gnu/libXtst.so.6.1.0
7f154bfff000-7f154c000000 rw-p 00005000 08:01 7872535                    /usr/lib/x86_64-linux-gnu/libXtst.so.6.1.0
7f154c000000-7f154c511000 rw-p 00000000 00:00 0 
7f154c511000-7f1550000000 ---p 00000000 00:00 0 
7f1550000000-7f1550021000 rw-p 00000000 00:00 0 
7f1550021000-7f1554000000 ---p 00000000 00:00 0 
7f1554000000-7f155415a000 rw-p 00000000 00:00 0 
7f155415a000-7f1558000000 ---p 00000000 00:00 0 
7f1558000000-7f15582dd000 rw-p 00000000 00:00 0 
7f15582dd000-7f155c000000 ---p 00000000 00:00 0 
7f155c000000-7f155c021000 rw-p 00000000 00:00 0 
7f155c021000-7f1560000000 ---p 00000000 00:00 0 
7f1560000000-7f1560021000 rw-p 00000000 00:00 0 
7f1560021000-7f1564000000 ---p 00000000 00:00 0 
7f1564000000-7f1564021000 rw-p 00000000 00:00 0 
7f1564021000-7f1568000000 ---p 00000000 00:00 0 
7f1568000000-7f1568021000 rw-p 00000000 00:00 0 
7f1568021000-7f156c000000 ---p 00000000 00:00 0 
7f156c000000-7f156c021000 rw-p 00000000 00:00 0 
7f156c021000-7f1570000000 ---p 00000000 00:00 0 
7f1570056000-7f157005f000 r-xp 00000000 08:01 7872529                    /usr/lib/x86_64-linux-gnu/libXrender.so.1.3.0
7f157005f000-7f157025e000 ---p 00009000 08:01 7872529                    /usr/lib/x86_64-linux-gnu/libXrender.so.1.3.0
7f157025e000-7f157025f000 r--p 00008000 08:01 7872529                    /usr/lib/x86_64-linux-gnu/libXrender.so.1.3.0
7f157025f000-7f1570260000 rw-p 00009000 08:01 7872529                    /usr/lib/x86_64-linux-gnu/libXrender.so.1.3.0
7f1570260000-7f1574000000 rw-p 00000000 00:00 0 
7f1574000000-7f1574021000 rw-p 00000000 00:00 0 
7f1574021000-7f1578000000 ---p 00000000 00:00 0 
7f1578000000-7f1578021000 rw-p 00000000 00:00 0 
7f1578021000-7f157c000000 ---p 00000000 00:00 0 
7f157c000000-7f157c021000 rw-p 00000000 00:00 0 
7f157c021000-7f1580000000 ---p 00000000 00:00 0 
7f158005f000-7f158007b000 r--s 00393000 08:01 8399016                    /usr/lib/jvm/java-8-oracle/jre/lib/ext/cldrdata.jar
7f158007b000-7f158007e000 ---p 00000000 00:00 0 
7f158007e000-7f158017c000 rw-p 00000000 00:00 0 
7f158017c000-7f15801a1000 r--p 00000000 08:01 9201922                    /usr/share/locale-langpack/es/LC_MESSAGES/libc.mo
7f15801a1000-7f15802d6000 r-xp 00000000 08:01 7872492                    /usr/lib/x86_64-linux-gnu/libX11.so.6.3.0
7f15802d6000-7f15804d6000 ---p 00135000 08:01 7872492                    /usr/lib/x86_64-linux-gnu/libX11.so.6.3.0
7f15804d6000-7f15804d7000 r--p 00135000 08:01 7872492                    /usr/lib/x86_64-linux-gnu/libX11.so.6.3.0
7f15804d7000-7f15804db000 rw-p 00136000 08:01 7872492                    /usr/lib/x86_64-linux-gnu/libX11.so.6.3.0
7f15804db000-7f15804ec000 r-xp 00000000 08:01 7872509                    /usr/lib/x86_64-linux-gnu/libXext.so.6.4.0
7f15804ec000-7f15806eb000 ---p 00011000 08:01 7872509                    /usr/lib/x86_64-linux-gnu/libXext.so.6.4.0
7f15806eb000-7f15806ec000 r--p 00010000 08:01 7872509                    /usr/lib/x86_64-linux-gnu/libXext.so.6.4.0
7f15806ec000-7f15806ed000 rw-p 00011000 08:01 7872509                    /usr/lib/x86_64-linux-gnu/libXext.so.6.4.0
7f15806f3000-7f158070a000 r--s 00280000 08:11 5374230                    /media/osoler/HDD2/WORKSAPACE/Sudoku/lib/ojdbc6.jar
7f158070a000-7f158075e000 r-xp 00000000 08:01 8398518                    /usr/lib/jvm/java-8-oracle/jre/lib/amd64/libawt_xawt.so
7f158075e000-7f158095e000 ---p 00054000 08:01 8398518                    /usr/lib/jvm/java-8-oracle/jre/lib/amd64/libawt_xawt.so
7f158095e000-7f1580962000 rw-p 00054000 08:01 8398518                    /usr/lib/jvm/java-8-oracle/jre/lib/amd64/libawt_xawt.so
7f1580962000-7f1580963000 rw-p 00000000 00:00 0 
7f1580963000-7f1580a05000 r-xp 00000000 08:01 8398999                    /usr/lib/jvm/java-8-oracle/jre/lib/amd64/libawt.so
7f1580a05000-7f1580c05000 ---p 000a2000 08:01 8398999                    /usr/lib/jvm/java-8-oracle/jre/lib/amd64/libawt.so
7f1580c05000-7f1580c11000 rw-p 000a2000 08:01 8398999                    /usr/lib/jvm/java-8-oracle/jre/lib/amd64/libawt.so
7f1580c11000-7f1580c35000 rw-p 00000000 00:00 0 
7f1580c35000-7f1580c36000 ---p 00000000 00:00 0 
7f1580c36000-7f1580d36000 rw-p 00000000 00:00 0 
7f1580d36000-7f1580d39000 ---p 00000000 00:00 0 
7f1580d39000-7f1580e37000 rw-p 00000000 00:00 0 
7f1580e37000-7f1580e3a000 ---p 00000000 00:00 0 
7f1580e3a000-7f1580f38000 rw-p 00000000 00:00 0 
7f1580f38000-7f1580f3b000 ---p 00000000 00:00 0 
7f1580f3b000-7f1581039000 rw-p 00000000 00:00 0 
7f1581039000-7f158103c000 ---p 00000000 00:00 0 
7f158103c000-7f158113a000 rw-p 00000000 00:00 0 
7f158113a000-7f158113d000 ---p 00000000 00:00 0 
7f158113d000-7f158123b000 rw-p 00000000 00:00 0 
7f158123b000-7f1581788000 r--p 00000000 08:01 7864510                    /usr/lib/locale/locale-archive
7f1581788000-7f158178b000 ---p 00000000 00:00 0 
7f158178b000-7f1581889000 rw-p 00000000 00:00 0 
7f1581889000-7f158188c000 ---p 00000000 00:00 0 
7f158188c000-7f158198a000 rw-p 00000000 00:00 0 
7f158198a000-7f158198b000 ---p 00000000 00:00 0 
7f158198b000-7f1582a4c000 rw-p 00000000 00:00 0 
7f1582a4c000-7f1582c25000 r--s 03d3e000 08:01 8261549                    /usr/lib/jvm/java-8-oracle/jre/lib/rt.jar
7f1582c25000-7f1583875000 rw-p 00000000 00:00 0 
7f1583875000-7f1583876000 ---p 00000000 00:00 0 
7f1583876000-7f1583976000 rw-p 00000000 00:00 0 
7f1583976000-7f1583977000 ---p 00000000 00:00 0 
7f1583977000-7f1583a77000 rw-p 00000000 00:00 0 
7f1583a77000-7f1583a78000 ---p 00000000 00:00 0 
7f1583a78000-7f1583ba2000 rw-p 00000000 00:00 0 
7f1583ba2000-7f1583e0a000 ---p 00000000 00:00 0 
7f1583e0a000-7f1583e34000 rw-p 00000000 00:00 0 
7f1583e34000-7f158409b000 ---p 00000000 00:00 0 
7f158409b000-7f15840b0000 rw-p 00000000 00:00 0 
7f15840b0000-7f15841e4000 ---p 00000000 00:00 0 
7f15841e4000-7f15841f4000 rw-p 00000000 00:00 0 
7f15841f4000-7f15845a5000 ---p 00000000 00:00 0 
7f15845a5000-7f1584965000 rwxp 00000000 00:00 0 
7f1584965000-7f15935a5000 ---p 00000000 00:00 0 
7f15935a5000-7f15935bf000 r-xp 00000000 08:01 8398514                    /usr/lib/jvm/java-8-oracle/jre/lib/amd64/libzip.so
7f15935bf000-7f15937bf000 ---p 0001a000 08:01 8398514                    /usr/lib/jvm/java-8-oracle/jre/lib/amd64/libzip.so
7f15937bf000-7f15937c0000 rw-p 0001a000 08:01 8398514                    /usr/lib/jvm/java-8-oracle/jre/lib/amd64/libzip.so
7f15937c0000-7f15937cb000 r-xp 00000000 08:01 2097242                    /lib/x86_64-linux-gnu/libnss_files-2.23.so
7f15937cb000-7f15939ca000 ---p 0000b000 08:01 2097242                    /lib/x86_64-linux-gnu/libnss_files-2.23.so
7f15939ca000-7f15939cb000 r--p 0000a000 08:01 2097242                    /lib/x86_64-linux-gnu/libnss_files-2.23.so
7f15939cb000-7f15939cc000 rw-p 0000b000 08:01 2097242                    /lib/x86_64-linux-gnu/libnss_files-2.23.so
7f15939cc000-7f15939d2000 rw-p 00000000 00:00 0 
7f15939d2000-7f15939dd000 r-xp 00000000 08:01 2097235                    /lib/x86_64-linux-gnu/libnss_nis-2.23.so
7f15939dd000-7f1593bdc000 ---p 0000b000 08:01 2097235                    /lib/x86_64-linux-gnu/libnss_nis-2.23.so
7f1593bdc000-7f1593bdd000 r--p 0000a000 08:01 2097235                    /lib/x86_64-linux-gnu/libnss_nis-2.23.so
7f1593bdd000-7f1593bde000 rw-p 0000b000 08:01 2097235                    /lib/x86_64-linux-gnu/libnss_nis-2.23.so
7f1593bde000-7f1593bf4000 r-xp 00000000 08:01 2097237                    /lib/x86_64-linux-gnu/libnsl-2.23.so
7f1593bf4000-7f1593df3000 ---p 00016000 08:01 2097237                    /lib/x86_64-linux-gnu/libnsl-2.23.so
7f1593df3000-7f1593df4000 r--p 00015000 08:01 2097237                    /lib/x86_64-linux-gnu/libnsl-2.23.so
7f1593df4000-7f1593df5000 rw-p 00016000 08:01 2097237                    /lib/x86_64-linux-gnu/libnsl-2.23.so
7f1593df5000-7f1593df7000 rw-p 00000000 00:00 0 
7f1593df7000-7f1593dff000 r-xp 00000000 08:01 2097244                    /lib/x86_64-linux-gnu/libnss_compat-2.23.so
7f1593dff000-7f1593ffe000 ---p 00008000 08:01 2097244                    /lib/x86_64-linux-gnu/libnss_compat-2.23.so
7f1593ffe000-7f1593fff000 r--p 00007000 08:01 2097244                    /lib/x86_64-linux-gnu/libnss_compat-2.23.so
7f1593fff000-7f1594000000 rw-p 00008000 08:01 2097244                    /lib/x86_64-linux-gnu/libnss_compat-2.23.so
7f1594000000-7f15948bd000 rw-p 00000000 00:00 0 
7f15948bd000-7f1598000000 ---p 00000000 00:00 0 
7f1598002000-7f1598015000 r--s 00345000 08:01 8261569                    /usr/lib/jvm/java-8-oracle/jre/lib/resources.jar
7f1598015000-7f1598036000 rw-p 00000000 00:00 0 
7f1598036000-7f1598037000 ---p 00000000 00:00 0 
7f1598037000-7f1598137000 rw-p 00000000 00:00 0 
7f1598137000-7f1598162000 r-xp 00000000 08:01 8398989                    /usr/lib/jvm/java-8-oracle/jre/lib/amd64/libjava.so
7f1598162000-7f1598361000 ---p 0002b000 08:01 8398989                    /usr/lib/jvm/java-8-oracle/jre/lib/amd64/libjava.so
7f1598361000-7f1598363000 rw-p 0002a000 08:01 8398989                    /usr/lib/jvm/java-8-oracle/jre/lib/amd64/libjava.so
7f1598363000-7f1598370000 r-xp 00000000 08:01 8398176                    /usr/lib/jvm/java-8-oracle/jre/lib/amd64/libverify.so
7f1598370000-7f159856f000 ---p 0000d000 08:01 8398176                    /usr/lib/jvm/java-8-oracle/jre/lib/amd64/libverify.so
7f159856f000-7f1598571000 rw-p 0000c000 08:01 8398176                    /usr/lib/jvm/java-8-oracle/jre/lib/amd64/libverify.so
7f1598571000-7f1598578000 r-xp 00000000 08:01 2097245                    /lib/x86_64-linux-gnu/librt-2.23.so
7f1598578000-7f1598777000 ---p 00007000 08:01 2097245                    /lib/x86_64-linux-gnu/librt-2.23.so
7f1598777000-7f1598778000 r--p 00006000 08:01 2097245                    /lib/x86_64-linux-gnu/librt-2.23.so
7f1598778000-7f1598779000 rw-p 00007000 08:01 2097245                    /lib/x86_64-linux-gnu/librt-2.23.so
7f1598779000-7f1598881000 r-xp 00000000 08:01 2097236                    /lib/x86_64-linux-gnu/libm-2.23.so
7f1598881000-7f1598a80000 ---p 00108000 08:01 2097236                    /lib/x86_64-linux-gnu/libm-2.23.so
7f1598a80000-7f1598a81000 r--p 00107000 08:01 2097236                    /lib/x86_64-linux-gnu/libm-2.23.so
7f1598a81000-7f1598a82000 rw-p 00108000 08:01 2097236                    /lib/x86_64-linux-gnu/libm-2.23.so
7f1598a82000-7f1599750000 r-xp 00000000 08:01 8398993                    /usr/lib/jvm/java-8-oracle/jre/lib/amd64/server/libjvm.so
7f1599750000-7f1599950000 ---p 00cce000 08:01 8398993                    /usr/lib/jvm/java-8-oracle/jre/lib/amd64/server/libjvm.so
7f1599950000-7f1599a29000 rw-p 00cce000 08:01 8398993                    /usr/lib/jvm/java-8-oracle/jre/lib/amd64/server/libjvm.so
7f1599a29000-7f1599a74000 rw-p 00000000 00:00 0 
7f1599a74000-7f1599c33000 r-xp 00000000 08:01 2097238                    /lib/x86_64-linux-gnu/libc-2.23.so
7f1599c33000-7f1599e33000 ---p 001bf000 08:01 2097238                    /lib/x86_64-linux-gnu/libc-2.23.so
7f1599e33000-7f1599e37000 r--p 001bf000 08:01 2097238                    /lib/x86_64-linux-gnu/libc-2.23.so
7f1599e37000-7f1599e39000 rw-p 001c3000 08:01 2097238                    /lib/x86_64-linux-gnu/libc-2.23.so
7f1599e39000-7f1599e3d000 rw-p 00000000 00:00 0 
7f1599e3d000-7f1599e40000 r-xp 00000000 08:01 2097177                    /lib/x86_64-linux-gnu/libdl-2.23.so
7f1599e40000-7f159a03f000 ---p 00003000 08:01 2097177                    /lib/x86_64-linux-gnu/libdl-2.23.so
7f159a03f000-7f159a040000 r--p 00002000 08:01 2097177                    /lib/x86_64-linux-gnu/libdl-2.23.so
7f159a040000-7f159a041000 rw-p 00003000 08:01 2097177                    /lib/x86_64-linux-gnu/libdl-2.23.so
7f159a041000-7f159a056000 r-xp 00000000 08:01 8001894                    /usr/lib/jvm/java-8-oracle/lib/amd64/jli/libjli.so
7f159a056000-7f159a256000 ---p 00015000 08:01 8001894                    /usr/lib/jvm/java-8-oracle/lib/amd64/jli/libjli.so
7f159a256000-7f159a257000 rw-p 00015000 08:01 8001894                    /usr/lib/jvm/java-8-oracle/lib/amd64/jli/libjli.so
7f159a257000-7f159a26f000 r-xp 00000000 08:01 2097249                    /lib/x86_64-linux-gnu/libpthread-2.23.so
7f159a26f000-7f159a46e000 ---p 00018000 08:01 2097249                    /lib/x86_64-linux-gnu/libpthread-2.23.so
7f159a46e000-7f159a46f000 r--p 00017000 08:01 2097249                    /lib/x86_64-linux-gnu/libpthread-2.23.so
7f159a46f000-7f159a470000 rw-p 00018000 08:01 2097249                    /lib/x86_64-linux-gnu/libpthread-2.23.so
7f159a470000-7f159a474000 rw-p 00000000 00:00 0 
7f159a474000-7f159a49a000 r-xp 00000000 08:01 2097239                    /lib/x86_64-linux-gnu/ld-2.23.so
7f159a4a6000-7f159a4aa000 r--s 0009a000 08:01 8261530                    /usr/lib/jvm/java-8-oracle/jre/lib/jsse.jar
7f159a4aa000-7f159a575000 rw-p 00000000 00:00 0 
7f159a575000-7f159a578000 ---p 00000000 00:00 0 
7f159a578000-7f159a67a000 rw-p 00000000 00:00 0 
7f159a67c000-7f159a686000 r--s 00116000 08:01 8399013                    /usr/lib/jvm/java-8-oracle/jre/lib/ext/localedata.jar
7f159a686000-7f159a68d000 r--s 00000000 08:01 8132571                    /usr/lib/x86_64-linux-gnu/gconv/gconv-modules.cache
7f159a68d000-7f159a695000 rw-s 00000000 08:01 14024737                   /tmp/hsperfdata_osoler/13778
7f159a695000-7f159a696000 rw-p 00000000 00:00 0 
7f159a696000-7f159a697000 r--p 00000000 00:00 0 
7f159a697000-7f159a699000 rw-p 00000000 00:00 0 
7f159a699000-7f159a69a000 r--p 00025000 08:01 2097239                    /lib/x86_64-linux-gnu/ld-2.23.so
7f159a69a000-7f159a69b000 rw-p 00026000 08:01 2097239                    /lib/x86_64-linux-gnu/ld-2.23.so
7f159a69b000-7f159a69c000 rw-p 00000000 00:00 0 
7ffd51bbc000-7ffd51bdd000 rw-p 00000000 00:00 0                          [stack]
7ffd51bed000-7ffd51bef000 r--p 00000000 00:00 0                          [vvar]
7ffd51bef000-7ffd51bf1000 r-xp 00000000 00:00 0                          [vdso]
ffffffffff600000-ffffffffff601000 r-xp 00000000 00:00 0                  [vsyscall]

VM Arguments:
jvm_args: -Dfile.encoding=UTF-8 
java_command: Presentacio.UserLoginBBDD
java_class_path (initial): /media/osoler/HDD2/WORKSAPACE/Sudoku/bin:/media/osoler/HDD2/WORKSAPACE/Sudoku/lib/ojdbc6.jar
Launcher Type: SUN_STANDARD

Environment Variables:
JAVA_HOME=/usr/lib/jvm/java-8-oracle
PATH=/home/osoler/bin:/home/osoler/.local/bin:/usr/local/sbin:/usr/local/bin:/usr/sbin:/usr/bin:/sbin:/bin:/usr/games:/usr/local/games:/snap/bin:/usr/lib/jvm/java-8-oracle/bin:/usr/lib/jvm/java-8-oracle/db/bin:/usr/lib/jvm/java-8-oracle/jre/bin
SHELL=/bin/bash
DISPLAY=:0

Signal Handlers:
SIGSEGV: [libjvm.so+0xac78c0], sa_mask[0]=11111111011111111101111111111110, sa_flags=SA_RESTART|SA_SIGINFO
SIGBUS: [libjvm.so+0xac78c0], sa_mask[0]=11111111011111111101111111111110, sa_flags=SA_RESTART|SA_SIGINFO
SIGFPE: [libjvm.so+0x920ac0], sa_mask[0]=11111111011111111101111111111110, sa_flags=SA_RESTART|SA_SIGINFO
SIGPIPE: [libjvm.so+0x920ac0], sa_mask[0]=11111111011111111101111111111110, sa_flags=SA_RESTART|SA_SIGINFO
SIGXFSZ: [libjvm.so+0x920ac0], sa_mask[0]=11111111011111111101111111111110, sa_flags=SA_RESTART|SA_SIGINFO
SIGILL: [libjvm.so+0x920ac0], sa_mask[0]=11111111011111111101111111111110, sa_flags=SA_RESTART|SA_SIGINFO
SIGUSR1: SIG_DFL, sa_mask[0]=00000000000000000000000000000000, sa_flags=none
SIGUSR2: [libjvm.so+0x922300], sa_mask[0]=00100000000000000000000000000000, sa_flags=SA_RESTART|SA_SIGINFO
SIGHUP: [libjvm.so+0x923700], sa_mask[0]=11111111011111111101111111111110, sa_flags=SA_RESTART|SA_SIGINFO
SIGINT: [libjvm.so+0x923700], sa_mask[0]=11111111011111111101111111111110, sa_flags=SA_RESTART|SA_SIGINFO
SIGTERM: [libjvm.so+0x923700], sa_mask[0]=11111111011111111101111111111110, sa_flags=SA_RESTART|SA_SIGINFO
SIGQUIT: [libjvm.so+0x923700], sa_mask[0]=11111111011111111101111111111110, sa_flags=SA_RESTART|SA_SIGINFO


---------------  S Y S T E M  ---------------

OS:DISTRIB_ID=Ubuntu
DISTRIB_RELEASE=16.04
DISTRIB_CODENAME=xenial
DISTRIB_DESCRIPTION="Ubuntu 16.04.2 LTS"

uname:Linux 4.8.0-52-generic #55~16.04.1-Ubuntu SMP Fri Apr 28 14:36:29 UTC 2017 x86_64
libc:glibc 2.23 NPTL 2.23 
rlimit: STACK 8192k, CORE 0k, NPROC 31367, NOFILE 65536, AS infinity
load average:0,12 0,23 0,35

/proc/meminfo:
MemTotal:        8072448 kB
MemFree:         4355808 kB
MemAvailable:    5802340 kB
Buffers:          214624 kB
Cached:          1733396 kB
SwapCached:            0 kB
Active:          2439772 kB
Inactive:        1006068 kB
Active(anon):    1502564 kB
Inactive(anon):   350216 kB
Active(file):     937208 kB
Inactive(file):   655852 kB
Unevictable:          32 kB
Mlocked:              32 kB
SwapTotal:       8284156 kB
SwapFree:        8284156 kB
Dirty:                 0 kB
Writeback:             0 kB
AnonPages:       1253696 kB
Mapped:           240676 kB
Shmem:            354796 kB
Slab:             185296 kB
SReclaimable:     147600 kB
SUnreclaim:        37696 kB
KernelStack:        6992 kB
PageTables:        12856 kB
NFS_Unstable:          0 kB
Bounce:                0 kB
WritebackTmp:          0 kB
CommitLimit:    12320380 kB
Committed_AS:    3611636 kB
VmallocTotal:   34359738367 kB
VmallocUsed:           0 kB
VmallocChunk:          0 kB
HardwareCorrupted:     0 kB
AnonHugePages:    710656 kB
ShmemHugePages:        0 kB
ShmemPmdMapped:        0 kB
CmaTotal:              0 kB
CmaFree:               0 kB
HugePages_Total:       0
HugePages_Free:        0
HugePages_Rsvd:        0
HugePages_Surp:        0
Hugepagesize:       2048 kB
DirectMap4k:      137392 kB
DirectMap2M:     5003264 kB
DirectMap1G:     3145728 kB


CPU:total 4 (2 cores per cpu, 2 threads per core) family 6 model 61 stepping 4, cmov, cx8, fxsr, mmx, sse, sse2, sse3, ssse3, sse4.1, sse4.2, popcnt, avx, avx2, aes, clmul, erms, 3dnowpref, lzcnt, ht, tsc, tscinvbit, bmi1, bmi2, adx

/proc/cpuinfo:
processor	: 0
vendor_id	: GenuineIntel
cpu family	: 6
model		: 61
model name	: Intel(R) Core(TM) i7-5500U CPU @ 2.40GHz
stepping	: 4
microcode	: 0x22
cpu MHz		: 2904.931
cache size	: 4096 KB
physical id	: 0
siblings	: 4
core id		: 0
cpu cores	: 2
apicid		: 0
initial apicid	: 0
fpu		: yes
fpu_exception	: yes
cpuid level	: 20
wp		: yes
flags		: fpu vme de pse tsc msr pae mce cx8 apic sep mtrr pge mca cmov pat pse36 clflush dts acpi mmx fxsr sse sse2 ss ht tm pbe syscall nx pdpe1gb rdtscp lm constant_tsc arch_perfmon pebs bts rep_good nopl xtopology nonstop_tsc aperfmperf eagerfpu pni pclmulqdq dtes64 monitor ds_cpl vmx est tm2 ssse3 sdbg fma cx16 xtpr pdcm pcid sse4_1 sse4_2 x2apic movbe popcnt tsc_deadline_timer aes xsave avx f16c rdrand lahf_lm abm 3dnowprefetch epb intel_pt tpr_shadow vnmi flexpriority ept vpid fsgsbase tsc_adjust bmi1 avx2 smep bmi2 erms invpcid rdseed adx smap xsaveopt dtherm ida arat pln pts
bugs		:
bogomips	: 4792.93
clflush size	: 64
cache_alignment	: 64
address sizes	: 39 bits physical, 48 bits virtual
power management:

processor	: 1
vendor_id	: GenuineIntel
cpu family	: 6
model		: 61
model name	: Intel(R) Core(TM) i7-5500U CPU @ 2.40GHz
stepping	: 4
microcode	: 0x22
cpu MHz		: 2899.951
cache size	: 4096 KB
physical id	: 0
siblings	: 4
core id		: 1
cpu cores	: 2
apicid		: 2
initial apicid	: 2
fpu		: yes
fpu_exception	: yes
cpuid level	: 20
wp		: yes
flags		: fpu vme de pse tsc msr pae mce cx8 apic sep mtrr pge mca cmov pat pse36 clflush dts acpi mmx fxsr sse sse2 ss ht tm pbe syscall nx pdpe1gb rdtscp lm constant_tsc arch_perfmon pebs bts rep_good nopl xtopology nonstop_tsc aperfmperf eagerfpu pni pclmulqdq dtes64 monitor ds_cpl vmx est tm2 ssse3 sdbg fma cx16 xtpr pdcm pcid sse4_1 sse4_2 x2apic movbe popcnt tsc_deadline_timer aes xsave avx f16c rdrand lahf_lm abm 3dnowprefetch epb intel_pt tpr_shadow vnmi flexpriority ept vpid fsgsbase tsc_adjust bmi1 avx2 smep bmi2 erms invpcid rdseed adx smap xsaveopt dtherm ida arat pln pts
bugs		:
bogomips	: 4792.93
clflush size	: 64
cache_alignment	: 64
address sizes	: 39 bits physical, 48 bits virtual
power management:

processor	: 2
vendor_id	: GenuineIntel
cpu family	: 6
model		: 61
model name	: Intel(R) Core(TM) i7-5500U CPU @ 2.40GHz
stepping	: 4
microcode	: 0x22
cpu MHz		: 2904.931
cache size	: 4096 KB
physical id	: 0
siblings	: 4
core id		: 0
cpu cores	: 2
apicid		: 1
initial apicid	: 1
fpu		: yes
fpu_exception	: yes
cpuid level	: 20
wp		: yes
flags		: fpu vme de pse tsc msr pae mce cx8 apic sep mtrr pge mca cmov pat pse36 clflush dts acpi mmx fxsr sse sse2 ss ht tm pbe syscall nx pdpe1gb rdtscp lm constant_tsc arch_perfmon pebs bts rep_good nopl xtopology nonstop_tsc aperfmperf eagerfpu pni pclmulqdq dtes64 monitor ds_cpl vmx est tm2 ssse3 sdbg fma cx16 xtpr pdcm pcid sse4_1 sse4_2 x2apic movbe popcnt tsc_deadline_timer aes xsave avx f16c rdrand lahf_lm abm 3dnowprefetch epb intel_pt tpr_shadow vnmi flexpriority ept vpid fsgsbase tsc_adjust bmi1 avx2 smep bmi2 erms invpcid rdseed adx smap xsaveopt dtherm ida arat pln pts
bugs		:
bogomips	: 4792.93
clflush size	: 64
cache_alignment	: 64
address sizes	: 39 bits physical, 48 bits virtual
power management:

processor	: 3
vendor_id	: GenuineIntel
cpu family	: 6
model		: 61
model name	: Intel(R) Core(TM) i7-5500U CPU @ 2.40GHz
stepping	: 4
microcode	: 0x22
cpu MHz		: 2899.951
cache size	: 4096 KB
physical id	: 0
siblings	: 4
core id		: 1
cpu cores	: 2
apicid		: 3
initial apicid	: 3
fpu		: yes
fpu_exception	: yes
cpuid level	: 20
wp		: yes
flags		: fpu vme de pse tsc msr pae mce cx8 apic sep mtrr pge mca cmov pat pse36 clflush dts acpi mmx fxsr sse sse2 ss ht tm pbe syscall nx pdpe1gb rdtscp lm constant_tsc arch_perfmon pebs bts rep_good nopl xtopology nonstop_tsc aperfmperf eagerfpu pni pclmulqdq dtes64 monitor ds_cpl vmx est tm2 ssse3 sdbg fma cx16 xtpr pdcm pcid sse4_1 sse4_2 x2apic movbe popcnt tsc_deadline_timer aes xsave avx f16c rdrand lahf_lm abm 3dnowprefetch epb intel_pt tpr_shadow vnmi flexpriority ept vpid fsgsbase tsc_adjust bmi1 avx2 smep bmi2 erms invpcid rdseed adx smap xsaveopt dtherm ida arat pln pts
bugs		:
bogomips	: 4792.93
clflush size	: 64
cache_alignment	: 64
address sizes	: 39 bits physical, 48 bits virtual
power management:



Memory: 4k page, physical 8072448k(4375904k free), swap 8284156k(8284156k free)

vm_info: Java HotSpot(TM) 64-Bit Server VM (25.121-b13) for linux-amd64 JRE (1.8.0_121-b13), built on Dec 12 2016 16:36:53 by "java_re" with gcc 4.3.0 20080428 (Red Hat 4.3.0-8)

time: Tue May 23 13:59:56 2017
elapsed time: 14888 seconds (0d 4h 8m 8s)

