#
# A fatal error has been detected by the Java Runtime Environment:
#
#  SIGSEGV (0xb) at pc=0x00007f171860ea7a, pid=14256, tid=0x00007f16dae23700
#
# JRE version: Java(TM) SE Runtime Environment (8.0_121-b13) (build 1.8.0_121-b13)
# Java VM: Java HotSpot(TM) 64-Bit Server VM (25.121-b13 mixed mode linux-amd64 compressed oops)
# Problematic frame:
# v  ~BufferBlob::jni_fast_GetLongField
#
# Failed to write core dump. Core dumps have been disabled. To enable core dumping, try "ulimit -c unlimited" before starting Java again
#
# If you would like to submit a bug report, please visit:
#   http://bugreport.java.com/bugreport/crash.jsp
# The crash happened outside the Java Virtual Machine in native code.
# See problematic frame for where to report the bug.
#

---------------  T H R E A D  ---------------

Current thread (0x00007f1728203000):  JavaThread "AWT-XAWT" daemon [_thread_in_native, id=14277, stack(0x00007f16dad23000,0x00007f16dae24000)]

siginfo: si_signo: 11 (SIGSEGV), si_code: 1 (SEGV_MAPERR), si_addr: 0x0000000000000000

Registers:
RAX=0x00007f172da4df60, RBX=0x00007f17282031f8, RCX=0x00007f172e4b52c0, RDX=0x0000000000000042
RSP=0x00007f16dae22538, RBP=0x00007f16dae22560, RSI=0x0000000000000000, RDI=0x00007f17282031f8
R8 =0x00000000d7625ac0, R9 =0x0000000000000000, R10=0x000000000000002c, R11=0x00007f1718954798
R12=0x00007f16c800a650, R13=0x0000000000000000, R14=0x00007f1710c177e0, R15=0x00007f1728203000
RIP=0x00007f171860ea7a, EFLAGS=0x0000000000010246, CSGSFS=0x002b000000000033, ERR=0x0000000000000004
  TRAPNO=0x000000000000000e

Top of Stack: (sp=0x00007f16dae22538)
0x00007f16dae22538:   00007f17109f5ee1 00007f17132e2be8
0x00007f16dae22548:   00007f16c800a650 00007f16dae22610
0x00007f16dae22558:   00007f16dae225e0 0000000000000000
0x00007f16dae22568:   00007f17104ba3c0 00007f17132e2be8
0x00007f16dae22578:   00007f16dae225a0 0000000000000000
0x00007f16dae22588:   00007f17104b1f93 00007f16dae22610
0x00007f16dae22598:   00007f17109ef11f 00007f16dae225f0
0x00007f16dae225a8:   00007f1718954836 0000000000000000
0x00007f16dae225b8:   00007f17187a97b6 00007f16dae22610
0x00007f16dae225c8:   00007f171871cd2c 00007f16dae22670
0x00007f16dae225d8:   00000000d84c69f0 00000000d717b830
0x00007f16dae225e8:   00000000d6f62888 00007f16dae22670
0x00007f16dae225f8:   00007f17185aca90 00007f16dae22670
0x00007f16dae22608:   00007f17185aca90 0000000000000000
0x00007f16dae22618:   00007f17185acdd0 00007f16cc002e20
0x00007f16dae22628:   00000000d721a010 00007f16dae22630
0x00007f16dae22638:   00007f17133d16d4 00007f16dae226b8
0x00007f16dae22648:   00007f17133da678 0000000000000000
0x00007f16dae22658:   00007f17133d1810 00007f16dae22610
0x00007f16dae22668:   00007f16dae226b0 00007f16dae22700
0x00007f16dae22678:   00007f17185ad2bd 0000000000000000
0x00007f16dae22688:   00000000d84615d0 0000000000000000
0x00007f16dae22698:   0000000000000000 0000000000000000
0x00007f16dae226a8:   00000000d721a010 0000000000000000
0x00007f16dae226b8:   00000000d71b2820 00007f16dae226c0
0x00007f16dae226c8:   00007f17133d1515 00007f16dae22710
0x00007f16dae226d8:   00007f17133da678 0000000000000000
0x00007f16dae226e8:   00007f17133d1520 00007f16dae226b0
0x00007f16dae226f8:   00007f16dae22710 00007f16dae22758
0x00007f16dae22708:   00007f17185ad302 00000000d71b2820
0x00007f16dae22718:   00007f16dae22718 00007f1712f28993
0x00007f16dae22728:   00007f16dae22768 00007f1712fb0010 

Instructions: (pc=0x00007f171860ea7a)
0x00007f171860ea5a:   00 00 00 00 00 00 44 8b 15 81 ef 47 15 4c 8b ce
0x00007f171860ea6a:   41 f6 c2 01 0f 85 2e 00 00 00 4d 33 ca 4d 33 ca
0x00007f171860ea7a:   4d 8b 09 4c 8b da 49 c1 eb 02 4b 8b 04 19 49 bb
0x00007f171860ea8a:   e8 d9 a8 2d 17 7f 00 00 4c 33 d8 4c 33 d8 45 3b 

Register to memory mapping:

RAX=0x00007f172da4df60: <offset 0xf85f60> in /usr/lib/jvm/java-8-oracle/jre/lib/amd64/server/libjvm.so at 0x00007f172cac8000
RBX=0x00007f17282031f8 is an unknown value
RCX=0x00007f172e4b52c0: <offset 0x2182c0> in /lib/x86_64-linux-gnu/libpthread.so.0 at 0x00007f172e29d000
RDX=0x0000000000000042 is an unknown value
RSP=0x00007f16dae22538 is pointing into the stack for thread: 0x00007f1728203000
RBP=0x00007f16dae22560 is pointing into the stack for thread: 0x00007f1728203000
RSI=0x0000000000000000 is an unknown value
RDI=0x00007f17282031f8 is an unknown value
R8 =0x00000000d7625ac0 is an oop
java.util.logging.Logger 
 - klass: 'java/util/logging/Logger'
R9 =0x0000000000000000 is an unknown value
R10=0x000000000000002c is an unknown value
R11=0x00007f1718954798 is at entry_point+24 in (nmethod*)0x00007f1718954610
R12=0x00007f16c800a650 is an unknown value
R13=0x0000000000000000 is an unknown value
R14=0x00007f1710c177e0: <offset 0x2587e0> in /usr/lib/jvm/java-8-oracle/jre/lib/amd64/libawt_xawt.so at 0x00007f17109bf000
R15=0x00007f1728203000 is a thread


Stack: [0x00007f16dad23000,0x00007f16dae24000],  sp=0x00007f16dae22538,  free space=1021k
Native frames: (J=compiled Java code, j=interpreted, Vv=VM code, C=native code)
v  ~BufferBlob::jni_fast_GetLongField
C  [libX11.so.6+0x643c0]  _XimServerDestroy+0x70

Java frames: (J=compiled Java code, j=interpreted, Vv=VM code)
J 1116  sun.awt.X11.XlibWrapper.XFilterEvent(JJ)Z (0 bytes) @ 0x00007f17189547c4 [0x00007f1718954780+0x44]
j  sun.awt.X11.XToolkit.run(Z)V+300
j  sun.awt.X11.XToolkit.run()V+5
j  java.lang.Thread.run()V+11
v  ~StubRoutines::call_stub

---------------  P R O C E S S  ---------------

Java Threads: ( => current thread )
  0x00007f16d0021800 JavaThread "Thread-0" [_thread_in_vm, id=17801, stack(0x00007f16d8a0c000,0x00007f16d8b0d000)]
  0x00007f16d001f800 JavaThread "XToolkt-Shutdown-Thread" [_thread_blocked, id=17797, stack(0x00007f16d8b0d000,0x00007f16d8c0e000)]
  0x00007f16ec002000 JavaThread "SIGTERM handler" daemon [_thread_blocked, id=17796, stack(0x00007f16d8c0e000,0x00007f16d8d0f000)]
  0x00007f16ec001000 JavaThread "SIGHUP handler" daemon [_thread_blocked, id=17793, stack(0x00007f16da279000,0x00007f16da37a000)]
  0x00007f1728009800 JavaThread "DestroyJavaVM" [_thread_blocked, id=14258, stack(0x00007f172e5bb000,0x00007f172e6bc000)]
  0x00007f16c8017800 JavaThread "TimerQueue" daemon [_thread_blocked, id=14294, stack(0x00007f16d8f0f000,0x00007f16d9010000)]
  0x00007f17282bb000 JavaThread "AWT-EventQueue-0" [_thread_blocked, id=14282, stack(0x00007f16d9e77000,0x00007f16d9f78000)]
  0x00007f17282b9800 JavaThread "AWT-Shutdown" [_thread_blocked, id=14281, stack(0x00007f16d9f78000,0x00007f16da079000)]
=>0x00007f1728203000 JavaThread "AWT-XAWT" daemon [_thread_in_native, id=14277, stack(0x00007f16dad23000,0x00007f16dae24000)]
  0x00007f17281e0000 JavaThread "Java2D Disposer" daemon [_thread_blocked, id=14276, stack(0x00007f16db234000,0x00007f16db335000)]
  0x00007f17280c0000 JavaThread "Service Thread" daemon [_thread_blocked, id=14274, stack(0x00007f1710feb000,0x00007f17110ec000)]
  0x00007f17280bd000 JavaThread "C1 CompilerThread2" daemon [_thread_in_native, id=14273, stack(0x00007f17110ec000,0x00007f17111ed000)]
  0x00007f17280bb800 JavaThread "C2 CompilerThread1" daemon [_thread_blocked, id=14272, stack(0x00007f17111ed000,0x00007f17112ee000)]
  0x00007f17280b8800 JavaThread "C2 CompilerThread0" daemon [_thread_blocked, id=14271, stack(0x00007f17112ee000,0x00007f17113ef000)]
  0x00007f17280b7000 JavaThread "Signal Dispatcher" daemon [_thread_blocked, id=14270, stack(0x00007f17113ef000,0x00007f17114f0000)]
  0x00007f1728084000 JavaThread "Finalizer" daemon [_thread_blocked, id=14269, stack(0x00007f1711a3d000,0x00007f1711b3e000)]
  0x00007f172807f000 JavaThread "Reference Handler" daemon [_thread_blocked, id=14268, stack(0x00007f1711b3e000,0x00007f1711c3f000)]

Other Threads:
  0x00007f1728077800 VMThread [stack: 0x00007f1711c3f000,0x00007f1711d40000] [id=14267]
  0x00007f17280c3000 WatcherThread [stack: 0x00007f1710eea000,0x00007f1710feb000] [id=14275]

VM state:not at safepoint (normal execution)

VM Mutex/Monitor currently owned by a thread: None

Heap:
 PSYoungGen      total 36864K, used 24800K [0x00000000d6f00000, 0x00000000d9800000, 0x0000000100000000)
  eden space 31744K, 78% used [0x00000000d6f00000,0x00000000d87382e0,0x00000000d8e00000)
  from space 5120K, 0% used [0x00000000d9300000,0x00000000d9300000,0x00000000d9800000)
  to   space 5120K, 0% used [0x00000000d8e00000,0x00000000d8e00000,0x00000000d9300000)
 ParOldGen       total 84992K, used 0K [0x0000000084c00000, 0x0000000089f00000, 0x00000000d6f00000)
  object space 84992K, 0% used [0x0000000084c00000,0x0000000084c00000,0x0000000089f00000)
 Metaspace       used 19404K, capacity 19598K, committed 19840K, reserved 1067008K
  class space    used 2346K, capacity 2415K, committed 2432K, reserved 1048576K

Card table byte_map: [0x00007f1717e0a000,0x00007f17181e5000] byte_map_base: 0x00007f17179e4000

Marking Bits: (ParMarkBitMap*) 0x00007f172da8cc80
 Begin Bits: [0x00007f1713ad5000, 0x00007f17159a5000)
 End Bits:   [0x00007f17159a5000, 0x00007f1717875000)

Polling page: 0x00007f172e6dc000

CodeCache: size=245760Kb used=3997Kb max_used=3997Kb free=241762Kb
 bounds [0x00007f17185a5000, 0x00007f1718995000, 0x00007f17275a5000]
 total_blobs=1816 nmethods=1203 adapters=526
 compilation: enabled

Compilation events (10 events):
Event: 2154,664 Thread 0x00007f17280b8800 1193   !   4       sun.awt.X11.XToolkit::getNextTaskTime (55 bytes)
Event: 2154,668 Thread 0x00007f17280b8800 nmethod 1193 0x00007f17189897d0 code [0x00007f1718989960, 0x00007f1718989ca8]
Event: 9758,138 Thread 0x00007f17280bb800 1194       4       java.util.TreeMap::getEntry (84 bytes)
Event: 9758,143 Thread 0x00007f17280bb800 nmethod 1194 0x00007f1718989010 code [0x00007f1718989180, 0x00007f1718989538]
Event: 9806,502 Thread 0x00007f17280b8800 1195       4       sun.awt.X11.XAnyEvent::get_window (20 bytes)
Event: 9806,505 Thread 0x00007f17280b8800 nmethod 1195 0x00007f171898d0d0 code [0x00007f171898d260, 0x00007f171898d4f8]
Event: 12781,601 Thread 0x00007f17280bd000 1196       1       sun.awt.X11.XEvent::getPData (5 bytes)
Event: 12781,601 Thread 0x00007f17280bd000 nmethod 1196 0x00007f1718988d50 code [0x00007f1718988ea0, 0x00007f1718988fb0]
Event: 14417,495 Thread 0x00007f17280b8800 1197   !   4       sun.awt.X11.XToolkit::windowToXWindow (27 bytes)
Event: 14417,501 Thread 0x00007f17280b8800 nmethod 1197 0x00007f171898c550 code [0x00007f171898c6e0, 0x00007f171898ccd8]

GC Heap History (0 events):
No events

Deoptimization events (10 events):
Event: 1,616 Thread 0x00007f1728009800 Uncommon trap: reason=bimorphic action=maybe_recompile pc=0x00007f17187d0d40 method=java.util.Properties$LineReader.readLine()I @ 62
Event: 1,616 Thread 0x00007f1728009800 Uncommon trap: reason=bimorphic action=maybe_recompile pc=0x00007f17187d0d40 method=java.util.Properties$LineReader.readLine()I @ 62
Event: 1,616 Thread 0x00007f1728009800 Uncommon trap: reason=unstable_if action=reinterpret pc=0x00007f171875391c method=java.lang.String.<init>([CII)V @ 18
Event: 1,616 Thread 0x00007f1728009800 Uncommon trap: reason=bimorphic action=maybe_recompile pc=0x00007f17187d0d40 method=java.util.Properties$LineReader.readLine()I @ 62
Event: 3,409 Thread 0x00007f17282bb000 Uncommon trap: reason=class_check action=maybe_recompile pc=0x00007f1718712e70 method=java.lang.String.equals(Ljava/lang/Object;)Z @ 8
Event: 3,409 Thread 0x00007f17282bb000 Uncommon trap: reason=class_check action=maybe_recompile pc=0x00007f1718712e70 method=java.lang.String.equals(Ljava/lang/Object;)Z @ 8
Event: 3,485 Thread 0x00007f17282bb000 Uncommon trap: reason=class_check action=maybe_recompile pc=0x00007f1718712e70 method=java.lang.String.equals(Ljava/lang/Object;)Z @ 8
Event: 3,485 Thread 0x00007f17282bb000 Uncommon trap: reason=class_check action=maybe_recompile pc=0x00007f1718712e70 method=java.lang.String.equals(Ljava/lang/Object;)Z @ 8
Event: 4,324 Thread 0x00007f17282bb000 Uncommon trap: reason=unstable_if action=reinterpret pc=0x00007f171893b6a0 method=sun.misc.MetaIndex.mayContain(Ljava/lang/String;)Z @ 38
Event: 4,324 Thread 0x00007f17282bb000 Uncommon trap: reason=unstable_if action=reinterpret pc=0x00007f171894cafc method=sun.net.www.ParseUtil.encodePath(Ljava/lang/String;Z)Ljava/lang/String; @ 109

Internal exceptions (10 events):
Event: 1,580 Thread 0x00007f1728009800 Exception <a 'java/lang/ArrayIndexOutOfBoundsException'> (0x00000000d76b0100) thrown at [/HUDSON3/workspace/8-2-build-linux-amd64/jdk8u121/8372/hotspot/src/share/vm/runtime/sharedRuntime.cpp, line 605]
Event: 1,580 Thread 0x00007f1728009800 Exception <a 'java/lang/ArrayIndexOutOfBoundsException'> (0x00000000d76b1960) thrown at [/HUDSON3/workspace/8-2-build-linux-amd64/jdk8u121/8372/hotspot/src/share/vm/runtime/sharedRuntime.cpp, line 605]
Event: 1,588 Thread 0x00007f1728009800 Exception <a 'java/lang/ArrayIndexOutOfBoundsException'> (0x00000000d76d96e0) thrown at [/HUDSON3/workspace/8-2-build-linux-amd64/jdk8u121/8372/hotspot/src/share/vm/runtime/sharedRuntime.cpp, line 605]
Event: 1,588 Thread 0x00007f1728009800 Exception <a 'java/lang/ArrayIndexOutOfBoundsException'> (0x00000000d76da948) thrown at [/HUDSON3/workspace/8-2-build-linux-amd64/jdk8u121/8372/hotspot/src/share/vm/runtime/sharedRuntime.cpp, line 605]
Event: 1,589 Thread 0x00007f1728009800 Exception <a 'java/lang/ArrayIndexOutOfBoundsException'> (0x00000000d76dbee0) thrown at [/HUDSON3/workspace/8-2-build-linux-amd64/jdk8u121/8372/hotspot/src/share/vm/runtime/sharedRuntime.cpp, line 605]
Event: 1,593 Thread 0x00007f1728009800 Exception <a 'java/lang/ArrayIndexOutOfBoundsException'> (0x00000000d7701b70) thrown at [/HUDSON3/workspace/8-2-build-linux-amd64/jdk8u121/8372/hotspot/src/share/vm/runtime/sharedRuntime.cpp, line 605]
Event: 1,595 Thread 0x00007f1728009800 Exception <a 'java/lang/ArrayIndexOutOfBoundsException'> (0x00000000d770ff88) thrown at [/HUDSON3/workspace/8-2-build-linux-amd64/jdk8u121/8372/hotspot/src/share/vm/runtime/sharedRuntime.cpp, line 605]
Event: 2,115 Thread 0x00007f17282bb000 Exception <a 'java/lang/UnsupportedOperationException': > (0x00000000d757c290) thrown at [/HUDSON3/workspace/8-2-build-linux-amd64/jdk8u121/8372/hotspot/src/share/vm/prims/jni.cpp, line 735]
Event: 4,325 Thread 0x00007f17282bb000 Exception <a 'java/lang/NullPointerException'> (0x00000000d844e9f0) thrown at [/HUDSON3/workspace/8-2-build-linux-amd64/jdk8u121/8372/hotspot/src/share/vm/interpreter/linkResolver.cpp, line 1178]
Event: 4,412 Thread 0x00007f17282bb000 Exception <a 'java/lang/UnsupportedOperationException': > (0x00000000d8473148) thrown at [/HUDSON3/workspace/8-2-build-linux-amd64/jdk8u121/8372/hotspot/src/share/vm/prims/jni.cpp, line 735]

Events (10 events):
Event: 4,327 Executing VM operation: RevokeBias done
Event: 4,339 loading class java/awt/WaitDispatchSupport$4
Event: 4,339 loading class java/awt/WaitDispatchSupport$4 done
Event: 4,340 Executing VM operation: RevokeBias
Event: 4,342 Executing VM operation: RevokeBias done
Event: 9,327 Thread 0x00007f172828d800 Thread exited: 0x00007f172828d800
Event: 1131,048 loading class sun/awt/X11/XkbEvent
Event: 1131,049 loading class sun/awt/X11/XkbEvent done
Event: 1131,049 loading class sun/awt/X11/XkbAnyEvent
Event: 1131,049 loading class sun/awt/X11/XkbAnyEvent done


Dynamic libraries:
00400000-00401000 r-xp 00000000 08:01 8261504                            /usr/lib/jvm/java-8-oracle/bin/java
00600000-00601000 rw-p 00000000 08:01 8261504                            /usr/lib/jvm/java-8-oracle/bin/java
0201e000-0203f000 rw-p 00000000 00:00 0                                  [heap]
84c00000-89f00000 rw-p 00000000 00:00 0 
89f00000-d6f00000 ---p 00000000 00:00 0 
d6f00000-d9800000 rw-p 00000000 00:00 0 
d9800000-100000000 ---p 00000000 00:00 0 
100000000-100260000 rw-p 00000000 00:00 0 
100260000-140000000 ---p 00000000 00:00 0 
7f16b4000000-7f16b4021000 rw-p 00000000 00:00 0 
7f16b4021000-7f16b8000000 ---p 00000000 00:00 0 
7f16b8000000-7f16b8021000 rw-p 00000000 00:00 0 
7f16b8021000-7f16bc000000 ---p 00000000 00:00 0 
7f16bc000000-7f16bc021000 rw-p 00000000 00:00 0 
7f16bc021000-7f16c0000000 ---p 00000000 00:00 0 
7f16c0000000-7f16c0021000 rw-p 00000000 00:00 0 
7f16c0021000-7f16c4000000 ---p 00000000 00:00 0 
7f16c4000000-7f16c4021000 rw-p 00000000 00:00 0 
7f16c4021000-7f16c8000000 ---p 00000000 00:00 0 
7f16c8000000-7f16c82a3000 rw-p 00000000 00:00 0 
7f16c82a3000-7f16cc000000 ---p 00000000 00:00 0 
7f16cc000000-7f16cc02b000 rw-p 00000000 00:00 0 
7f16cc02b000-7f16d0000000 ---p 00000000 00:00 0 
7f16d0000000-7f16d0023000 rw-p 00000000 00:00 0 
7f16d0023000-7f16d4000000 ---p 00000000 00:00 0 
7f16d4000000-7f16d4021000 rw-p 00000000 00:00 0 
7f16d4021000-7f16d8000000 ---p 00000000 00:00 0 
7f16d8a0c000-7f16d8a0f000 ---p 00000000 00:00 0 
7f16d8a0f000-7f16d8b0d000 rw-p 00000000 00:00 0 
7f16d8b0d000-7f16d8b10000 ---p 00000000 00:00 0 
7f16d8b10000-7f16d8c0e000 rw-p 00000000 00:00 0 
7f16d8c0e000-7f16d8c11000 ---p 00000000 00:00 0 
7f16d8c11000-7f16d8e0f000 rw-p 00000000 00:00 0 
7f16d8e0f000-7f16d8f0f000 ---p 00000000 00:00 0 
7f16d8f0f000-7f16d8f12000 ---p 00000000 00:00 0 
7f16d8f12000-7f16d9210000 rw-p 00000000 00:00 0 
7f16d9210000-7f16d9227000 r-xp 00000000 08:01 2101590                    /lib/x86_64-linux-gnu/libresolv-2.23.so
7f16d9227000-7f16d9427000 ---p 00017000 08:01 2101590                    /lib/x86_64-linux-gnu/libresolv-2.23.so
7f16d9427000-7f16d9428000 r--p 00017000 08:01 2101590                    /lib/x86_64-linux-gnu/libresolv-2.23.so
7f16d9428000-7f16d9429000 rw-p 00018000 08:01 2101590                    /lib/x86_64-linux-gnu/libresolv-2.23.so
7f16d9429000-7f16d942b000 rw-p 00000000 00:00 0 
7f16d942b000-7f16d9430000 r-xp 00000000 08:01 2101727                    /lib/x86_64-linux-gnu/libnss_dns-2.23.so
7f16d9430000-7f16d9630000 ---p 00005000 08:01 2101727                    /lib/x86_64-linux-gnu/libnss_dns-2.23.so
7f16d9630000-7f16d9631000 r--p 00005000 08:01 2101727                    /lib/x86_64-linux-gnu/libnss_dns-2.23.so
7f16d9631000-7f16d9632000 rw-p 00006000 08:01 2101727                    /lib/x86_64-linux-gnu/libnss_dns-2.23.so
7f16d9632000-7f16d9634000 r-xp 00000000 08:01 2101813                    /lib/x86_64-linux-gnu/libnss_mdns4_minimal.so.2
7f16d9634000-7f16d9833000 ---p 00002000 08:01 2101813                    /lib/x86_64-linux-gnu/libnss_mdns4_minimal.so.2
7f16d9833000-7f16d9834000 r--p 00001000 08:01 2101813                    /lib/x86_64-linux-gnu/libnss_mdns4_minimal.so.2
7f16d9834000-7f16d9835000 rw-p 00002000 08:01 2101813                    /lib/x86_64-linux-gnu/libnss_mdns4_minimal.so.2
7f16d9852000-7f16d9a52000 rw-p 00000000 00:00 0 
7f16d9a52000-7f16d9a5b000 r-xp 00000000 08:01 8398527                    /usr/lib/jvm/java-8-oracle/jre/lib/amd64/libmanagement.so
7f16d9a5b000-7f16d9c5a000 ---p 00009000 08:01 8398527                    /usr/lib/jvm/java-8-oracle/jre/lib/amd64/libmanagement.so
7f16d9c5a000-7f16d9c5b000 rw-p 00008000 08:01 8398527                    /usr/lib/jvm/java-8-oracle/jre/lib/amd64/libmanagement.so
7f16d9c5b000-7f16d9c77000 r--s 00393000 08:01 8399016                    /usr/lib/jvm/java-8-oracle/jre/lib/ext/cldrdata.jar
7f16d9c77000-7f16d9e77000 rw-p 00000000 00:00 0 
7f16d9e77000-7f16d9e7a000 ---p 00000000 00:00 0 
7f16d9e7a000-7f16d9f78000 rw-p 00000000 00:00 0 
7f16d9f78000-7f16d9f7b000 ---p 00000000 00:00 0 
7f16d9f7b000-7f16da279000 rw-p 00000000 00:00 0 
7f16da279000-7f16da27c000 ---p 00000000 00:00 0 
7f16da27c000-7f16da37a000 rw-p 00000000 00:00 0 
7f16da37a000-7f16da3e3000 r-xp 00000000 08:01 8398996                    /usr/lib/jvm/java-8-oracle/jre/lib/amd64/libt2k.so
7f16da3e3000-7f16da5e3000 ---p 00069000 08:01 8398996                    /usr/lib/jvm/java-8-oracle/jre/lib/amd64/libt2k.so
7f16da5e3000-7f16da5ea000 rw-p 00069000 08:01 8398996                    /usr/lib/jvm/java-8-oracle/jre/lib/amd64/libt2k.so
7f16da5ea000-7f16da5fa000 rw-p 00000000 00:00 0 
7f16da5fa000-7f16da60b000 r-xp 00000000 08:01 8398516                    /usr/lib/jvm/java-8-oracle/jre/lib/amd64/libnio.so
7f16da60b000-7f16da80a000 ---p 00011000 08:01 8398516                    /usr/lib/jvm/java-8-oracle/jre/lib/amd64/libnio.so
7f16da80a000-7f16da80b000 rw-p 00010000 08:01 8398516                    /usr/lib/jvm/java-8-oracle/jre/lib/amd64/libnio.so
7f16da80b000-7f16dab0c000 rw-p 00000000 00:00 0 
7f16dab0c000-7f16dab22000 r-xp 00000000 08:01 8398175                    /usr/lib/jvm/java-8-oracle/jre/lib/amd64/libnet.so
7f16dab22000-7f16dad22000 ---p 00016000 08:01 8398175                    /usr/lib/jvm/java-8-oracle/jre/lib/amd64/libnet.so
7f16dad22000-7f16dad23000 rw-p 00016000 08:01 8398175                    /usr/lib/jvm/java-8-oracle/jre/lib/amd64/libnet.so
7f16dad23000-7f16dad26000 ---p 00000000 00:00 0 
7f16dad26000-7f16dae24000 rw-p 00000000 00:00 0 
7f16dae24000-7f16dae29000 r-xp 00000000 08:01 7872511                    /usr/lib/x86_64-linux-gnu/libXfixes.so.3.1.0
7f16dae29000-7f16db028000 ---p 00005000 08:01 7872511                    /usr/lib/x86_64-linux-gnu/libXfixes.so.3.1.0
7f16db028000-7f16db029000 r--p 00004000 08:01 7872511                    /usr/lib/x86_64-linux-gnu/libXfixes.so.3.1.0
7f16db029000-7f16db02a000 rw-p 00005000 08:01 7872511                    /usr/lib/x86_64-linux-gnu/libXfixes.so.3.1.0
7f16db02a000-7f16db033000 r-xp 00000000 08:01 7872503                    /usr/lib/x86_64-linux-gnu/libXcursor.so.1.0.2
7f16db033000-7f16db232000 ---p 00009000 08:01 7872503                    /usr/lib/x86_64-linux-gnu/libXcursor.so.1.0.2
7f16db232000-7f16db233000 r--p 00008000 08:01 7872503                    /usr/lib/x86_64-linux-gnu/libXcursor.so.1.0.2
7f16db233000-7f16db234000 rw-p 00009000 08:01 7872503                    /usr/lib/x86_64-linux-gnu/libXcursor.so.1.0.2
7f16db234000-7f16db237000 ---p 00000000 00:00 0 
7f16db237000-7f16db335000 rw-p 00000000 00:00 0 
7f16db335000-7f16db34b000 r-xp 00000000 08:01 2101746                    /lib/x86_64-linux-gnu/libgcc_s.so.1
7f16db34b000-7f16db54a000 ---p 00016000 08:01 2101746                    /lib/x86_64-linux-gnu/libgcc_s.so.1
7f16db54a000-7f16db54b000 rw-p 00015000 08:01 2101746                    /lib/x86_64-linux-gnu/libgcc_s.so.1
7f16db54b000-7f16db5b0000 r-xp 00000000 08:01 8398448                    /usr/lib/jvm/java-8-oracle/jre/lib/amd64/libfontmanager.so
7f16db5b0000-7f16db7af000 ---p 00065000 08:01 8398448                    /usr/lib/jvm/java-8-oracle/jre/lib/amd64/libfontmanager.so
7f16db7af000-7f16db7b4000 rw-p 00064000 08:01 8398448                    /usr/lib/jvm/java-8-oracle/jre/lib/amd64/libfontmanager.so
7f16db7b4000-7f16db7c4000 rw-p 00000000 00:00 0 
7f16db7c4000-7f16db7c9000 r-xp 00000000 08:01 7872507                    /usr/lib/x86_64-linux-gnu/libXdmcp.so.6.0.0
7f16db7c9000-7f16db9c8000 ---p 00005000 08:01 7872507                    /usr/lib/x86_64-linux-gnu/libXdmcp.so.6.0.0
7f16db9c8000-7f16db9c9000 r--p 00004000 08:01 7872507                    /usr/lib/x86_64-linux-gnu/libXdmcp.so.6.0.0
7f16db9c9000-7f16db9ca000 rw-p 00005000 08:01 7872507                    /usr/lib/x86_64-linux-gnu/libXdmcp.so.6.0.0
7f16db9ca000-7f16db9cc000 r-xp 00000000 08:01 7872496                    /usr/lib/x86_64-linux-gnu/libXau.so.6.0.0
7f16db9cc000-7f16dbbcc000 ---p 00002000 08:01 7872496                    /usr/lib/x86_64-linux-gnu/libXau.so.6.0.0
7f16dbbcc000-7f16dbbcd000 r--p 00002000 08:01 7872496                    /usr/lib/x86_64-linux-gnu/libXau.so.6.0.0
7f16dbbcd000-7f16dbbce000 rw-p 00003000 08:01 7872496                    /usr/lib/x86_64-linux-gnu/libXau.so.6.0.0
7f16dbbce000-7f16dbbef000 r-xp 00000000 08:01 7873905                    /usr/lib/x86_64-linux-gnu/libxcb.so.1.1.0
7f16dbbef000-7f16dbdee000 ---p 00021000 08:01 7873905                    /usr/lib/x86_64-linux-gnu/libxcb.so.1.1.0
7f16dbdee000-7f16dbdef000 r--p 00020000 08:01 7873905                    /usr/lib/x86_64-linux-gnu/libxcb.so.1.1.0
7f16dbdef000-7f16dbdf0000 rw-p 00021000 08:01 7873905                    /usr/lib/x86_64-linux-gnu/libxcb.so.1.1.0
7f16dbdf0000-7f16dbdff000 r-xp 00000000 08:01 7872517                    /usr/lib/x86_64-linux-gnu/libXi.so.6.1.0
7f16dbdff000-7f16dbffe000 ---p 0000f000 08:01 7872517                    /usr/lib/x86_64-linux-gnu/libXi.so.6.1.0
7f16dbffe000-7f16dbfff000 r--p 0000e000 08:01 7872517                    /usr/lib/x86_64-linux-gnu/libXi.so.6.1.0
7f16dbfff000-7f16dc000000 rw-p 0000f000 08:01 7872517                    /usr/lib/x86_64-linux-gnu/libXi.so.6.1.0
7f16dc000000-7f16dc021000 rw-p 00000000 00:00 0 
7f16dc021000-7f16e0000000 ---p 00000000 00:00 0 
7f16e0000000-7f16e0021000 rw-p 00000000 00:00 0 
7f16e0021000-7f16e4000000 ---p 00000000 00:00 0 
7f16e4000000-7f16e4197000 rw-p 00000000 00:00 0 
7f16e4197000-7f16e8000000 ---p 00000000 00:00 0 
7f16e8000000-7f16e8342000 rw-p 00000000 00:00 0 
7f16e8342000-7f16ec000000 ---p 00000000 00:00 0 
7f16ec000000-7f16ec021000 rw-p 00000000 00:00 0 
7f16ec021000-7f16f0000000 ---p 00000000 00:00 0 
7f16f0000000-7f16f02ce000 rw-p 00000000 00:00 0 
7f16f02ce000-7f16f4000000 ---p 00000000 00:00 0 
7f16f4000000-7f16f4021000 rw-p 00000000 00:00 0 
7f16f4021000-7f16f8000000 ---p 00000000 00:00 0 
7f16f8000000-7f16f8021000 rw-p 00000000 00:00 0 
7f16f8021000-7f16fc000000 ---p 00000000 00:00 0 
7f16fc000000-7f16fc021000 rw-p 00000000 00:00 0 
7f16fc021000-7f1700000000 ---p 00000000 00:00 0 
7f1700000000-7f1700021000 rw-p 00000000 00:00 0 
7f1700021000-7f1704000000 ---p 00000000 00:00 0 
7f1704000000-7f1704021000 rw-p 00000000 00:00 0 
7f1704021000-7f1708000000 ---p 00000000 00:00 0 
7f1708000000-7f1708021000 rw-p 00000000 00:00 0 
7f1708021000-7f170c000000 ---p 00000000 00:00 0 
7f170c000000-7f170c021000 rw-p 00000000 00:00 0 
7f170c021000-7f1710000000 ---p 00000000 00:00 0 
7f171000a000-7f1710021000 r--s 00280000 08:11 5374230                    /media/osoler/HDD2/WORKSAPACE/Sudoku/lib/ojdbc6.jar
7f1710021000-7f1710046000 r--p 00000000 08:01 9201922                    /usr/share/locale-langpack/es/LC_MESSAGES/libc.mo
7f1710046000-7f171004b000 r-xp 00000000 08:01 7872535                    /usr/lib/x86_64-linux-gnu/libXtst.so.6.1.0
7f171004b000-7f171024a000 ---p 00005000 08:01 7872535                    /usr/lib/x86_64-linux-gnu/libXtst.so.6.1.0
7f171024a000-7f171024b000 r--p 00004000 08:01 7872535                    /usr/lib/x86_64-linux-gnu/libXtst.so.6.1.0
7f171024b000-7f171024c000 rw-p 00005000 08:01 7872535                    /usr/lib/x86_64-linux-gnu/libXtst.so.6.1.0
7f171024c000-7f1710255000 r-xp 00000000 08:01 7872529                    /usr/lib/x86_64-linux-gnu/libXrender.so.1.3.0
7f1710255000-7f1710454000 ---p 00009000 08:01 7872529                    /usr/lib/x86_64-linux-gnu/libXrender.so.1.3.0
7f1710454000-7f1710455000 r--p 00008000 08:01 7872529                    /usr/lib/x86_64-linux-gnu/libXrender.so.1.3.0
7f1710455000-7f1710456000 rw-p 00009000 08:01 7872529                    /usr/lib/x86_64-linux-gnu/libXrender.so.1.3.0
7f1710456000-7f171058b000 r-xp 00000000 08:01 7872492                    /usr/lib/x86_64-linux-gnu/libX11.so.6.3.0
7f171058b000-7f171078b000 ---p 00135000 08:01 7872492                    /usr/lib/x86_64-linux-gnu/libX11.so.6.3.0
7f171078b000-7f171078c000 r--p 00135000 08:01 7872492                    /usr/lib/x86_64-linux-gnu/libX11.so.6.3.0
7f171078c000-7f1710790000 rw-p 00136000 08:01 7872492                    /usr/lib/x86_64-linux-gnu/libX11.so.6.3.0
7f1710790000-7f17107a1000 r-xp 00000000 08:01 7872509                    /usr/lib/x86_64-linux-gnu/libXext.so.6.4.0
7f17107a1000-7f17109a0000 ---p 00011000 08:01 7872509                    /usr/lib/x86_64-linux-gnu/libXext.so.6.4.0
7f17109a0000-7f17109a1000 r--p 00010000 08:01 7872509                    /usr/lib/x86_64-linux-gnu/libXext.so.6.4.0
7f17109a1000-7f17109a2000 rw-p 00011000 08:01 7872509                    /usr/lib/x86_64-linux-gnu/libXext.so.6.4.0
7f17109ac000-7f17109bf000 r--s 00345000 08:01 8261569                    /usr/lib/jvm/java-8-oracle/jre/lib/resources.jar
7f17109bf000-7f1710a13000 r-xp 00000000 08:01 8398518                    /usr/lib/jvm/java-8-oracle/jre/lib/amd64/libawt_xawt.so
7f1710a13000-7f1710c13000 ---p 00054000 08:01 8398518                    /usr/lib/jvm/java-8-oracle/jre/lib/amd64/libawt_xawt.so
7f1710c13000-7f1710c17000 rw-p 00054000 08:01 8398518                    /usr/lib/jvm/java-8-oracle/jre/lib/amd64/libawt_xawt.so
7f1710c17000-7f1710c18000 rw-p 00000000 00:00 0 
7f1710c18000-7f1710cba000 r-xp 00000000 08:01 8398999                    /usr/lib/jvm/java-8-oracle/jre/lib/amd64/libawt.so
7f1710cba000-7f1710eba000 ---p 000a2000 08:01 8398999                    /usr/lib/jvm/java-8-oracle/jre/lib/amd64/libawt.so
7f1710eba000-7f1710ec6000 rw-p 000a2000 08:01 8398999                    /usr/lib/jvm/java-8-oracle/jre/lib/amd64/libawt.so
7f1710ec6000-7f1710eea000 rw-p 00000000 00:00 0 
7f1710eea000-7f1710eeb000 ---p 00000000 00:00 0 
7f1710eeb000-7f1710feb000 rw-p 00000000 00:00 0 
7f1710feb000-7f1710fee000 ---p 00000000 00:00 0 
7f1710fee000-7f17110ec000 rw-p 00000000 00:00 0 
7f17110ec000-7f17110ef000 ---p 00000000 00:00 0 
7f17110ef000-7f17111ed000 rw-p 00000000 00:00 0 
7f17111ed000-7f17111f0000 ---p 00000000 00:00 0 
7f17111f0000-7f17112ee000 rw-p 00000000 00:00 0 
7f17112ee000-7f17112f1000 ---p 00000000 00:00 0 
7f17112f1000-7f17113ef000 rw-p 00000000 00:00 0 
7f17113ef000-7f17113f2000 ---p 00000000 00:00 0 
7f17113f2000-7f17114f0000 rw-p 00000000 00:00 0 
7f17114f0000-7f1711a3d000 r--p 00000000 08:01 7864510                    /usr/lib/locale/locale-archive
7f1711a3d000-7f1711a40000 ---p 00000000 00:00 0 
7f1711a40000-7f1711b3e000 rw-p 00000000 00:00 0 
7f1711b3e000-7f1711b41000 ---p 00000000 00:00 0 
7f1711b41000-7f1711c3f000 rw-p 00000000 00:00 0 
7f1711c3f000-7f1711c40000 ---p 00000000 00:00 0 
7f1711c40000-7f1712d22000 rw-p 00000000 00:00 0 
7f1712d22000-7f1712efb000 r--s 03d3e000 08:01 8261549                    /usr/lib/jvm/java-8-oracle/jre/lib/rt.jar
7f1712efb000-7f1717875000 rw-p 00000000 00:00 0 
7f1717875000-7f1717876000 ---p 00000000 00:00 0 
7f1717876000-7f1717976000 rw-p 00000000 00:00 0 
7f1717976000-7f1717977000 ---p 00000000 00:00 0 
7f1717977000-7f1717a77000 rw-p 00000000 00:00 0 
7f1717a77000-7f1717a78000 ---p 00000000 00:00 0 
7f1717a78000-7f1717ba2000 rw-p 00000000 00:00 0 
7f1717ba2000-7f1717e0a000 ---p 00000000 00:00 0 
7f1717e0a000-7f1717e34000 rw-p 00000000 00:00 0 
7f1717e34000-7f171809b000 ---p 00000000 00:00 0 
7f171809b000-7f17180b0000 rw-p 00000000 00:00 0 
7f17180b0000-7f17181e4000 ---p 00000000 00:00 0 
7f17181e4000-7f17181f5000 rw-p 00000000 00:00 0 
7f17181f5000-7f17185a5000 ---p 00000000 00:00 0 
7f17185a5000-7f1718995000 rwxp 00000000 00:00 0 
7f1718995000-7f17275a5000 ---p 00000000 00:00 0 
7f17275a5000-7f17275bf000 r-xp 00000000 08:01 8398514                    /usr/lib/jvm/java-8-oracle/jre/lib/amd64/libzip.so
7f17275bf000-7f17277bf000 ---p 0001a000 08:01 8398514                    /usr/lib/jvm/java-8-oracle/jre/lib/amd64/libzip.so
7f17277bf000-7f17277c0000 rw-p 0001a000 08:01 8398514                    /usr/lib/jvm/java-8-oracle/jre/lib/amd64/libzip.so
7f17277c0000-7f17277cb000 r-xp 00000000 08:01 2097242                    /lib/x86_64-linux-gnu/libnss_files-2.23.so
7f17277cb000-7f17279ca000 ---p 0000b000 08:01 2097242                    /lib/x86_64-linux-gnu/libnss_files-2.23.so
7f17279ca000-7f17279cb000 r--p 0000a000 08:01 2097242                    /lib/x86_64-linux-gnu/libnss_files-2.23.so
7f17279cb000-7f17279cc000 rw-p 0000b000 08:01 2097242                    /lib/x86_64-linux-gnu/libnss_files-2.23.so
7f17279cc000-7f17279d2000 rw-p 00000000 00:00 0 
7f17279d2000-7f17279dd000 r-xp 00000000 08:01 2097235                    /lib/x86_64-linux-gnu/libnss_nis-2.23.so
7f17279dd000-7f1727bdc000 ---p 0000b000 08:01 2097235                    /lib/x86_64-linux-gnu/libnss_nis-2.23.so
7f1727bdc000-7f1727bdd000 r--p 0000a000 08:01 2097235                    /lib/x86_64-linux-gnu/libnss_nis-2.23.so
7f1727bdd000-7f1727bde000 rw-p 0000b000 08:01 2097235                    /lib/x86_64-linux-gnu/libnss_nis-2.23.so
7f1727bde000-7f1727bf4000 r-xp 00000000 08:01 2097237                    /lib/x86_64-linux-gnu/libnsl-2.23.so
7f1727bf4000-7f1727df3000 ---p 00016000 08:01 2097237                    /lib/x86_64-linux-gnu/libnsl-2.23.so
7f1727df3000-7f1727df4000 r--p 00015000 08:01 2097237                    /lib/x86_64-linux-gnu/libnsl-2.23.so
7f1727df4000-7f1727df5000 rw-p 00016000 08:01 2097237                    /lib/x86_64-linux-gnu/libnsl-2.23.so
7f1727df5000-7f1727df7000 rw-p 00000000 00:00 0 
7f1727df7000-7f1727dff000 r-xp 00000000 08:01 2097244                    /lib/x86_64-linux-gnu/libnss_compat-2.23.so
7f1727dff000-7f1727ffe000 ---p 00008000 08:01 2097244                    /lib/x86_64-linux-gnu/libnss_compat-2.23.so
7f1727ffe000-7f1727fff000 r--p 00007000 08:01 2097244                    /lib/x86_64-linux-gnu/libnss_compat-2.23.so
7f1727fff000-7f1728000000 rw-p 00008000 08:01 2097244                    /lib/x86_64-linux-gnu/libnss_compat-2.23.so
7f1728000000-7f172891c000 rw-p 00000000 00:00 0 
7f172891c000-7f172c000000 ---p 00000000 00:00 0 
7f172c006000-7f172c07c000 rw-p 00000000 00:00 0 
7f172c07c000-7f172c07d000 ---p 00000000 00:00 0 
7f172c07d000-7f172c17d000 rw-p 00000000 00:00 0 
7f172c17d000-7f172c1a8000 r-xp 00000000 08:01 8398989                    /usr/lib/jvm/java-8-oracle/jre/lib/amd64/libjava.so
7f172c1a8000-7f172c3a7000 ---p 0002b000 08:01 8398989                    /usr/lib/jvm/java-8-oracle/jre/lib/amd64/libjava.so
7f172c3a7000-7f172c3a9000 rw-p 0002a000 08:01 8398989                    /usr/lib/jvm/java-8-oracle/jre/lib/amd64/libjava.so
7f172c3a9000-7f172c3b6000 r-xp 00000000 08:01 8398176                    /usr/lib/jvm/java-8-oracle/jre/lib/amd64/libverify.so
7f172c3b6000-7f172c5b5000 ---p 0000d000 08:01 8398176                    /usr/lib/jvm/java-8-oracle/jre/lib/amd64/libverify.so
7f172c5b5000-7f172c5b7000 rw-p 0000c000 08:01 8398176                    /usr/lib/jvm/java-8-oracle/jre/lib/amd64/libverify.so
7f172c5b7000-7f172c5be000 r-xp 00000000 08:01 2097245                    /lib/x86_64-linux-gnu/librt-2.23.so
7f172c5be000-7f172c7bd000 ---p 00007000 08:01 2097245                    /lib/x86_64-linux-gnu/librt-2.23.so
7f172c7bd000-7f172c7be000 r--p 00006000 08:01 2097245                    /lib/x86_64-linux-gnu/librt-2.23.so
7f172c7be000-7f172c7bf000 rw-p 00007000 08:01 2097245                    /lib/x86_64-linux-gnu/librt-2.23.so
7f172c7bf000-7f172c8c7000 r-xp 00000000 08:01 2097236                    /lib/x86_64-linux-gnu/libm-2.23.so
7f172c8c7000-7f172cac6000 ---p 00108000 08:01 2097236                    /lib/x86_64-linux-gnu/libm-2.23.so
7f172cac6000-7f172cac7000 r--p 00107000 08:01 2097236                    /lib/x86_64-linux-gnu/libm-2.23.so
7f172cac7000-7f172cac8000 rw-p 00108000 08:01 2097236                    /lib/x86_64-linux-gnu/libm-2.23.so
7f172cac8000-7f172d796000 r-xp 00000000 08:01 8398993                    /usr/lib/jvm/java-8-oracle/jre/lib/amd64/server/libjvm.so
7f172d796000-7f172d996000 ---p 00cce000 08:01 8398993                    /usr/lib/jvm/java-8-oracle/jre/lib/amd64/server/libjvm.so
7f172d996000-7f172da6f000 rw-p 00cce000 08:01 8398993                    /usr/lib/jvm/java-8-oracle/jre/lib/amd64/server/libjvm.so
7f172da6f000-7f172daba000 rw-p 00000000 00:00 0 
7f172daba000-7f172dc79000 r-xp 00000000 08:01 2097238                    /lib/x86_64-linux-gnu/libc-2.23.so
7f172dc79000-7f172de79000 ---p 001bf000 08:01 2097238                    /lib/x86_64-linux-gnu/libc-2.23.so
7f172de79000-7f172de7d000 r--p 001bf000 08:01 2097238                    /lib/x86_64-linux-gnu/libc-2.23.so
7f172de7d000-7f172de7f000 rw-p 001c3000 08:01 2097238                    /lib/x86_64-linux-gnu/libc-2.23.so
7f172de7f000-7f172de83000 rw-p 00000000 00:00 0 
7f172de83000-7f172de86000 r-xp 00000000 08:01 2097177                    /lib/x86_64-linux-gnu/libdl-2.23.so
7f172de86000-7f172e085000 ---p 00003000 08:01 2097177                    /lib/x86_64-linux-gnu/libdl-2.23.so
7f172e085000-7f172e086000 r--p 00002000 08:01 2097177                    /lib/x86_64-linux-gnu/libdl-2.23.so
7f172e086000-7f172e087000 rw-p 00003000 08:01 2097177                    /lib/x86_64-linux-gnu/libdl-2.23.so
7f172e087000-7f172e09c000 r-xp 00000000 08:01 8001894                    /usr/lib/jvm/java-8-oracle/lib/amd64/jli/libjli.so
7f172e09c000-7f172e29c000 ---p 00015000 08:01 8001894                    /usr/lib/jvm/java-8-oracle/lib/amd64/jli/libjli.so
7f172e29c000-7f172e29d000 rw-p 00015000 08:01 8001894                    /usr/lib/jvm/java-8-oracle/lib/amd64/jli/libjli.so
7f172e29d000-7f172e2b5000 r-xp 00000000 08:01 2097249                    /lib/x86_64-linux-gnu/libpthread-2.23.so
7f172e2b5000-7f172e4b4000 ---p 00018000 08:01 2097249                    /lib/x86_64-linux-gnu/libpthread-2.23.so
7f172e4b4000-7f172e4b5000 r--p 00017000 08:01 2097249                    /lib/x86_64-linux-gnu/libpthread-2.23.so
7f172e4b5000-7f172e4b6000 rw-p 00018000 08:01 2097249                    /lib/x86_64-linux-gnu/libpthread-2.23.so
7f172e4b6000-7f172e4ba000 rw-p 00000000 00:00 0 
7f172e4ba000-7f172e4e0000 r-xp 00000000 08:01 2097239                    /lib/x86_64-linux-gnu/ld-2.23.so
7f172e4ec000-7f172e4f0000 r--s 0009a000 08:01 8261530                    /usr/lib/jvm/java-8-oracle/jre/lib/jsse.jar
7f172e4f0000-7f172e5bb000 rw-p 00000000 00:00 0 
7f172e5bb000-7f172e5be000 ---p 00000000 00:00 0 
7f172e5be000-7f172e6c0000 rw-p 00000000 00:00 0 
7f172e6c2000-7f172e6cc000 r--s 00116000 08:01 8399013                    /usr/lib/jvm/java-8-oracle/jre/lib/ext/localedata.jar
7f172e6cc000-7f172e6d3000 r--s 00000000 08:01 8132571                    /usr/lib/x86_64-linux-gnu/gconv/gconv-modules.cache
7f172e6d3000-7f172e6db000 rw-s 00000000 08:01 14024744                   /tmp/hsperfdata_osoler/14256
7f172e6db000-7f172e6dc000 rw-p 00000000 00:00 0 
7f172e6dc000-7f172e6dd000 r--p 00000000 00:00 0 
7f172e6dd000-7f172e6df000 rw-p 00000000 00:00 0 
7f172e6df000-7f172e6e0000 r--p 00025000 08:01 2097239                    /lib/x86_64-linux-gnu/ld-2.23.so
7f172e6e0000-7f172e6e1000 rw-p 00026000 08:01 2097239                    /lib/x86_64-linux-gnu/ld-2.23.so
7f172e6e1000-7f172e6e2000 rw-p 00000000 00:00 0 
7fffe59f4000-7fffe5a15000 rw-p 00000000 00:00 0                          [stack]
7fffe5a19000-7fffe5a1b000 r--p 00000000 00:00 0                          [vvar]
7fffe5a1b000-7fffe5a1d000 r-xp 00000000 00:00 0                          [vdso]
ffffffffff600000-ffffffffff601000 r-xp 00000000 00:00 0                  [vsyscall]

VM Arguments:
jvm_args: -Dfile.encoding=UTF-8 
java_command: Presentacio.UserLoginBBDD
java_class_path (initial): /media/osoler/HDD2/WORKSAPACE/Sudoku/bin:/media/osoler/HDD2/WORKSAPACE/Sudoku/lib/ojdbc6.jar
Launcher Type: SUN_STANDARD

Environment Variables:
JAVA_HOME=/usr/lib/jvm/java-8-oracle
PATH=/home/osoler/bin:/home/osoler/.local/bin:/usr/local/sbin:/usr/local/bin:/usr/sbin:/usr/bin:/sbin:/bin:/usr/games:/usr/local/games:/snap/bin:/usr/lib/jvm/java-8-oracle/bin:/usr/lib/jvm/java-8-oracle/db/bin:/usr/lib/jvm/java-8-oracle/jre/bin
SHELL=/bin/bash
DISPLAY=:0

Signal Handlers:
SIGSEGV: [libjvm.so+0xac78c0], sa_mask[0]=11111111011111111101111111111110, sa_flags=SA_RESTART|SA_SIGINFO
SIGBUS: [libjvm.so+0xac78c0], sa_mask[0]=11111111011111111101111111111110, sa_flags=SA_RESTART|SA_SIGINFO
SIGFPE: [libjvm.so+0x920ac0], sa_mask[0]=11111111011111111101111111111110, sa_flags=SA_RESTART|SA_SIGINFO
SIGPIPE: [libjvm.so+0x920ac0], sa_mask[0]=11111111011111111101111111111110, sa_flags=SA_RESTART|SA_SIGINFO
SIGXFSZ: [libjvm.so+0x920ac0], sa_mask[0]=11111111011111111101111111111110, sa_flags=SA_RESTART|SA_SIGINFO
SIGILL: [libjvm.so+0x920ac0], sa_mask[0]=11111111011111111101111111111110, sa_flags=SA_RESTART|SA_SIGINFO
SIGUSR1: SIG_DFL, sa_mask[0]=00000000000000000000000000000000, sa_flags=none
SIGUSR2: [libjvm.so+0x922300], sa_mask[0]=00100000000000000000000000000000, sa_flags=SA_RESTART|SA_SIGINFO
SIGHUP: [libjvm.so+0x923700], sa_mask[0]=11111111011111111101111111111110, sa_flags=SA_RESTART|SA_SIGINFO
SIGINT: [libjvm.so+0x923700], sa_mask[0]=11111111011111111101111111111110, sa_flags=SA_RESTART|SA_SIGINFO
SIGTERM: [libjvm.so+0x923700], sa_mask[0]=11111111011111111101111111111110, sa_flags=SA_RESTART|SA_SIGINFO
SIGQUIT: [libjvm.so+0x923700], sa_mask[0]=11111111011111111101111111111110, sa_flags=SA_RESTART|SA_SIGINFO


---------------  S Y S T E M  ---------------

OS:DISTRIB_ID=Ubuntu
DISTRIB_RELEASE=16.04
DISTRIB_CODENAME=xenial
DISTRIB_DESCRIPTION="Ubuntu 16.04.2 LTS"

uname:Linux 4.8.0-52-generic #55~16.04.1-Ubuntu SMP Fri Apr 28 14:36:29 UTC 2017 x86_64
libc:glibc 2.23 NPTL 2.23 
rlimit: STACK 8192k, CORE 0k, NPROC 31367, NOFILE 65536, AS infinity
load average:0,12 0,23 0,35

/proc/meminfo:
MemTotal:        8072448 kB
MemFree:         4355808 kB
MemAvailable:    5802340 kB
Buffers:          214624 kB
Cached:          1733396 kB
SwapCached:            0 kB
Active:          2439772 kB
Inactive:        1006068 kB
Active(anon):    1502564 kB
Inactive(anon):   350216 kB
Active(file):     937208 kB
Inactive(file):   655852 kB
Unevictable:          32 kB
Mlocked:              32 kB
SwapTotal:       8284156 kB
SwapFree:        8284156 kB
Dirty:                 0 kB
Writeback:             0 kB
AnonPages:       1253696 kB
Mapped:           240676 kB
Shmem:            354796 kB
Slab:             185296 kB
SReclaimable:     147600 kB
SUnreclaim:        37696 kB
KernelStack:        6992 kB
PageTables:        12856 kB
NFS_Unstable:          0 kB
Bounce:                0 kB
WritebackTmp:          0 kB
CommitLimit:    12320380 kB
Committed_AS:    3611636 kB
VmallocTotal:   34359738367 kB
VmallocUsed:           0 kB
VmallocChunk:          0 kB
HardwareCorrupted:     0 kB
AnonHugePages:    710656 kB
ShmemHugePages:        0 kB
ShmemPmdMapped:        0 kB
CmaTotal:              0 kB
CmaFree:               0 kB
HugePages_Total:       0
HugePages_Free:        0
HugePages_Rsvd:        0
HugePages_Surp:        0
Hugepagesize:       2048 kB
DirectMap4k:      137392 kB
DirectMap2M:     5003264 kB
DirectMap1G:     3145728 kB


CPU:total 4 (2 cores per cpu, 2 threads per core) family 6 model 61 stepping 4, cmov, cx8, fxsr, mmx, sse, sse2, sse3, ssse3, sse4.1, sse4.2, popcnt, avx, avx2, aes, clmul, erms, 3dnowpref, lzcnt, ht, tsc, tscinvbit, bmi1, bmi2, adx

/proc/cpuinfo:
processor	: 0
vendor_id	: GenuineIntel
cpu family	: 6
model		: 61
model name	: Intel(R) Core(TM) i7-5500U CPU @ 2.40GHz
stepping	: 4
microcode	: 0x22
cpu MHz		: 2904.931
cache size	: 4096 KB
physical id	: 0
siblings	: 4
core id		: 0
cpu cores	: 2
apicid		: 0
initial apicid	: 0
fpu		: yes
fpu_exception	: yes
cpuid level	: 20
wp		: yes
flags		: fpu vme de pse tsc msr pae mce cx8 apic sep mtrr pge mca cmov pat pse36 clflush dts acpi mmx fxsr sse sse2 ss ht tm pbe syscall nx pdpe1gb rdtscp lm constant_tsc arch_perfmon pebs bts rep_good nopl xtopology nonstop_tsc aperfmperf eagerfpu pni pclmulqdq dtes64 monitor ds_cpl vmx est tm2 ssse3 sdbg fma cx16 xtpr pdcm pcid sse4_1 sse4_2 x2apic movbe popcnt tsc_deadline_timer aes xsave avx f16c rdrand lahf_lm abm 3dnowprefetch epb intel_pt tpr_shadow vnmi flexpriority ept vpid fsgsbase tsc_adjust bmi1 avx2 smep bmi2 erms invpcid rdseed adx smap xsaveopt dtherm ida arat pln pts
bugs		:
bogomips	: 4792.93
clflush size	: 64
cache_alignment	: 64
address sizes	: 39 bits physical, 48 bits virtual
power management:

processor	: 1
vendor_id	: GenuineIntel
cpu family	: 6
model		: 61
model name	: Intel(R) Core(TM) i7-5500U CPU @ 2.40GHz
stepping	: 4
microcode	: 0x22
cpu MHz		: 2899.951
cache size	: 4096 KB
physical id	: 0
siblings	: 4
core id		: 1
cpu cores	: 2
apicid		: 2
initial apicid	: 2
fpu		: yes
fpu_exception	: yes
cpuid level	: 20
wp		: yes
flags		: fpu vme de pse tsc msr pae mce cx8 apic sep mtrr pge mca cmov pat pse36 clflush dts acpi mmx fxsr sse sse2 ss ht tm pbe syscall nx pdpe1gb rdtscp lm constant_tsc arch_perfmon pebs bts rep_good nopl xtopology nonstop_tsc aperfmperf eagerfpu pni pclmulqdq dtes64 monitor ds_cpl vmx est tm2 ssse3 sdbg fma cx16 xtpr pdcm pcid sse4_1 sse4_2 x2apic movbe popcnt tsc_deadline_timer aes xsave avx f16c rdrand lahf_lm abm 3dnowprefetch epb intel_pt tpr_shadow vnmi flexpriority ept vpid fsgsbase tsc_adjust bmi1 avx2 smep bmi2 erms invpcid rdseed adx smap xsaveopt dtherm ida arat pln pts
bugs		:
bogomips	: 4792.93
clflush size	: 64
cache_alignment	: 64
address sizes	: 39 bits physical, 48 bits virtual
power management:

processor	: 2
vendor_id	: GenuineIntel
cpu family	: 6
model		: 61
model name	: Intel(R) Core(TM) i7-5500U CPU @ 2.40GHz
stepping	: 4
microcode	: 0x22
cpu MHz		: 2904.931
cache size	: 4096 KB
physical id	: 0
siblings	: 4
core id		: 0
cpu cores	: 2
apicid		: 1
initial apicid	: 1
fpu		: yes
fpu_exception	: yes
cpuid level	: 20
wp		: yes
flags		: fpu vme de pse tsc msr pae mce cx8 apic sep mtrr pge mca cmov pat pse36 clflush dts acpi mmx fxsr sse sse2 ss ht tm pbe syscall nx pdpe1gb rdtscp lm constant_tsc arch_perfmon pebs bts rep_good nopl xtopology nonstop_tsc aperfmperf eagerfpu pni pclmulqdq dtes64 monitor ds_cpl vmx est tm2 ssse3 sdbg fma cx16 xtpr pdcm pcid sse4_1 sse4_2 x2apic movbe popcnt tsc_deadline_timer aes xsave avx f16c rdrand lahf_lm abm 3dnowprefetch epb intel_pt tpr_shadow vnmi flexpriority ept vpid fsgsbase tsc_adjust bmi1 avx2 smep bmi2 erms invpcid rdseed adx smap xsaveopt dtherm ida arat pln pts
bugs		:
bogomips	: 4792.93
clflush size	: 64
cache_alignment	: 64
address sizes	: 39 bits physical, 48 bits virtual
power management:

processor	: 3
vendor_id	: GenuineIntel
cpu family	: 6
model		: 61
model name	: Intel(R) Core(TM) i7-5500U CPU @ 2.40GHz
stepping	: 4
microcode	: 0x22
cpu MHz		: 2899.951
cache size	: 4096 KB
physical id	: 0
siblings	: 4
core id		: 1
cpu cores	: 2
apicid		: 3
initial apicid	: 3
fpu		: yes
fpu_exception	: yes
cpuid level	: 20
wp		: yes
flags		: fpu vme de pse tsc msr pae mce cx8 apic sep mtrr pge mca cmov pat pse36 clflush dts acpi mmx fxsr sse sse2 ss ht tm pbe syscall nx pdpe1gb rdtscp lm constant_tsc arch_perfmon pebs bts rep_good nopl xtopology nonstop_tsc aperfmperf eagerfpu pni pclmulqdq dtes64 monitor ds_cpl vmx est tm2 ssse3 sdbg fma cx16 xtpr pdcm pcid sse4_1 sse4_2 x2apic movbe popcnt tsc_deadline_timer aes xsave avx f16c rdrand lahf_lm abm 3dnowprefetch epb intel_pt tpr_shadow vnmi flexpriority ept vpid fsgsbase tsc_adjust bmi1 avx2 smep bmi2 erms invpcid rdseed adx smap xsaveopt dtherm ida arat pln pts
bugs		:
bogomips	: 4792.93
clflush size	: 64
cache_alignment	: 64
address sizes	: 39 bits physical, 48 bits virtual
power management:



Memory: 4k page, physical 8072448k(4355808k free), swap 8284156k(8284156k free)

vm_info: Java HotSpot(TM) 64-Bit Server VM (25.121-b13) for linux-amd64 JRE (1.8.0_121-b13), built on Dec 12 2016 16:36:53 by "java_re" with gcc 4.3.0 20080428 (Red Hat 4.3.0-8)

time: Tue May 23 13:59:56 2017
elapsed time: 14796 seconds (0d 4h 6m 36s)

