#
# A fatal error has been detected by the Java Runtime Environment:
#
#  SIGSEGV (0xb) at pc=0x00007f7f4d069a7a, pid=5458, tid=0x00007f7f3d94e700
#
# JRE version: Java(TM) SE Runtime Environment (8.0_121-b13) (build 1.8.0_121-b13)
# Java VM: Java HotSpot(TM) 64-Bit Server VM (25.121-b13 mixed mode linux-amd64 compressed oops)
# Problematic frame:
# v  ~BufferBlob::jni_fast_GetLongField
#
# Failed to write core dump. Core dumps have been disabled. To enable core dumping, try "ulimit -c unlimited" before starting Java again
#
# If you would like to submit a bug report, please visit:
#   http://bugreport.java.com/bugreport/crash.jsp
# The crash happened outside the Java Virtual Machine in native code.
# See problematic frame for where to report the bug.
#

---------------  T H R E A D  ---------------

Current thread (0x00007f7f5c223000):  JavaThread "AWT-XAWT" daemon [_thread_in_native, id=5479, stack(0x00007f7f3d84e000,0x00007f7f3d94f000)]

siginfo: si_signo: 11 (SIGSEGV), si_code: 1 (SEGV_MAPERR), si_addr: 0x0000000000000000

Registers:
RAX=0x00007f7f64628f60, RBX=0x00007f7f5c2231f8, RCX=0x00007f7f650902c0, RDX=0x0000000000000042
RSP=0x00007f7f3d94d638, RBP=0x00007f7f3d94d660, RSI=0x0000000000000000, RDI=0x00007f7f5c2231f8
R8 =0x00000000d76297d0, R9 =0x0000000000000000, R10=0x0000000000000030, R11=0x00007f7f4d37d518
R12=0x00007f7efc00c9d0, R13=0x0000000000000000, R14=0x00007f7f3f6df7e0, R15=0x00007f7f5c223000
RIP=0x00007f7f4d069a7a, EFLAGS=0x0000000000010246, CSGSFS=0x002b000000000033, ERR=0x0000000000000004
  TRAPNO=0x000000000000000e

Top of Stack: (sp=0x00007f7f3d94d638)
0x00007f7f3d94d638:   00007f7f3f4bdee1 00007f7f60cdd610
0x00007f7f3d94d648:   00007f7efc00c9d0 00007f7f3d94d710
0x00007f7f3d94d658:   00007f7f3d94d6e0 0000000000000000
0x00007f7f3d94d668:   00007f7f3ef9f3c0 00007f7f60cdd610
0x00007f7f3d94d678:   00007f7f3d94d6a0 0000000000000000
0x00007f7f3d94d688:   00007f7f3ef96f93 00007f7f3d94d710
0x00007f7f3d94d698:   00007f7f3f4b711f 00007f7f3d94d6f0
0x00007f7f3d94d6a8:   00007f7f4d37d5b6 0000000000000000
0x00007f7f3d94d6b8:   00007f7f4d2064f6 00007f7f3d94d710
0x00007f7f3d94d6c8:   00007f7f4d1838ac 00007f7f3d94d770
0x00007f7f3d94d6d8:   00000000d71a9e00 00000000d717b830
0x00007f7f3d94d6e8:   0000000000000001 00007f7f3d94d770
0x00007f7f3d94d6f8:   00007f7f4d007a90 00007f7f3d94d770
0x00007f7f3d94d708:   00007f7f4d007a90 0000000000000000
0x00007f7f3d94d718:   00007f7f4d007dd0 00007f7f00000e30
0x00007f7f3d94d728:   00000000d721a010 00007f7f3d94d730
0x00007f7f3d94d738:   00007f7f60dd07bc 00007f7f3d94d7b8
0x00007f7f3d94d748:   00007f7f60dd9c28 0000000000000000
0x00007f7f3d94d758:   00007f7f60dd08f8 00007f7f3d94d710
0x00007f7f3d94d768:   00007f7f3d94d7b0 00007f7f3d94d800
0x00007f7f3d94d778:   00007f7f4d0082bd 0000000000000000
0x00007f7f3d94d788:   00000000d8086cf8 0000000000000000
0x00007f7f3d94d798:   0000000000000000 0000000000000000
0x00007f7f3d94d7a8:   00000000d721a010 0000000000000000
0x00007f7f3d94d7b8:   00000000d71b2820 00007f7f3d94d7c0
0x00007f7f3d94d7c8:   00007f7f60dd05fd 00007f7f3d94d810
0x00007f7f3d94d7d8:   00007f7f60dd9c28 0000000000000000
0x00007f7f3d94d7e8:   00007f7f60dd0608 00007f7f3d94d7b0
0x00007f7f3d94d7f8:   00007f7f3d94d810 00007f7f3d94d858
0x00007f7f3d94d808:   00007f7f4d008302 00000000d71b2820
0x00007f7f3d94d818:   00007f7f3d94d818 00007f7f6091f993
0x00007f7f3d94d828:   00007f7f3d94d868 00007f7f609a7010 

Instructions: (pc=0x00007f7f4d069a7a)
0x00007f7f4d069a5a:   00 00 00 00 00 00 44 8b 15 81 ef 5f 17 4c 8b ce
0x00007f7f4d069a6a:   41 f6 c2 01 0f 85 2e 00 00 00 4d 33 ca 4d 33 ca
0x00007f7f4d069a7a:   4d 8b 09 4c 8b da 49 c1 eb 02 4b 8b 04 19 49 bb
0x00007f7f4d069a8a:   e8 89 66 64 7f 7f 00 00 4c 33 d8 4c 33 d8 45 3b 

Register to memory mapping:

RAX=0x00007f7f64628f60: <offset 0xf85f60> in /usr/lib/jvm/java-8-oracle/jre/lib/amd64/server/libjvm.so at 0x00007f7f636a3000
RBX=0x00007f7f5c2231f8 is an unknown value
RCX=0x00007f7f650902c0: <offset 0x2182c0> in /lib/x86_64-linux-gnu/libpthread.so.0 at 0x00007f7f64e78000
RDX=0x0000000000000042 is an unknown value
RSP=0x00007f7f3d94d638 is pointing into the stack for thread: 0x00007f7f5c223000
RBP=0x00007f7f3d94d660 is pointing into the stack for thread: 0x00007f7f5c223000
RSI=0x0000000000000000 is an unknown value
RDI=0x00007f7f5c2231f8 is an unknown value
R8 =0x00000000d76297d0 is an oop
java.util.logging.Logger 
 - klass: 'java/util/logging/Logger'
R9 =0x0000000000000000 is an unknown value
R10=0x0000000000000030 is an unknown value
R11=0x00007f7f4d37d518 is at entry_point+24 in (nmethod*)0x00007f7f4d37d390
R12=0x00007f7efc00c9d0 is an unknown value
R13=0x0000000000000000 is an unknown value
R14=0x00007f7f3f6df7e0: <offset 0x2587e0> in /usr/lib/jvm/java-8-oracle/jre/lib/amd64/libawt_xawt.so at 0x00007f7f3f487000
R15=0x00007f7f5c223000 is a thread


Stack: [0x00007f7f3d84e000,0x00007f7f3d94f000],  sp=0x00007f7f3d94d638,  free space=1021k
Native frames: (J=compiled Java code, j=interpreted, Vv=VM code, C=native code)
v  ~BufferBlob::jni_fast_GetLongField
C  [libX11.so.6+0x643c0]  _XimServerDestroy+0x70

Java frames: (J=compiled Java code, j=interpreted, Vv=VM code)
J 1066  sun.awt.X11.XlibWrapper.XFilterEvent(JJ)Z (0 bytes) @ 0x00007f7f4d37d544 [0x00007f7f4d37d500+0x44]
j  sun.awt.X11.XToolkit.run(Z)V+300
j  sun.awt.X11.XToolkit.run()V+5
j  java.lang.Thread.run()V+11
v  ~StubRoutines::call_stub

---------------  P R O C E S S  ---------------

Java Threads: ( => current thread )
  0x00007f7f5c009800 JavaThread "DestroyJavaVM" [_thread_blocked, id=5460, stack(0x00007f7f65196000,0x00007f7f65297000)]
  0x00007f7efc019800 JavaThread "TimerQueue" daemon [_thread_blocked, id=5499, stack(0x00007f7f3c095000,0x00007f7f3c196000)]
  0x00007f7f5c2dd000 JavaThread "AWT-EventQueue-0" [_thread_blocked, id=5482, stack(0x00007f7f3c9a2000,0x00007f7f3caa3000)]
  0x00007f7f5c2db800 JavaThread "AWT-Shutdown" [_thread_blocked, id=5481, stack(0x00007f7f3caa3000,0x00007f7f3cba4000)]
=>0x00007f7f5c223000 JavaThread "AWT-XAWT" daemon [_thread_in_native, id=5479, stack(0x00007f7f3d84e000,0x00007f7f3d94f000)]
  0x00007f7f5c200000 JavaThread "Java2D Disposer" daemon [_thread_blocked, id=5478, stack(0x00007f7f3dd5f000,0x00007f7f3de60000)]
  0x00007f7f5c0c0000 JavaThread "Service Thread" daemon [_thread_blocked, id=5476, stack(0x00007f7f4405e000,0x00007f7f4415f000)]
  0x00007f7f5c0bd000 JavaThread "C1 CompilerThread2" daemon [_thread_blocked, id=5475, stack(0x00007f7f4415f000,0x00007f7f44260000)]
  0x00007f7f5c0bb800 JavaThread "C2 CompilerThread1" daemon [_thread_blocked, id=5474, stack(0x00007f7f4c0af000,0x00007f7f4c1b0000)]
  0x00007f7f5c0b8800 JavaThread "C2 CompilerThread0" daemon [_thread_blocked, id=5473, stack(0x00007f7f4c1b0000,0x00007f7f4c2b1000)]
  0x00007f7f5c0b7000 JavaThread "Signal Dispatcher" daemon [_thread_in_vm, id=5472, stack(0x00007f7f4c2b1000,0x00007f7f4c3b2000)]
  0x00007f7f5c084000 JavaThread "Finalizer" daemon [_thread_blocked, id=5471, stack(0x00007f7f4c3b2000,0x00007f7f4c4b3000)]
  0x00007f7f5c07f000 JavaThread "Reference Handler" daemon [_thread_blocked, id=5470, stack(0x00007f7f4c4b3000,0x00007f7f4c5b4000)]

Other Threads:
  0x00007f7f5c077800 VMThread [stack: 0x00007f7f4c5b4000,0x00007f7f4c6b5000] [id=5469]
  0x00007f7f5c0c3000 WatcherThread [stack: 0x00007f7f3f9b2000,0x00007f7f3fab3000] [id=5477]

VM state:not at safepoint (normal execution)

VM Mutex/Monitor currently owned by a thread:  ([mutex/lock_event])
[0x00007f7f5c005f30] Threads_lock - owner thread: 0x00007f7f5c0b7000

Heap:
 PSYoungGen      total 36864K, used 19178K [0x00000000d6f00000, 0x00000000d9800000, 0x0000000100000000)
  eden space 31744K, 60% used [0x00000000d6f00000,0x00000000d81ba8d8,0x00000000d8e00000)
  from space 5120K, 0% used [0x00000000d9300000,0x00000000d9300000,0x00000000d9800000)
  to   space 5120K, 0% used [0x00000000d8e00000,0x00000000d8e00000,0x00000000d9300000)
 ParOldGen       total 84992K, used 0K [0x0000000084c00000, 0x0000000089f00000, 0x00000000d6f00000)
  object space 84992K, 0% used [0x0000000084c00000,0x0000000084c00000,0x0000000089f00000)
 Metaspace       used 17970K, capacity 18158K, committed 18432K, reserved 1064960K
  class space    used 2109K, capacity 2190K, committed 2304K, reserved 1048576K

Card table byte_map: [0x00007f7f61b62000,0x00007f7f61f3d000] byte_map_base: 0x00007f7f6173c000

Marking Bits: (ParMarkBitMap*) 0x00007f7f64667c80
 Begin Bits: [0x00007f7f44260000, 0x00007f7f46130000)
 End Bits:   [0x00007f7f46130000, 0x00007f7f48000000)

Polling page: 0x00007f7f652b7000

CodeCache: size=245760Kb used=4243Kb max_used=4254Kb free=241516Kb
 bounds [0x00007f7f4d000000, 0x00007f7f4d430000, 0x00007f7f5c000000]
 total_blobs=1850 nmethods=1242 adapters=521
 compilation: enabled

Compilation events (10 events):
Event: 712,426 Thread 0x00007f7f5c0bd000 1238       3       java.util.Vector::<init> (53 bytes)
Event: 712,427 Thread 0x00007f7f5c0bd000 nmethod 1238 0x00007f7f4d423f10 code [0x00007f7f4d4240c0, 0x00007f7f4d424578]
Event: 1009,083 Thread 0x00007f7f5c0bd000 1239       3       sun.awt.X11.XMSelection$1::dispatchEvent (10 bytes)
Event: 1009,085 Thread 0x00007f7f5c0bd000 nmethod 1239 0x00007f7f4d424750 code [0x00007f7f4d424900, 0x00007f7f4d424d58]
Event: 1009,088 Thread 0x00007f7f5c0bd000 1240       3       sun.awt.X11.XMSelection::processRootEvent (32 bytes)
Event: 1009,088 Thread 0x00007f7f5c0bd000 nmethod 1240 0x00007f7f4d425050 code [0x00007f7f4d425200, 0x00007f7f4d4255d8]
Event: 1085,251 Thread 0x00007f7f5c0bb800 1241       4       java.util.TreeMap::getEntry (84 bytes)
Event: 1085,255 Thread 0x00007f7f5c0bb800 nmethod 1241 0x00007f7f4d428810 code [0x00007f7f4d428980, 0x00007f7f4d428d38]
Event: 1316,029 Thread 0x00007f7f5c0bb800 1242   !   4       sun.awt.X11.XToolkit::callTimeoutTasks (220 bytes)
Event: 1316,031 Thread 0x00007f7f5c0bb800 nmethod 1242 0x00007f7f4d428fd0 code [0x00007f7f4d429160, 0x00007f7f4d429358]

GC Heap History (0 events):
No events

Deoptimization events (7 events):
Event: 0,124 Thread 0x00007f7f5c009800 Uncommon trap: reason=null_check action=make_not_entrant pc=0x00007f7f4d161004 method=java.lang.String.equals(Ljava/lang/Object;)Z @ 8
Event: 2,291 Thread 0x00007f7f5c009800 Uncommon trap: reason=unstable_if action=reinterpret pc=0x00007f7f4d1b0f5c method=java.lang.String.<init>([CII)V @ 18
Event: 2,681 Thread 0x00007f7f5c009800 Uncommon trap: reason=unstable_if action=reinterpret pc=0x00007f7f4d235678 method=java.lang.String.indexOf([CII[CIII)I @ 3
Event: 4,315 Thread 0x00007f7f5c2dd000 Uncommon trap: reason=class_check action=maybe_recompile pc=0x00007f7f4d1769f0 method=java.lang.String.equals(Ljava/lang/Object;)Z @ 8
Event: 4,315 Thread 0x00007f7f5c2dd000 Uncommon trap: reason=class_check action=maybe_recompile pc=0x00007f7f4d1769f0 method=java.lang.String.equals(Ljava/lang/Object;)Z @ 8
Event: 4,435 Thread 0x00007f7f5c2dd000 Uncommon trap: reason=class_check action=maybe_recompile pc=0x00007f7f4d1769f0 method=java.lang.String.equals(Ljava/lang/Object;)Z @ 8
Event: 4,435 Thread 0x00007f7f5c2dd000 Uncommon trap: reason=class_check action=maybe_recompile pc=0x00007f7f4d1769f0 method=java.lang.String.equals(Ljava/lang/Object;)Z @ 8

Internal exceptions (10 events):
Event: 2,252 Thread 0x00007f7f5c009800 Exception <a 'java/lang/ArrayIndexOutOfBoundsException'> (0x00000000d76b3df8) thrown at [/HUDSON3/workspace/8-2-build-linux-amd64/jdk8u121/8372/hotspot/src/share/vm/runtime/sharedRuntime.cpp, line 605]
Event: 2,254 Thread 0x00007f7f5c009800 Exception <a 'java/lang/ArrayIndexOutOfBoundsException'> (0x00000000d76b5658) thrown at [/HUDSON3/workspace/8-2-build-linux-amd64/jdk8u121/8372/hotspot/src/share/vm/runtime/sharedRuntime.cpp, line 605]
Event: 2,262 Thread 0x00007f7f5c009800 Exception <a 'java/lang/ArrayIndexOutOfBoundsException'> (0x00000000d76dd4a8) thrown at [/HUDSON3/workspace/8-2-build-linux-amd64/jdk8u121/8372/hotspot/src/share/vm/runtime/sharedRuntime.cpp, line 605]
Event: 2,262 Thread 0x00007f7f5c009800 Exception <a 'java/lang/ArrayIndexOutOfBoundsException'> (0x00000000d76de710) thrown at [/HUDSON3/workspace/8-2-build-linux-amd64/jdk8u121/8372/hotspot/src/share/vm/runtime/sharedRuntime.cpp, line 605]
Event: 2,262 Thread 0x00007f7f5c009800 Exception <a 'java/lang/ArrayIndexOutOfBoundsException'> (0x00000000d76dfd38) thrown at [/HUDSON3/workspace/8-2-build-linux-amd64/jdk8u121/8372/hotspot/src/share/vm/runtime/sharedRuntime.cpp, line 605]
Event: 2,267 Thread 0x00007f7f5c009800 Exception <a 'java/lang/ArrayIndexOutOfBoundsException'> (0x00000000d7705868) thrown at [/HUDSON3/workspace/8-2-build-linux-amd64/jdk8u121/8372/hotspot/src/share/vm/runtime/sharedRuntime.cpp, line 605]
Event: 2,270 Thread 0x00007f7f5c009800 Exception <a 'java/lang/ArrayIndexOutOfBoundsException'> (0x00000000d7713ce0) thrown at [/HUDSON3/workspace/8-2-build-linux-amd64/jdk8u121/8372/hotspot/src/share/vm/runtime/sharedRuntime.cpp, line 605]
Event: 2,873 Thread 0x00007f7f5c2dd000 Exception <a 'java/lang/UnsupportedOperationException': > (0x00000000d757a0f0) thrown at [/HUDSON3/workspace/8-2-build-linux-amd64/jdk8u121/8372/hotspot/src/share/vm/prims/jni.cpp, line 735]
Event: 5,093 Thread 0x00007f7f5c2dd000 Exception <a 'java/lang/NullPointerException'> (0x00000000d75b9cc8) thrown at [/HUDSON3/workspace/8-2-build-linux-amd64/jdk8u121/8372/hotspot/src/share/vm/interpreter/linkResolver.cpp, line 1178]
Event: 5,206 Thread 0x00007f7f5c2dd000 Exception <a 'java/lang/UnsupportedOperationException': > (0x00000000d80ad6e0) thrown at [/HUDSON3/workspace/8-2-build-linux-amd64/jdk8u121/8372/hotspot/src/share/vm/prims/jni.cpp, line 735]

Events (10 events):
Event: 5,127 loading class java/awt/WaitDispatchSupport$4 done
Event: 5,129 Executing VM operation: RevokeBias
Event: 5,129 Executing VM operation: RevokeBias done
Event: 10,102 Thread 0x00007f7f5c2af800 Thread exited: 0x00007f7f5c2af800
Event: 1190,649 loading class sun/awt/X11/XkbEvent
Event: 1190,649 loading class sun/awt/X11/XkbEvent done
Event: 1190,649 loading class sun/awt/X11/XkbAnyEvent
Event: 1190,649 loading class sun/awt/X11/XkbAnyEvent done
Event: 1354,263 loading class sun/misc/Signal$1
Event: 1354,263 loading class sun/misc/Signal$1 done


Dynamic libraries:
00400000-00401000 r-xp 00000000 08:01 8261504                            /usr/lib/jvm/java-8-oracle/bin/java
00600000-00601000 rw-p 00000000 08:01 8261504                            /usr/lib/jvm/java-8-oracle/bin/java
0088b000-008ac000 rw-p 00000000 00:00 0                                  [heap]
84c00000-89f00000 rw-p 00000000 00:00 0 
89f00000-d6f00000 ---p 00000000 00:00 0 
d6f00000-d9800000 rw-p 00000000 00:00 0 
d9800000-100000000 ---p 00000000 00:00 0 
100000000-100240000 rw-p 00000000 00:00 0 
100240000-140000000 ---p 00000000 00:00 0 
7f7ef0000000-7f7ef0021000 rw-p 00000000 00:00 0 
7f7ef0021000-7f7ef4000000 ---p 00000000 00:00 0 
7f7ef8000000-7f7ef8021000 rw-p 00000000 00:00 0 
7f7ef8021000-7f7efc000000 ---p 00000000 00:00 0 
7f7efc000000-7f7efc02d000 rw-p 00000000 00:00 0 
7f7efc02d000-7f7f00000000 ---p 00000000 00:00 0 
7f7f00000000-7f7f00291000 rw-p 00000000 00:00 0 
7f7f00291000-7f7f04000000 ---p 00000000 00:00 0 
7f7f04000000-7f7f04021000 rw-p 00000000 00:00 0 
7f7f04021000-7f7f08000000 ---p 00000000 00:00 0 
7f7f08000000-7f7f08021000 rw-p 00000000 00:00 0 
7f7f08021000-7f7f0c000000 ---p 00000000 00:00 0 
7f7f0c000000-7f7f0c021000 rw-p 00000000 00:00 0 
7f7f0c021000-7f7f10000000 ---p 00000000 00:00 0 
7f7f10000000-7f7f1050a000 rw-p 00000000 00:00 0 
7f7f1050a000-7f7f14000000 ---p 00000000 00:00 0 
7f7f14000000-7f7f14021000 rw-p 00000000 00:00 0 
7f7f14021000-7f7f18000000 ---p 00000000 00:00 0 
7f7f18000000-7f7f1811e000 rw-p 00000000 00:00 0 
7f7f1811e000-7f7f1c000000 ---p 00000000 00:00 0 
7f7f1c000000-7f7f1c10f000 rw-p 00000000 00:00 0 
7f7f1c10f000-7f7f20000000 ---p 00000000 00:00 0 
7f7f20000000-7f7f20021000 rw-p 00000000 00:00 0 
7f7f20021000-7f7f24000000 ---p 00000000 00:00 0 
7f7f24000000-7f7f24021000 rw-p 00000000 00:00 0 
7f7f24021000-7f7f28000000 ---p 00000000 00:00 0 
7f7f28000000-7f7f28021000 rw-p 00000000 00:00 0 
7f7f28021000-7f7f2c000000 ---p 00000000 00:00 0 
7f7f2c000000-7f7f2c021000 rw-p 00000000 00:00 0 
7f7f2c021000-7f7f30000000 ---p 00000000 00:00 0 
7f7f30000000-7f7f30021000 rw-p 00000000 00:00 0 
7f7f30021000-7f7f34000000 ---p 00000000 00:00 0 
7f7f379de000-7f7f37b9e000 rw-p 00000000 00:00 0 
7f7f37b9e000-7f7f37bde000 ---p 00000000 00:00 0 
7f7f37bde000-7f7f37bf5000 r-xp 00000000 08:01 2101590                    /lib/x86_64-linux-gnu/libresolv-2.23.so
7f7f37bf5000-7f7f37df5000 ---p 00017000 08:01 2101590                    /lib/x86_64-linux-gnu/libresolv-2.23.so
7f7f37df5000-7f7f37df6000 r--p 00017000 08:01 2101590                    /lib/x86_64-linux-gnu/libresolv-2.23.so
7f7f37df6000-7f7f37df7000 rw-p 00018000 08:01 2101590                    /lib/x86_64-linux-gnu/libresolv-2.23.so
7f7f37df7000-7f7f37df9000 rw-p 00000000 00:00 0 
7f7f37df9000-7f7f37dfe000 r-xp 00000000 08:01 2101727                    /lib/x86_64-linux-gnu/libnss_dns-2.23.so
7f7f37dfe000-7f7f37ffe000 ---p 00005000 08:01 2101727                    /lib/x86_64-linux-gnu/libnss_dns-2.23.so
7f7f37ffe000-7f7f37fff000 r--p 00005000 08:01 2101727                    /lib/x86_64-linux-gnu/libnss_dns-2.23.so
7f7f37fff000-7f7f38000000 rw-p 00006000 08:01 2101727                    /lib/x86_64-linux-gnu/libnss_dns-2.23.so
7f7f38000000-7f7f38021000 rw-p 00000000 00:00 0 
7f7f38021000-7f7f3c000000 ---p 00000000 00:00 0 
7f7f3c095000-7f7f3c098000 ---p 00000000 00:00 0 
7f7f3c098000-7f7f3c196000 rw-p 00000000 00:00 0 
7f7f3c196000-7f7f3c198000 r-xp 00000000 08:01 2101813                    /lib/x86_64-linux-gnu/libnss_mdns4_minimal.so.2
7f7f3c198000-7f7f3c397000 ---p 00002000 08:01 2101813                    /lib/x86_64-linux-gnu/libnss_mdns4_minimal.so.2
7f7f3c397000-7f7f3c398000 r--p 00001000 08:01 2101813                    /lib/x86_64-linux-gnu/libnss_mdns4_minimal.so.2
7f7f3c398000-7f7f3c399000 rw-p 00002000 08:01 2101813                    /lib/x86_64-linux-gnu/libnss_mdns4_minimal.so.2
7f7f3c399000-7f7f3c599000 rw-p 00000000 00:00 0 
7f7f3c599000-7f7f3c5a2000 r-xp 00000000 08:01 8398527                    /usr/lib/jvm/java-8-oracle/jre/lib/amd64/libmanagement.so
7f7f3c5a2000-7f7f3c7a1000 ---p 00009000 08:01 8398527                    /usr/lib/jvm/java-8-oracle/jre/lib/amd64/libmanagement.so
7f7f3c7a1000-7f7f3c7a2000 rw-p 00008000 08:01 8398527                    /usr/lib/jvm/java-8-oracle/jre/lib/amd64/libmanagement.so
7f7f3c7a2000-7f7f3c9a2000 rw-p 00000000 00:00 0 
7f7f3c9a2000-7f7f3c9a5000 ---p 00000000 00:00 0 
7f7f3c9a5000-7f7f3caa3000 rw-p 00000000 00:00 0 
7f7f3caa3000-7f7f3caa6000 ---p 00000000 00:00 0 
7f7f3caa6000-7f7f3cda4000 rw-p 00000000 00:00 0 
7f7f3cda4000-7f7f3cda7000 ---p 00000000 00:00 0 
7f7f3cda7000-7f7f3cea5000 rw-p 00000000 00:00 0 
7f7f3cea5000-7f7f3cf0e000 r-xp 00000000 08:01 8398996                    /usr/lib/jvm/java-8-oracle/jre/lib/amd64/libt2k.so
7f7f3cf0e000-7f7f3d10e000 ---p 00069000 08:01 8398996                    /usr/lib/jvm/java-8-oracle/jre/lib/amd64/libt2k.so
7f7f3d10e000-7f7f3d115000 rw-p 00069000 08:01 8398996                    /usr/lib/jvm/java-8-oracle/jre/lib/amd64/libt2k.so
7f7f3d115000-7f7f3d125000 rw-p 00000000 00:00 0 
7f7f3d125000-7f7f3d136000 r-xp 00000000 08:01 8398516                    /usr/lib/jvm/java-8-oracle/jre/lib/amd64/libnio.so
7f7f3d136000-7f7f3d335000 ---p 00011000 08:01 8398516                    /usr/lib/jvm/java-8-oracle/jre/lib/amd64/libnio.so
7f7f3d335000-7f7f3d336000 rw-p 00010000 08:01 8398516                    /usr/lib/jvm/java-8-oracle/jre/lib/amd64/libnio.so
7f7f3d336000-7f7f3d637000 rw-p 00000000 00:00 0 
7f7f3d637000-7f7f3d64d000 r-xp 00000000 08:01 8398175                    /usr/lib/jvm/java-8-oracle/jre/lib/amd64/libnet.so
7f7f3d64d000-7f7f3d84d000 ---p 00016000 08:01 8398175                    /usr/lib/jvm/java-8-oracle/jre/lib/amd64/libnet.so
7f7f3d84d000-7f7f3d84e000 rw-p 00016000 08:01 8398175                    /usr/lib/jvm/java-8-oracle/jre/lib/amd64/libnet.so
7f7f3d84e000-7f7f3d851000 ---p 00000000 00:00 0 
7f7f3d851000-7f7f3d94f000 rw-p 00000000 00:00 0 
7f7f3d94f000-7f7f3d954000 r-xp 00000000 08:01 7872511                    /usr/lib/x86_64-linux-gnu/libXfixes.so.3.1.0
7f7f3d954000-7f7f3db53000 ---p 00005000 08:01 7872511                    /usr/lib/x86_64-linux-gnu/libXfixes.so.3.1.0
7f7f3db53000-7f7f3db54000 r--p 00004000 08:01 7872511                    /usr/lib/x86_64-linux-gnu/libXfixes.so.3.1.0
7f7f3db54000-7f7f3db55000 rw-p 00005000 08:01 7872511                    /usr/lib/x86_64-linux-gnu/libXfixes.so.3.1.0
7f7f3db55000-7f7f3db5e000 r-xp 00000000 08:01 7872503                    /usr/lib/x86_64-linux-gnu/libXcursor.so.1.0.2
7f7f3db5e000-7f7f3dd5d000 ---p 00009000 08:01 7872503                    /usr/lib/x86_64-linux-gnu/libXcursor.so.1.0.2
7f7f3dd5d000-7f7f3dd5e000 r--p 00008000 08:01 7872503                    /usr/lib/x86_64-linux-gnu/libXcursor.so.1.0.2
7f7f3dd5e000-7f7f3dd5f000 rw-p 00009000 08:01 7872503                    /usr/lib/x86_64-linux-gnu/libXcursor.so.1.0.2
7f7f3dd5f000-7f7f3dd62000 ---p 00000000 00:00 0 
7f7f3dd62000-7f7f3de60000 rw-p 00000000 00:00 0 
7f7f3de60000-7f7f3de76000 r-xp 00000000 08:01 2101746                    /lib/x86_64-linux-gnu/libgcc_s.so.1
7f7f3de76000-7f7f3e075000 ---p 00016000 08:01 2101746                    /lib/x86_64-linux-gnu/libgcc_s.so.1
7f7f3e075000-7f7f3e076000 rw-p 00015000 08:01 2101746                    /lib/x86_64-linux-gnu/libgcc_s.so.1
7f7f3e076000-7f7f3e0db000 r-xp 00000000 08:01 8398448                    /usr/lib/jvm/java-8-oracle/jre/lib/amd64/libfontmanager.so
7f7f3e0db000-7f7f3e2da000 ---p 00065000 08:01 8398448                    /usr/lib/jvm/java-8-oracle/jre/lib/amd64/libfontmanager.so
7f7f3e2da000-7f7f3e2df000 rw-p 00064000 08:01 8398448                    /usr/lib/jvm/java-8-oracle/jre/lib/amd64/libfontmanager.so
7f7f3e2df000-7f7f3e2ef000 rw-p 00000000 00:00 0 
7f7f3e2ef000-7f7f3e2f4000 r-xp 00000000 08:01 7872507                    /usr/lib/x86_64-linux-gnu/libXdmcp.so.6.0.0
7f7f3e2f4000-7f7f3e4f3000 ---p 00005000 08:01 7872507                    /usr/lib/x86_64-linux-gnu/libXdmcp.so.6.0.0
7f7f3e4f3000-7f7f3e4f4000 r--p 00004000 08:01 7872507                    /usr/lib/x86_64-linux-gnu/libXdmcp.so.6.0.0
7f7f3e4f4000-7f7f3e4f5000 rw-p 00005000 08:01 7872507                    /usr/lib/x86_64-linux-gnu/libXdmcp.so.6.0.0
7f7f3e4f5000-7f7f3e4f7000 r-xp 00000000 08:01 7872496                    /usr/lib/x86_64-linux-gnu/libXau.so.6.0.0
7f7f3e4f7000-7f7f3e6f7000 ---p 00002000 08:01 7872496                    /usr/lib/x86_64-linux-gnu/libXau.so.6.0.0
7f7f3e6f7000-7f7f3e6f8000 r--p 00002000 08:01 7872496                    /usr/lib/x86_64-linux-gnu/libXau.so.6.0.0
7f7f3e6f8000-7f7f3e6f9000 rw-p 00003000 08:01 7872496                    /usr/lib/x86_64-linux-gnu/libXau.so.6.0.0
7f7f3e6f9000-7f7f3e71a000 r-xp 00000000 08:01 7873905                    /usr/lib/x86_64-linux-gnu/libxcb.so.1.1.0
7f7f3e71a000-7f7f3e919000 ---p 00021000 08:01 7873905                    /usr/lib/x86_64-linux-gnu/libxcb.so.1.1.0
7f7f3e919000-7f7f3e91a000 r--p 00020000 08:01 7873905                    /usr/lib/x86_64-linux-gnu/libxcb.so.1.1.0
7f7f3e91a000-7f7f3e91b000 rw-p 00021000 08:01 7873905                    /usr/lib/x86_64-linux-gnu/libxcb.so.1.1.0
7f7f3e91b000-7f7f3e92a000 r-xp 00000000 08:01 7872517                    /usr/lib/x86_64-linux-gnu/libXi.so.6.1.0
7f7f3e92a000-7f7f3eb29000 ---p 0000f000 08:01 7872517                    /usr/lib/x86_64-linux-gnu/libXi.so.6.1.0
7f7f3eb29000-7f7f3eb2a000 r--p 0000e000 08:01 7872517                    /usr/lib/x86_64-linux-gnu/libXi.so.6.1.0
7f7f3eb2a000-7f7f3eb2b000 rw-p 0000f000 08:01 7872517                    /usr/lib/x86_64-linux-gnu/libXi.so.6.1.0
7f7f3eb2b000-7f7f3eb30000 r-xp 00000000 08:01 7872535                    /usr/lib/x86_64-linux-gnu/libXtst.so.6.1.0
7f7f3eb30000-7f7f3ed2f000 ---p 00005000 08:01 7872535                    /usr/lib/x86_64-linux-gnu/libXtst.so.6.1.0
7f7f3ed2f000-7f7f3ed30000 r--p 00004000 08:01 7872535                    /usr/lib/x86_64-linux-gnu/libXtst.so.6.1.0
7f7f3ed30000-7f7f3ed31000 rw-p 00005000 08:01 7872535                    /usr/lib/x86_64-linux-gnu/libXtst.so.6.1.0
7f7f3ed31000-7f7f3ed3a000 r-xp 00000000 08:01 7872529                    /usr/lib/x86_64-linux-gnu/libXrender.so.1.3.0
7f7f3ed3a000-7f7f3ef39000 ---p 00009000 08:01 7872529                    /usr/lib/x86_64-linux-gnu/libXrender.so.1.3.0
7f7f3ef39000-7f7f3ef3a000 r--p 00008000 08:01 7872529                    /usr/lib/x86_64-linux-gnu/libXrender.so.1.3.0
7f7f3ef3a000-7f7f3ef3b000 rw-p 00009000 08:01 7872529                    /usr/lib/x86_64-linux-gnu/libXrender.so.1.3.0
7f7f3ef3b000-7f7f3f070000 r-xp 00000000 08:01 7872492                    /usr/lib/x86_64-linux-gnu/libX11.so.6.3.0
7f7f3f070000-7f7f3f270000 ---p 00135000 08:01 7872492                    /usr/lib/x86_64-linux-gnu/libX11.so.6.3.0
7f7f3f270000-7f7f3f271000 r--p 00135000 08:01 7872492                    /usr/lib/x86_64-linux-gnu/libX11.so.6.3.0
7f7f3f271000-7f7f3f275000 rw-p 00136000 08:01 7872492                    /usr/lib/x86_64-linux-gnu/libX11.so.6.3.0
7f7f3f275000-7f7f3f286000 r-xp 00000000 08:01 7872509                    /usr/lib/x86_64-linux-gnu/libXext.so.6.4.0
7f7f3f286000-7f7f3f485000 ---p 00011000 08:01 7872509                    /usr/lib/x86_64-linux-gnu/libXext.so.6.4.0
7f7f3f485000-7f7f3f486000 r--p 00010000 08:01 7872509                    /usr/lib/x86_64-linux-gnu/libXext.so.6.4.0
7f7f3f486000-7f7f3f487000 rw-p 00011000 08:01 7872509                    /usr/lib/x86_64-linux-gnu/libXext.so.6.4.0
7f7f3f487000-7f7f3f4db000 r-xp 00000000 08:01 8398518                    /usr/lib/jvm/java-8-oracle/jre/lib/amd64/libawt_xawt.so
7f7f3f4db000-7f7f3f6db000 ---p 00054000 08:01 8398518                    /usr/lib/jvm/java-8-oracle/jre/lib/amd64/libawt_xawt.so
7f7f3f6db000-7f7f3f6df000 rw-p 00054000 08:01 8398518                    /usr/lib/jvm/java-8-oracle/jre/lib/amd64/libawt_xawt.so
7f7f3f6df000-7f7f3f6e0000 rw-p 00000000 00:00 0 
7f7f3f6e0000-7f7f3f782000 r-xp 00000000 08:01 8398999                    /usr/lib/jvm/java-8-oracle/jre/lib/amd64/libawt.so
7f7f3f782000-7f7f3f982000 ---p 000a2000 08:01 8398999                    /usr/lib/jvm/java-8-oracle/jre/lib/amd64/libawt.so
7f7f3f982000-7f7f3f98e000 rw-p 000a2000 08:01 8398999                    /usr/lib/jvm/java-8-oracle/jre/lib/amd64/libawt.so
7f7f3f98e000-7f7f3f9b2000 rw-p 00000000 00:00 0 
7f7f3f9b2000-7f7f3f9b3000 ---p 00000000 00:00 0 
7f7f3f9b3000-7f7f3fab3000 rw-p 00000000 00:00 0 
7f7f3fab3000-7f7f40000000 r--p 00000000 08:01 7864510                    /usr/lib/locale/locale-archive
7f7f40000000-7f7f40021000 rw-p 00000000 00:00 0 
7f7f40021000-7f7f44000000 ---p 00000000 00:00 0 
7f7f4405e000-7f7f44061000 ---p 00000000 00:00 0 
7f7f44061000-7f7f4415f000 rw-p 00000000 00:00 0 
7f7f4415f000-7f7f44162000 ---p 00000000 00:00 0 
7f7f44162000-7f7f48000000 rw-p 00000000 00:00 0 
7f7f48000000-7f7f48021000 rw-p 00000000 00:00 0 
7f7f48021000-7f7f4c000000 ---p 00000000 00:00 0 
7f7f4c044000-7f7f4c060000 r--s 00393000 08:01 8399016                    /usr/lib/jvm/java-8-oracle/jre/lib/ext/cldrdata.jar
7f7f4c060000-7f7f4c077000 r--s 00280000 08:11 5374230                    /media/osoler/HDD2/WORKSAPACE/Sudoku/lib/ojdbc6.jar
7f7f4c077000-7f7f4c08a000 r--s 00345000 08:01 8261569                    /usr/lib/jvm/java-8-oracle/jre/lib/resources.jar
7f7f4c08a000-7f7f4c0af000 r--p 00000000 08:01 9201922                    /usr/share/locale-langpack/es/LC_MESSAGES/libc.mo
7f7f4c0af000-7f7f4c0b2000 ---p 00000000 00:00 0 
7f7f4c0b2000-7f7f4c1b0000 rw-p 00000000 00:00 0 
7f7f4c1b0000-7f7f4c1b3000 ---p 00000000 00:00 0 
7f7f4c1b3000-7f7f4c2b1000 rw-p 00000000 00:00 0 
7f7f4c2b1000-7f7f4c2b4000 ---p 00000000 00:00 0 
7f7f4c2b4000-7f7f4c3b2000 rw-p 00000000 00:00 0 
7f7f4c3b2000-7f7f4c3b5000 ---p 00000000 00:00 0 
7f7f4c3b5000-7f7f4c4b3000 rw-p 00000000 00:00 0 
7f7f4c4b3000-7f7f4c4b6000 ---p 00000000 00:00 0 
7f7f4c4b6000-7f7f4c5b4000 rw-p 00000000 00:00 0 
7f7f4c5b4000-7f7f4c5b5000 ---p 00000000 00:00 0 
7f7f4c5b5000-7f7f4d000000 rw-p 00000000 00:00 0 
7f7f4d000000-7f7f4d430000 rwxp 00000000 00:00 0 
7f7f4d430000-7f7f5c000000 ---p 00000000 00:00 0 
7f7f5c000000-7f7f5c83a000 rw-p 00000000 00:00 0 
7f7f5c83a000-7f7f60000000 ---p 00000000 00:00 0 
7f7f6000c000-7f7f606a3000 rw-p 00000000 00:00 0 
7f7f606a3000-7f7f6087c000 r--s 03d3e000 08:01 8261549                    /usr/lib/jvm/java-8-oracle/jre/lib/rt.jar
7f7f6087c000-7f7f614cc000 rw-p 00000000 00:00 0 
7f7f614cc000-7f7f614cd000 ---p 00000000 00:00 0 
7f7f614cd000-7f7f615cd000 rw-p 00000000 00:00 0 
7f7f615cd000-7f7f615ce000 ---p 00000000 00:00 0 
7f7f615ce000-7f7f616ce000 rw-p 00000000 00:00 0 
7f7f616ce000-7f7f616cf000 ---p 00000000 00:00 0 
7f7f616cf000-7f7f617cf000 rw-p 00000000 00:00 0 
7f7f617cf000-7f7f617d0000 ---p 00000000 00:00 0 
7f7f617d0000-7f7f618fa000 rw-p 00000000 00:00 0 
7f7f618fa000-7f7f61b62000 ---p 00000000 00:00 0 
7f7f61b62000-7f7f61b8c000 rw-p 00000000 00:00 0 
7f7f61b8c000-7f7f61df3000 ---p 00000000 00:00 0 
7f7f61df3000-7f7f61e08000 rw-p 00000000 00:00 0 
7f7f61e08000-7f7f61f3c000 ---p 00000000 00:00 0 
7f7f61f3c000-7f7f61f4e000 rw-p 00000000 00:00 0 
7f7f61f4e000-7f7f622fd000 ---p 00000000 00:00 0 
7f7f622fd000-7f7f62317000 r-xp 00000000 08:01 8398514                    /usr/lib/jvm/java-8-oracle/jre/lib/amd64/libzip.so
7f7f62317000-7f7f62517000 ---p 0001a000 08:01 8398514                    /usr/lib/jvm/java-8-oracle/jre/lib/amd64/libzip.so
7f7f62517000-7f7f62518000 rw-p 0001a000 08:01 8398514                    /usr/lib/jvm/java-8-oracle/jre/lib/amd64/libzip.so
7f7f62518000-7f7f62523000 r-xp 00000000 08:01 2097242                    /lib/x86_64-linux-gnu/libnss_files-2.23.so
7f7f62523000-7f7f62722000 ---p 0000b000 08:01 2097242                    /lib/x86_64-linux-gnu/libnss_files-2.23.so
7f7f62722000-7f7f62723000 r--p 0000a000 08:01 2097242                    /lib/x86_64-linux-gnu/libnss_files-2.23.so
7f7f62723000-7f7f62724000 rw-p 0000b000 08:01 2097242                    /lib/x86_64-linux-gnu/libnss_files-2.23.so
7f7f62724000-7f7f6272a000 rw-p 00000000 00:00 0 
7f7f6272a000-7f7f62735000 r-xp 00000000 08:01 2097235                    /lib/x86_64-linux-gnu/libnss_nis-2.23.so
7f7f62735000-7f7f62934000 ---p 0000b000 08:01 2097235                    /lib/x86_64-linux-gnu/libnss_nis-2.23.so
7f7f62934000-7f7f62935000 r--p 0000a000 08:01 2097235                    /lib/x86_64-linux-gnu/libnss_nis-2.23.so
7f7f62935000-7f7f62936000 rw-p 0000b000 08:01 2097235                    /lib/x86_64-linux-gnu/libnss_nis-2.23.so
7f7f62936000-7f7f6294c000 r-xp 00000000 08:01 2097237                    /lib/x86_64-linux-gnu/libnsl-2.23.so
7f7f6294c000-7f7f62b4b000 ---p 00016000 08:01 2097237                    /lib/x86_64-linux-gnu/libnsl-2.23.so
7f7f62b4b000-7f7f62b4c000 r--p 00015000 08:01 2097237                    /lib/x86_64-linux-gnu/libnsl-2.23.so
7f7f62b4c000-7f7f62b4d000 rw-p 00016000 08:01 2097237                    /lib/x86_64-linux-gnu/libnsl-2.23.so
7f7f62b4d000-7f7f62b4f000 rw-p 00000000 00:00 0 
7f7f62b4f000-7f7f62b57000 r-xp 00000000 08:01 2097244                    /lib/x86_64-linux-gnu/libnss_compat-2.23.so
7f7f62b57000-7f7f62d56000 ---p 00008000 08:01 2097244                    /lib/x86_64-linux-gnu/libnss_compat-2.23.so
7f7f62d56000-7f7f62d57000 r--p 00007000 08:01 2097244                    /lib/x86_64-linux-gnu/libnss_compat-2.23.so
7f7f62d57000-7f7f62d58000 rw-p 00008000 08:01 2097244                    /lib/x86_64-linux-gnu/libnss_compat-2.23.so
7f7f62d58000-7f7f62d83000 r-xp 00000000 08:01 8398989                    /usr/lib/jvm/java-8-oracle/jre/lib/amd64/libjava.so
7f7f62d83000-7f7f62f82000 ---p 0002b000 08:01 8398989                    /usr/lib/jvm/java-8-oracle/jre/lib/amd64/libjava.so
7f7f62f82000-7f7f62f84000 rw-p 0002a000 08:01 8398989                    /usr/lib/jvm/java-8-oracle/jre/lib/amd64/libjava.so
7f7f62f84000-7f7f62f91000 r-xp 00000000 08:01 8398176                    /usr/lib/jvm/java-8-oracle/jre/lib/amd64/libverify.so
7f7f62f91000-7f7f63190000 ---p 0000d000 08:01 8398176                    /usr/lib/jvm/java-8-oracle/jre/lib/amd64/libverify.so
7f7f63190000-7f7f63192000 rw-p 0000c000 08:01 8398176                    /usr/lib/jvm/java-8-oracle/jre/lib/amd64/libverify.so
7f7f63192000-7f7f63199000 r-xp 00000000 08:01 2097245                    /lib/x86_64-linux-gnu/librt-2.23.so
7f7f63199000-7f7f63398000 ---p 00007000 08:01 2097245                    /lib/x86_64-linux-gnu/librt-2.23.so
7f7f63398000-7f7f63399000 r--p 00006000 08:01 2097245                    /lib/x86_64-linux-gnu/librt-2.23.so
7f7f63399000-7f7f6339a000 rw-p 00007000 08:01 2097245                    /lib/x86_64-linux-gnu/librt-2.23.so
7f7f6339a000-7f7f634a2000 r-xp 00000000 08:01 2097236                    /lib/x86_64-linux-gnu/libm-2.23.so
7f7f634a2000-7f7f636a1000 ---p 00108000 08:01 2097236                    /lib/x86_64-linux-gnu/libm-2.23.so
7f7f636a1000-7f7f636a2000 r--p 00107000 08:01 2097236                    /lib/x86_64-linux-gnu/libm-2.23.so
7f7f636a2000-7f7f636a3000 rw-p 00108000 08:01 2097236                    /lib/x86_64-linux-gnu/libm-2.23.so
7f7f636a3000-7f7f64371000 r-xp 00000000 08:01 8398993                    /usr/lib/jvm/java-8-oracle/jre/lib/amd64/server/libjvm.so
7f7f64371000-7f7f64571000 ---p 00cce000 08:01 8398993                    /usr/lib/jvm/java-8-oracle/jre/lib/amd64/server/libjvm.so
7f7f64571000-7f7f6464a000 rw-p 00cce000 08:01 8398993                    /usr/lib/jvm/java-8-oracle/jre/lib/amd64/server/libjvm.so
7f7f6464a000-7f7f64695000 rw-p 00000000 00:00 0 
7f7f64695000-7f7f64854000 r-xp 00000000 08:01 2097238                    /lib/x86_64-linux-gnu/libc-2.23.so
7f7f64854000-7f7f64a54000 ---p 001bf000 08:01 2097238                    /lib/x86_64-linux-gnu/libc-2.23.so
7f7f64a54000-7f7f64a58000 r--p 001bf000 08:01 2097238                    /lib/x86_64-linux-gnu/libc-2.23.so
7f7f64a58000-7f7f64a5a000 rw-p 001c3000 08:01 2097238                    /lib/x86_64-linux-gnu/libc-2.23.so
7f7f64a5a000-7f7f64a5e000 rw-p 00000000 00:00 0 
7f7f64a5e000-7f7f64a61000 r-xp 00000000 08:01 2097177                    /lib/x86_64-linux-gnu/libdl-2.23.so
7f7f64a61000-7f7f64c60000 ---p 00003000 08:01 2097177                    /lib/x86_64-linux-gnu/libdl-2.23.so
7f7f64c60000-7f7f64c61000 r--p 00002000 08:01 2097177                    /lib/x86_64-linux-gnu/libdl-2.23.so
7f7f64c61000-7f7f64c62000 rw-p 00003000 08:01 2097177                    /lib/x86_64-linux-gnu/libdl-2.23.so
7f7f64c62000-7f7f64c77000 r-xp 00000000 08:01 8001894                    /usr/lib/jvm/java-8-oracle/lib/amd64/jli/libjli.so
7f7f64c77000-7f7f64e77000 ---p 00015000 08:01 8001894                    /usr/lib/jvm/java-8-oracle/lib/amd64/jli/libjli.so
7f7f64e77000-7f7f64e78000 rw-p 00015000 08:01 8001894                    /usr/lib/jvm/java-8-oracle/lib/amd64/jli/libjli.so
7f7f64e78000-7f7f64e90000 r-xp 00000000 08:01 2097249                    /lib/x86_64-linux-gnu/libpthread-2.23.so
7f7f64e90000-7f7f6508f000 ---p 00018000 08:01 2097249                    /lib/x86_64-linux-gnu/libpthread-2.23.so
7f7f6508f000-7f7f65090000 r--p 00017000 08:01 2097249                    /lib/x86_64-linux-gnu/libpthread-2.23.so
7f7f65090000-7f7f65091000 rw-p 00018000 08:01 2097249                    /lib/x86_64-linux-gnu/libpthread-2.23.so
7f7f65091000-7f7f65095000 rw-p 00000000 00:00 0 
7f7f65095000-7f7f650bb000 r-xp 00000000 08:01 2097239                    /lib/x86_64-linux-gnu/ld-2.23.so
7f7f650c7000-7f7f650cb000 r--s 0009a000 08:01 8261530                    /usr/lib/jvm/java-8-oracle/jre/lib/jsse.jar
7f7f650cb000-7f7f65196000 rw-p 00000000 00:00 0 
7f7f65196000-7f7f65199000 ---p 00000000 00:00 0 
7f7f65199000-7f7f6529b000 rw-p 00000000 00:00 0 
7f7f6529d000-7f7f652a7000 r--s 00116000 08:01 8399013                    /usr/lib/jvm/java-8-oracle/jre/lib/ext/localedata.jar
7f7f652a7000-7f7f652ae000 r--s 00000000 08:01 8132571                    /usr/lib/x86_64-linux-gnu/gconv/gconv-modules.cache
7f7f652ae000-7f7f652b6000 rw-s 00000000 08:01 14026190                   /tmp/hsperfdata_osoler/5458
7f7f652b6000-7f7f652b7000 rw-p 00000000 00:00 0 
7f7f652b7000-7f7f652b8000 r--p 00000000 00:00 0 
7f7f652b8000-7f7f652ba000 rw-p 00000000 00:00 0 
7f7f652ba000-7f7f652bb000 r--p 00025000 08:01 2097239                    /lib/x86_64-linux-gnu/ld-2.23.so
7f7f652bb000-7f7f652bc000 rw-p 00026000 08:01 2097239                    /lib/x86_64-linux-gnu/ld-2.23.so
7f7f652bc000-7f7f652bd000 rw-p 00000000 00:00 0 
7fffdaa99000-7fffdaaba000 rw-p 00000000 00:00 0                          [stack]
7fffdab38000-7fffdab3a000 r--p 00000000 00:00 0                          [vvar]
7fffdab3a000-7fffdab3c000 r-xp 00000000 00:00 0                          [vdso]
ffffffffff600000-ffffffffff601000 r-xp 00000000 00:00 0                  [vsyscall]

VM Arguments:
jvm_args: -Dfile.encoding=UTF-8 
java_command: Presentacio.UserLoginBBDD
java_class_path (initial): /media/osoler/HDD2/WORKSAPACE/Sudoku/bin:/media/osoler/HDD2/WORKSAPACE/Sudoku/lib/ojdbc6.jar
Launcher Type: SUN_STANDARD

Environment Variables:
JAVA_HOME=/usr/lib/jvm/java-8-oracle
PATH=/home/osoler/bin:/home/osoler/.local/bin:/usr/local/sbin:/usr/local/bin:/usr/sbin:/usr/bin:/sbin:/bin:/usr/games:/usr/local/games:/snap/bin:/usr/lib/jvm/java-8-oracle/bin:/usr/lib/jvm/java-8-oracle/db/bin:/usr/lib/jvm/java-8-oracle/jre/bin
SHELL=/bin/bash
DISPLAY=:0

Signal Handlers:
SIGSEGV: [libjvm.so+0xac78c0], sa_mask[0]=11111111011111111101111111111110, sa_flags=SA_RESTART|SA_SIGINFO
SIGBUS: [libjvm.so+0xac78c0], sa_mask[0]=11111111011111111101111111111110, sa_flags=SA_RESTART|SA_SIGINFO
SIGFPE: [libjvm.so+0x920ac0], sa_mask[0]=11111111011111111101111111111110, sa_flags=SA_RESTART|SA_SIGINFO
SIGPIPE: [libjvm.so+0x920ac0], sa_mask[0]=11111111011111111101111111111110, sa_flags=SA_RESTART|SA_SIGINFO
SIGXFSZ: [libjvm.so+0x920ac0], sa_mask[0]=11111111011111111101111111111110, sa_flags=SA_RESTART|SA_SIGINFO
SIGILL: [libjvm.so+0x920ac0], sa_mask[0]=11111111011111111101111111111110, sa_flags=SA_RESTART|SA_SIGINFO
SIGUSR1: SIG_DFL, sa_mask[0]=00000000000000000000000000000000, sa_flags=none
SIGUSR2: [libjvm.so+0x922300], sa_mask[0]=00100000000000000000000000000000, sa_flags=SA_RESTART|SA_SIGINFO
SIGHUP: [libjvm.so+0x923700], sa_mask[0]=11111111011111111101111111111110, sa_flags=SA_RESTART|SA_SIGINFO
SIGINT: [libjvm.so+0x923700], sa_mask[0]=11111111011111111101111111111110, sa_flags=SA_RESTART|SA_SIGINFO
SIGTERM: [libjvm.so+0x923700], sa_mask[0]=11111111011111111101111111111110, sa_flags=SA_RESTART|SA_SIGINFO
SIGQUIT: [libjvm.so+0x923700], sa_mask[0]=11111111011111111101111111111110, sa_flags=SA_RESTART|SA_SIGINFO


---------------  S Y S T E M  ---------------

OS:DISTRIB_ID=Ubuntu
DISTRIB_RELEASE=16.04
DISTRIB_CODENAME=xenial
DISTRIB_DESCRIPTION="Ubuntu 16.04.2 LTS"

uname:Linux 4.8.0-52-generic #55~16.04.1-Ubuntu SMP Fri Apr 28 14:36:29 UTC 2017 x86_64
libc:glibc 2.23 NPTL 2.23 
rlimit: STACK 8192k, CORE 0k, NPROC 31367, NOFILE 65536, AS infinity
load average:0,52 0,65 0,54

/proc/meminfo:
MemTotal:        8072448 kB
MemFree:         3316604 kB
MemAvailable:    4586396 kB
Buffers:          101564 kB
Cached:          1895568 kB
SwapCached:            0 kB
Active:          3313236 kB
Inactive:        1230788 kB
Active(anon):    2558704 kB
Inactive(anon):   534700 kB
Active(file):     754532 kB
Inactive(file):   696088 kB
Unevictable:          32 kB
Mlocked:              32 kB
SwapTotal:       8284156 kB
SwapFree:        8284156 kB
Dirty:                96 kB
Writeback:            60 kB
AnonPages:       2394768 kB
Mapped:           359688 kB
Shmem:            546608 kB
Slab:             119560 kB
SReclaimable:      79000 kB
SUnreclaim:        40560 kB
KernelStack:        8624 kB
PageTables:        21684 kB
NFS_Unstable:          0 kB
Bounce:                0 kB
WritebackTmp:          0 kB
CommitLimit:    12320380 kB
Committed_AS:    6472676 kB
VmallocTotal:   34359738367 kB
VmallocUsed:           0 kB
VmallocChunk:          0 kB
HardwareCorrupted:     0 kB
AnonHugePages:   1458176 kB
ShmemHugePages:        0 kB
ShmemPmdMapped:        0 kB
CmaTotal:              0 kB
CmaFree:               0 kB
HugePages_Total:       0
HugePages_Free:        0
HugePages_Rsvd:        0
HugePages_Surp:        0
Hugepagesize:       2048 kB
DirectMap4k:      166064 kB
DirectMap2M:     8120320 kB
DirectMap1G:           0 kB


CPU:total 4 (2 cores per cpu, 2 threads per core) family 6 model 61 stepping 4, cmov, cx8, fxsr, mmx, sse, sse2, sse3, ssse3, sse4.1, sse4.2, popcnt, avx, avx2, aes, clmul, erms, 3dnowpref, lzcnt, ht, tsc, tscinvbit, bmi1, bmi2, adx

/proc/cpuinfo:
processor	: 0
vendor_id	: GenuineIntel
cpu family	: 6
model		: 61
model name	: Intel(R) Core(TM) i7-5500U CPU @ 2.40GHz
stepping	: 4
microcode	: 0x22
cpu MHz		: 2899.951
cache size	: 4096 KB
physical id	: 0
siblings	: 4
core id		: 0
cpu cores	: 2
apicid		: 0
initial apicid	: 0
fpu		: yes
fpu_exception	: yes
cpuid level	: 20
wp		: yes
flags		: fpu vme de pse tsc msr pae mce cx8 apic sep mtrr pge mca cmov pat pse36 clflush dts acpi mmx fxsr sse sse2 ss ht tm pbe syscall nx pdpe1gb rdtscp lm constant_tsc arch_perfmon pebs bts rep_good nopl xtopology nonstop_tsc aperfmperf eagerfpu pni pclmulqdq dtes64 monitor ds_cpl vmx est tm2 ssse3 sdbg fma cx16 xtpr pdcm pcid sse4_1 sse4_2 x2apic movbe popcnt tsc_deadline_timer aes xsave avx f16c rdrand lahf_lm abm 3dnowprefetch epb intel_pt tpr_shadow vnmi flexpriority ept vpid fsgsbase tsc_adjust bmi1 avx2 smep bmi2 erms invpcid rdseed adx smap xsaveopt dtherm ida arat pln pts
bugs		:
bogomips	: 4793.53
clflush size	: 64
cache_alignment	: 64
address sizes	: 39 bits physical, 48 bits virtual
power management:

processor	: 1
vendor_id	: GenuineIntel
cpu family	: 6
model		: 61
model name	: Intel(R) Core(TM) i7-5500U CPU @ 2.40GHz
stepping	: 4
microcode	: 0x22
cpu MHz		: 2899.951
cache size	: 4096 KB
physical id	: 0
siblings	: 4
core id		: 1
cpu cores	: 2
apicid		: 2
initial apicid	: 2
fpu		: yes
fpu_exception	: yes
cpuid level	: 20
wp		: yes
flags		: fpu vme de pse tsc msr pae mce cx8 apic sep mtrr pge mca cmov pat pse36 clflush dts acpi mmx fxsr sse sse2 ss ht tm pbe syscall nx pdpe1gb rdtscp lm constant_tsc arch_perfmon pebs bts rep_good nopl xtopology nonstop_tsc aperfmperf eagerfpu pni pclmulqdq dtes64 monitor ds_cpl vmx est tm2 ssse3 sdbg fma cx16 xtpr pdcm pcid sse4_1 sse4_2 x2apic movbe popcnt tsc_deadline_timer aes xsave avx f16c rdrand lahf_lm abm 3dnowprefetch epb intel_pt tpr_shadow vnmi flexpriority ept vpid fsgsbase tsc_adjust bmi1 avx2 smep bmi2 erms invpcid rdseed adx smap xsaveopt dtherm ida arat pln pts
bugs		:
bogomips	: 4793.53
clflush size	: 64
cache_alignment	: 64
address sizes	: 39 bits physical, 48 bits virtual
power management:

processor	: 2
vendor_id	: GenuineIntel
cpu family	: 6
model		: 61
model name	: Intel(R) Core(TM) i7-5500U CPU @ 2.40GHz
stepping	: 4
microcode	: 0x22
cpu MHz		: 2899.951
cache size	: 4096 KB
physical id	: 0
siblings	: 4
core id		: 0
cpu cores	: 2
apicid		: 1
initial apicid	: 1
fpu		: yes
fpu_exception	: yes
cpuid level	: 20
wp		: yes
flags		: fpu vme de pse tsc msr pae mce cx8 apic sep mtrr pge mca cmov pat pse36 clflush dts acpi mmx fxsr sse sse2 ss ht tm pbe syscall nx pdpe1gb rdtscp lm constant_tsc arch_perfmon pebs bts rep_good nopl xtopology nonstop_tsc aperfmperf eagerfpu pni pclmulqdq dtes64 monitor ds_cpl vmx est tm2 ssse3 sdbg fma cx16 xtpr pdcm pcid sse4_1 sse4_2 x2apic movbe popcnt tsc_deadline_timer aes xsave avx f16c rdrand lahf_lm abm 3dnowprefetch epb intel_pt tpr_shadow vnmi flexpriority ept vpid fsgsbase tsc_adjust bmi1 avx2 smep bmi2 erms invpcid rdseed adx smap xsaveopt dtherm ida arat pln pts
bugs		:
bogomips	: 4793.53
clflush size	: 64
cache_alignment	: 64
address sizes	: 39 bits physical, 48 bits virtual
power management:

processor	: 3
vendor_id	: GenuineIntel
cpu family	: 6
model		: 61
model name	: Intel(R) Core(TM) i7-5500U CPU @ 2.40GHz
stepping	: 4
microcode	: 0x22
cpu MHz		: 2899.951
cache size	: 4096 KB
physical id	: 0
siblings	: 4
core id		: 1
cpu cores	: 2
apicid		: 3
initial apicid	: 3
fpu		: yes
fpu_exception	: yes
cpuid level	: 20
wp		: yes
flags		: fpu vme de pse tsc msr pae mce cx8 apic sep mtrr pge mca cmov pat pse36 clflush dts acpi mmx fxsr sse sse2 ss ht tm pbe syscall nx pdpe1gb rdtscp lm constant_tsc arch_perfmon pebs bts rep_good nopl xtopology nonstop_tsc aperfmperf eagerfpu pni pclmulqdq dtes64 monitor ds_cpl vmx est tm2 ssse3 sdbg fma cx16 xtpr pdcm pcid sse4_1 sse4_2 x2apic movbe popcnt tsc_deadline_timer aes xsave avx f16c rdrand lahf_lm abm 3dnowprefetch epb intel_pt tpr_shadow vnmi flexpriority ept vpid fsgsbase tsc_adjust bmi1 avx2 smep bmi2 erms invpcid rdseed adx smap xsaveopt dtherm ida arat pln pts
bugs		:
bogomips	: 4793.53
clflush size	: 64
cache_alignment	: 64
address sizes	: 39 bits physical, 48 bits virtual
power management:



Memory: 4k page, physical 8072448k(3316604k free), swap 8284156k(8284156k free)

vm_info: Java HotSpot(TM) 64-Bit Server VM (25.121-b13) for linux-amd64 JRE (1.8.0_121-b13), built on Dec 12 2016 16:36:53 by "java_re" with gcc 4.3.0 20080428 (Red Hat 4.3.0-8)

time: Wed May 24 10:22:49 2017
elapsed time: 1354 seconds (0d 0h 22m 34s)

