#
# A fatal error has been detected by the Java Runtime Environment:
#
#  SIGSEGV (0xb) at pc=0x00007fed7d069a7a, pid=18262, tid=0x00007fed6d045700
#
# JRE version: Java(TM) SE Runtime Environment (8.0_121-b13) (build 1.8.0_121-b13)
# Java VM: Java HotSpot(TM) 64-Bit Server VM (25.121-b13 mixed mode linux-amd64 compressed oops)
# Problematic frame:
# v  ~BufferBlob::jni_fast_GetLongField
#
# Failed to write core dump. Core dumps have been disabled. To enable core dumping, try "ulimit -c unlimited" before starting Java again
#
# If you would like to submit a bug report, please visit:
#   http://bugreport.java.com/bugreport/crash.jsp
# The crash happened outside the Java Virtual Machine in native code.
# See problematic frame for where to report the bug.
#

---------------  T H R E A D  ---------------

Current thread (0x00007fed8c22b000):  JavaThread "AWT-XAWT" daemon [_thread_in_native, id=18284, stack(0x00007fed6cf45000,0x00007fed6d046000)]

siginfo: si_signo: 11 (SIGSEGV), si_code: 1 (SEGV_MAPERR), si_addr: 0x0000000000000000

Registers:
RAX=0x00007fed93d36f60, RBX=0x00007fed8c22b1f8, RCX=0x00007fed9479e2c0, RDX=0x0000000000000042
RSP=0x00007fed6d044838, RBP=0x00007fed6d044860, RSI=0x0000000000000000, RDI=0x00007fed8c22b1f8
R8 =0x00000000d7628658, R9 =0x0000000000000000, R10=0x0000000000000048, R11=0x00007fed7d355ad8
R12=0x00007fed2800add0, R13=0x0000000000000000, R14=0x00007fed6edd67e0, R15=0x00007fed8c22b000
RIP=0x00007fed7d069a7a, EFLAGS=0x0000000000010246, CSGSFS=0x002b000000000033, ERR=0x0000000000000004
  TRAPNO=0x000000000000000e

Top of Stack: (sp=0x00007fed6d044838)
0x00007fed6d044838:   00007fed6ebb4ee1 00007fed903eabb8
0x00007fed6d044848:   00007fed2800add0 00007fed6d044910
0x00007fed6d044858:   00007fed6d0448e0 0000000000000000
0x00007fed6d044868:   00007fed6e6963c0 00007fed903eabb8
0x00007fed6d044878:   00007fed6d0448a0 0000000000000000
0x00007fed6d044888:   00007fed6e68df93 00007fed6d044910
0x00007fed6d044898:   00007fed6ebae11f 00007fed6d0448f0
0x00007fed6d0448a8:   00007fed7d355b76 0000000000000000
0x00007fed6d0448b8:   00007fed7d1fd336 00000000d7219f68
0x00007fed6d0448c8:   00007fed7d15d16c 00007fed6d044970
0x00007fed6d0448d8:   00000000d8815560 00000000d717b870
0x00007fed6d0448e8:   00000000d71a9ea0 00007fed6d044970
0x00007fed6d0448f8:   00007fed7d007a90 00007fed6d044970
0x00007fed6d044908:   00007fed7d007a90 0000000000000000
0x00007fed6d044918:   00007fed7d007dd0 00007fed3c000e30
0x00007fed6d044928:   00000000d7219f68 00007fed6d044930
0x00007fed6d044938:   00007fed904de7bc 00007fed6d0449b8
0x00007fed6d044948:   00007fed904e7c28 0000000000000000
0x00007fed6d044958:   00007fed904de8f8 00007fed6d044910
0x00007fed6d044968:   00007fed6d0449b0 00007fed6d044a00
0x00007fed6d044978:   00007fed7d0082bd 0000000000000000
0x00007fed6d044988:   00000000d86c0b10 0000000000000000
0x00007fed6d044998:   0000000000000000 0000000000000000
0x00007fed6d0449a8:   00000000d7219f68 0000000000000000
0x00007fed6d0449b8:   00000000d71b2860 00007fed6d0449c0
0x00007fed6d0449c8:   00007fed904de5fd 00007fed6d044a10
0x00007fed6d0449d8:   00007fed904e7c28 0000000000000000
0x00007fed6d0449e8:   00007fed904de608 00007fed6d0449b0
0x00007fed6d0449f8:   00007fed6d044a10 00007fed6d044a58
0x00007fed6d044a08:   00007fed7d008302 00000000d71b2860
0x00007fed6d044a18:   00007fed6d044a18 00007fed9002d993
0x00007fed6d044a28:   00007fed6d044a68 00007fed900b5010 

Instructions: (pc=0x00007fed7d069a7a)
0x00007fed7d069a5a:   00 00 00 00 00 00 44 8b 15 81 cf d0 16 4c 8b ce
0x00007fed7d069a6a:   41 f6 c2 01 0f 85 2e 00 00 00 4d 33 ca 4d 33 ca
0x00007fed7d069a7a:   4d 8b 09 4c 8b da 49 c1 eb 02 4b 8b 04 19 49 bb
0x00007fed7d069a8a:   e8 69 d7 93 ed 7f 00 00 4c 33 d8 4c 33 d8 45 3b 

Register to memory mapping:

RAX=0x00007fed93d36f60: <offset 0xf85f60> in /usr/lib/jvm/java-8-oracle/jre/lib/amd64/server/libjvm.so at 0x00007fed92db1000
RBX=0x00007fed8c22b1f8 is an unknown value
RCX=0x00007fed9479e2c0: <offset 0x2182c0> in /lib/x86_64-linux-gnu/libpthread.so.0 at 0x00007fed94586000
RDX=0x0000000000000042 is an unknown value
RSP=0x00007fed6d044838 is pointing into the stack for thread: 0x00007fed8c22b000
RBP=0x00007fed6d044860 is pointing into the stack for thread: 0x00007fed8c22b000
RSI=0x0000000000000000 is an unknown value
RDI=0x00007fed8c22b1f8 is an unknown value
R8 =0x00000000d7628658 is an oop
java.util.logging.Logger 
 - klass: 'java/util/logging/Logger'
R9 =0x0000000000000000 is an unknown value
R10=0x0000000000000048 is an unknown value
R11=0x00007fed7d355ad8 is at entry_point+24 in (nmethod*)0x00007fed7d355950
R12=0x00007fed2800add0 is an unknown value
R13=0x0000000000000000 is an unknown value
R14=0x00007fed6edd67e0: <offset 0x2587e0> in /usr/lib/jvm/java-8-oracle/jre/lib/amd64/libawt_xawt.so at 0x00007fed6eb7e000
R15=0x00007fed8c22b000 is a thread


Stack: [0x00007fed6cf45000,0x00007fed6d046000],  sp=0x00007fed6d044838,  free space=1022k
Native frames: (J=compiled Java code, j=interpreted, Vv=VM code, C=native code)
v  ~BufferBlob::jni_fast_GetLongField
C  [libX11.so.6+0x643c0]  _XimServerDestroy+0x70

Java frames: (J=compiled Java code, j=interpreted, Vv=VM code)
J 1048  sun.awt.X11.XlibWrapper.XFilterEvent(JJ)Z (0 bytes) @ 0x00007fed7d355b04 [0x00007fed7d355ac0+0x44]
j  sun.awt.X11.XToolkit.run(Z)V+300
j  sun.awt.X11.XToolkit.run()V+5
j  java.lang.Thread.run()V+11
v  ~StubRoutines::call_stub

---------------  P R O C E S S  ---------------

Java Threads: ( => current thread )
  0x00007fed30029800 JavaThread "XToolkt-Shutdown-Thread" [_thread_blocked, id=12718, stack(0x00007fed2eccf000,0x00007fed2edd0000)]
  0x00007fed50002000 JavaThread "SIGTERM handler" daemon [_thread_blocked, id=12717, stack(0x00007fed2edd0000,0x00007fed2eed1000)]
  0x00007fed50001000 JavaThread "SIGHUP handler" daemon [_thread_blocked, id=12711, stack(0x00007fed6c49b000,0x00007fed6c59c000)]
  0x00007fed8c009800 JavaThread "DestroyJavaVM" [_thread_blocked, id=18264, stack(0x00007fed948a4000,0x00007fed949a5000)]
  0x00007fed28017800 JavaThread "TimerQueue" daemon [_thread_blocked, id=18300, stack(0x00007fed2f0d1000,0x00007fed2f1d2000)]
  0x00007fed8c2e3000 JavaThread "AWT-EventQueue-0" [_thread_blocked, id=18289, stack(0x00007fed6c099000,0x00007fed6c19a000)]
  0x00007fed8c2e1800 JavaThread "AWT-Shutdown" [_thread_blocked, id=18288, stack(0x00007fed6c19a000,0x00007fed6c29b000)]
=>0x00007fed8c22b000 JavaThread "AWT-XAWT" daemon [_thread_in_native, id=18284, stack(0x00007fed6cf45000,0x00007fed6d046000)]
  0x00007fed8c208000 JavaThread "Java2D Disposer" daemon [_thread_blocked, id=18283, stack(0x00007fed6d456000,0x00007fed6d557000)]
  0x00007fed8c0c0000 JavaThread "Service Thread" daemon [_thread_blocked, id=18281, stack(0x00007fed6f1aa000,0x00007fed6f2ab000)]
  0x00007fed8c0bd000 JavaThread "C1 CompilerThread2" daemon [_thread_blocked, id=18280, stack(0x00007fed6f2ab000,0x00007fed6f3ac000)]
  0x00007fed8c0bb800 JavaThread "C2 CompilerThread1" daemon [_thread_blocked, id=18279, stack(0x00007fed6f3ac000,0x00007fed6f4ad000)]
  0x00007fed8c0b8800 JavaThread "C2 CompilerThread0" daemon [_thread_blocked, id=18278, stack(0x00007fed6f4ad000,0x00007fed6f5ae000)]
  0x00007fed8c0b7000 JavaThread "Signal Dispatcher" daemon [_thread_blocked, id=18277, stack(0x00007fed6f5ae000,0x00007fed6f6af000)]
  0x00007fed8c084000 JavaThread "Finalizer" daemon [_thread_blocked, id=18276, stack(0x00007fed6fbfc000,0x00007fed6fcfd000)]
  0x00007fed8c07f000 JavaThread "Reference Handler" daemon [_thread_blocked, id=18275, stack(0x00007fed6fcfd000,0x00007fed6fdfe000)]

Other Threads:
  0x00007fed8c077800 VMThread [stack: 0x00007fed6fdfe000,0x00007fed6feff000] [id=18274]
  0x00007fed8c0c3000 WatcherThread [stack: 0x00007fed6f0a9000,0x00007fed6f1aa000] [id=18282]

VM state:not at safepoint (normal execution)

VM Mutex/Monitor currently owned by a thread: None

Heap:
 PSYoungGen      total 36864K, used 27969K [0x00000000d6f00000, 0x00000000d9800000, 0x0000000100000000)
  eden space 31744K, 88% used [0x00000000d6f00000,0x00000000d8a507f8,0x00000000d8e00000)
  from space 5120K, 0% used [0x00000000d9300000,0x00000000d9300000,0x00000000d9800000)
  to   space 5120K, 0% used [0x00000000d8e00000,0x00000000d8e00000,0x00000000d9300000)
 ParOldGen       total 84992K, used 0K [0x0000000084c00000, 0x0000000089f00000, 0x00000000d6f00000)
  object space 84992K, 0% used [0x0000000084c00000,0x0000000084c00000,0x0000000089f00000)
 Metaspace       used 20798K, capacity 20962K, committed 21120K, reserved 1067008K
  class space    used 2535K, capacity 2609K, committed 2688K, reserved 1048576K

Card table byte_map: [0x00007fed91270000,0x00007fed9164b000] byte_map_base: 0x00007fed90e4a000

Marking Bits: (ParMarkBitMap*) 0x00007fed93d75c80
 Begin Bits: [0x00007fed74260000, 0x00007fed76130000)
 End Bits:   [0x00007fed76130000, 0x00007fed78000000)

Polling page: 0x00007fed949c5000

CodeCache: size=245760Kb used=5392Kb max_used=5404Kb free=240367Kb
 bounds [0x00007fed7d000000, 0x00007fed7d550000, 0x00007fed8c000000]
 total_blobs=2275 nmethods=1638 adapters=549
 compilation: enabled

Compilation events (10 events):
Event: 10131,409 Thread 0x00007fed8c0bd000 1634       3       java.util.Vector::<init> (53 bytes)
Event: 10131,410 Thread 0x00007fed8c0bd000 nmethod 1634 0x00007fed7d543910 code [0x00007fed7d543ac0, 0x00007fed7d543f78]
Event: 11617,076 Thread 0x00007fed8c0b8800 1635   !   4       sun.awt.X11.XToolkit::windowToXWindow (27 bytes)
Event: 11617,085 Thread 0x00007fed8c0b8800 nmethod 1635 0x00007fed7d547350 code [0x00007fed7d5474e0, 0x00007fed7d547ad8]
Event: 11757,476 Thread 0x00007fed8c0bd000 1636       3       sun.awt.X11.XMSelection$1::dispatchEvent (10 bytes)
Event: 11757,481 Thread 0x00007fed8c0bd000 nmethod 1636 0x00007fed7d546a50 code [0x00007fed7d546c00, 0x00007fed7d547058]
Event: 11757,481 Thread 0x00007fed8c0bd000 1637       3       sun.awt.X11.XMSelection::processRootEvent (32 bytes)
Event: 11757,482 Thread 0x00007fed8c0bd000 nmethod 1637 0x00007fed7d546250 code [0x00007fed7d546400, 0x00007fed7d5467d8]
Event: 12233,748 Thread 0x00007fed8c0bb800 1638       4       sun.awt.X11.XEvent::get_xany (22 bytes)
Event: 12233,756 Thread 0x00007fed8c0bb800 nmethod 1638 0x00007fed7d549b10 code [0x00007fed7d549ce0, 0x00007fed7d54a1f8]

GC Heap History (0 events):
No events

Deoptimization events (10 events):
Event: 1,560 Thread 0x00007fed8c009800 Uncommon trap: reason=bimorphic action=maybe_recompile pc=0x00007fed7d223e78 method=java.util.Properties$LineReader.readLine()I @ 62
Event: 1,560 Thread 0x00007fed8c009800 Uncommon trap: reason=unstable_if action=reinterpret pc=0x00007fed7d1b01dc method=java.lang.String.<init>([CII)V @ 18
Event: 1,560 Thread 0x00007fed8c009800 Uncommon trap: reason=bimorphic action=maybe_recompile pc=0x00007fed7d223e78 method=java.util.Properties$LineReader.readLine()I @ 62
Event: 1,582 Thread 0x00007fed8c009800 Uncommon trap: reason=bimorphic action=maybe_recompile pc=0x00007fed7d1b60c4 method=java.util.Properties$LineReader.readLine()I @ 62
Event: 9,633 Thread 0x00007fed8c2e3000 Uncommon trap: reason=class_check action=maybe_recompile pc=0x00007fed7d177c30 method=java.lang.String.equals(Ljava/lang/Object;)Z @ 8
Event: 9,633 Thread 0x00007fed8c2e3000 Uncommon trap: reason=class_check action=maybe_recompile pc=0x00007fed7d177c30 method=java.lang.String.equals(Ljava/lang/Object;)Z @ 8
Event: 9,718 Thread 0x00007fed8c2e3000 Uncommon trap: reason=class_check action=maybe_recompile pc=0x00007fed7d177c30 method=java.lang.String.equals(Ljava/lang/Object;)Z @ 8
Event: 9,718 Thread 0x00007fed8c2e3000 Uncommon trap: reason=class_check action=maybe_recompile pc=0x00007fed7d177c30 method=java.lang.String.equals(Ljava/lang/Object;)Z @ 8
Event: 10,698 Thread 0x00007fed8c2e3000 Uncommon trap: reason=unstable_if action=reinterpret pc=0x00007fed7d380948 method=sun.misc.MetaIndex.mayContain(Ljava/lang/String;)Z @ 38
Event: 10,698 Thread 0x00007fed8c2e3000 Uncommon trap: reason=unstable_if action=reinterpret pc=0x00007fed7d39287c method=sun.net.www.ParseUtil.encodePath(Ljava/lang/String;Z)Ljava/lang/String; @ 109

Internal exceptions (10 events):
Event: 1,519 Thread 0x00007fed8c009800 Exception <a 'java/lang/ArrayIndexOutOfBoundsException'> (0x00000000d76b2cf8) thrown at [/HUDSON3/workspace/8-2-build-linux-amd64/jdk8u121/8372/hotspot/src/share/vm/runtime/sharedRuntime.cpp, line 605]
Event: 1,520 Thread 0x00007fed8c009800 Exception <a 'java/lang/ArrayIndexOutOfBoundsException'> (0x00000000d76b4558) thrown at [/HUDSON3/workspace/8-2-build-linux-amd64/jdk8u121/8372/hotspot/src/share/vm/runtime/sharedRuntime.cpp, line 605]
Event: 1,530 Thread 0x00007fed8c009800 Exception <a 'java/lang/ArrayIndexOutOfBoundsException'> (0x00000000d76dc3a8) thrown at [/HUDSON3/workspace/8-2-build-linux-amd64/jdk8u121/8372/hotspot/src/share/vm/runtime/sharedRuntime.cpp, line 605]
Event: 1,530 Thread 0x00007fed8c009800 Exception <a 'java/lang/ArrayIndexOutOfBoundsException'> (0x00000000d76dd610) thrown at [/HUDSON3/workspace/8-2-build-linux-amd64/jdk8u121/8372/hotspot/src/share/vm/runtime/sharedRuntime.cpp, line 605]
Event: 1,530 Thread 0x00007fed8c009800 Exception <a 'java/lang/ArrayIndexOutOfBoundsException'> (0x00000000d76dec38) thrown at [/HUDSON3/workspace/8-2-build-linux-amd64/jdk8u121/8372/hotspot/src/share/vm/runtime/sharedRuntime.cpp, line 605]
Event: 1,537 Thread 0x00007fed8c009800 Exception <a 'java/lang/ArrayIndexOutOfBoundsException'> (0x00000000d7704768) thrown at [/HUDSON3/workspace/8-2-build-linux-amd64/jdk8u121/8372/hotspot/src/share/vm/runtime/sharedRuntime.cpp, line 605]
Event: 1,540 Thread 0x00007fed8c009800 Exception <a 'java/lang/ArrayIndexOutOfBoundsException'> (0x00000000d7712b98) thrown at [/HUDSON3/workspace/8-2-build-linux-amd64/jdk8u121/8372/hotspot/src/share/vm/runtime/sharedRuntime.cpp, line 605]
Event: 1,885 Thread 0x00007fed8c2e3000 Exception <a 'java/lang/UnsupportedOperationException': > (0x00000000d75757c8) thrown at [/HUDSON3/workspace/8-2-build-linux-amd64/jdk8u121/8372/hotspot/src/share/vm/prims/jni.cpp, line 735]
Event: 10,847 Thread 0x00007fed8c2e3000 Exception <a 'java/lang/UnsupportedOperationException': > (0x00000000d85aa188) thrown at [/HUDSON3/workspace/8-2-build-linux-amd64/jdk8u121/8372/hotspot/src/share/vm/prims/jni.cpp, line 735]
Event: 19,214 Thread 0x00007fed8c2e3000 Exception <a 'java/lang/UnsupportedOperationException': > (0x00000000d86d7028) thrown at [/HUDSON3/workspace/8-2-build-linux-amd64/jdk8u121/8372/hotspot/src/share/vm/prims/jni.cpp, line 735]

Events (10 events):
Event: 19,142 Executing VM operation: RevokeBias done
Event: 24,126 Executing VM operation: RevokeBias
Event: 24,126 Executing VM operation: RevokeBias done
Event: 24,126 Thread 0x00007fed28136800 Thread exited: 0x00007fed28136800
Event: 2100,232 loading class sun/awt/X11/XkbEvent
Event: 2100,233 loading class sun/awt/X11/XkbEvent done
Event: 2100,233 loading class sun/awt/X11/XkbAnyEvent
Event: 2100,234 loading class sun/awt/X11/XkbAnyEvent done
Event: 12969,139 loading class sun/misc/Signal$1
Event: 12969,139 loading class sun/misc/Signal$1 done


Dynamic libraries:
00400000-00401000 r-xp 00000000 08:01 8261504                            /usr/lib/jvm/java-8-oracle/bin/java
00600000-00601000 rw-p 00000000 08:01 8261504                            /usr/lib/jvm/java-8-oracle/bin/java
0099e000-009bf000 rw-p 00000000 00:00 0                                  [heap]
84c00000-89f00000 rw-p 00000000 00:00 0 
89f00000-d6f00000 ---p 00000000 00:00 0 
d6f00000-d9800000 rw-p 00000000 00:00 0 
d9800000-100000000 ---p 00000000 00:00 0 
100000000-1002a0000 rw-p 00000000 00:00 0 
1002a0000-140000000 ---p 00000000 00:00 0 
7fed14000000-7fed14021000 rw-p 00000000 00:00 0 
7fed14021000-7fed18000000 ---p 00000000 00:00 0 
7fed1c000000-7fed1c021000 rw-p 00000000 00:00 0 
7fed1c021000-7fed20000000 ---p 00000000 00:00 0 
7fed20000000-7fed20021000 rw-p 00000000 00:00 0 
7fed20021000-7fed24000000 ---p 00000000 00:00 0 
7fed24000000-7fed24021000 rw-p 00000000 00:00 0 
7fed24021000-7fed28000000 ---p 00000000 00:00 0 
7fed28000000-7fed281b0000 rw-p 00000000 00:00 0 
7fed281b0000-7fed2c000000 ---p 00000000 00:00 0 
7fed2ebce000-7fed2ebd1000 ---p 00000000 00:00 0 
7fed2ebd1000-7fed2eccf000 rw-p 00000000 00:00 0 
7fed2eccf000-7fed2ecd2000 ---p 00000000 00:00 0 
7fed2ecd2000-7fed2edd0000 rw-p 00000000 00:00 0 
7fed2edd0000-7fed2edd3000 ---p 00000000 00:00 0 
7fed2edd3000-7fed2f0d1000 rw-p 00000000 00:00 0 
7fed2f0d1000-7fed2f0d4000 ---p 00000000 00:00 0 
7fed2f0d4000-7fed2f3d2000 rw-p 00000000 00:00 0 
7fed2f3d2000-7fed2f3e9000 r-xp 00000000 08:01 2101590                    /lib/x86_64-linux-gnu/libresolv-2.23.so
7fed2f3e9000-7fed2f5e9000 ---p 00017000 08:01 2101590                    /lib/x86_64-linux-gnu/libresolv-2.23.so
7fed2f5e9000-7fed2f5ea000 r--p 00017000 08:01 2101590                    /lib/x86_64-linux-gnu/libresolv-2.23.so
7fed2f5ea000-7fed2f5eb000 rw-p 00018000 08:01 2101590                    /lib/x86_64-linux-gnu/libresolv-2.23.so
7fed2f5eb000-7fed2f5ed000 rw-p 00000000 00:00 0 
7fed2f5ed000-7fed2f5f2000 r-xp 00000000 08:01 2101727                    /lib/x86_64-linux-gnu/libnss_dns-2.23.so
7fed2f5f2000-7fed2f7f2000 ---p 00005000 08:01 2101727                    /lib/x86_64-linux-gnu/libnss_dns-2.23.so
7fed2f7f2000-7fed2f7f3000 r--p 00005000 08:01 2101727                    /lib/x86_64-linux-gnu/libnss_dns-2.23.so
7fed2f7f3000-7fed2f7f4000 rw-p 00006000 08:01 2101727                    /lib/x86_64-linux-gnu/libnss_dns-2.23.so
7fed2f7f4000-7fed2f7f6000 r-xp 00000000 08:01 2101813                    /lib/x86_64-linux-gnu/libnss_mdns4_minimal.so.2
7fed2f7f6000-7fed2f9f5000 ---p 00002000 08:01 2101813                    /lib/x86_64-linux-gnu/libnss_mdns4_minimal.so.2
7fed2f9f5000-7fed2f9f6000 r--p 00001000 08:01 2101813                    /lib/x86_64-linux-gnu/libnss_mdns4_minimal.so.2
7fed2f9f6000-7fed2f9f7000 rw-p 00002000 08:01 2101813                    /lib/x86_64-linux-gnu/libnss_mdns4_minimal.so.2
7fed2f9f7000-7fed2fbf7000 rw-p 00000000 00:00 0 
7fed2fbf7000-7fed2fc00000 r-xp 00000000 08:01 8398527                    /usr/lib/jvm/java-8-oracle/jre/lib/amd64/libmanagement.so
7fed2fc00000-7fed2fdff000 ---p 00009000 08:01 8398527                    /usr/lib/jvm/java-8-oracle/jre/lib/amd64/libmanagement.so
7fed2fdff000-7fed2fe00000 rw-p 00008000 08:01 8398527                    /usr/lib/jvm/java-8-oracle/jre/lib/amd64/libmanagement.so
7fed2fe00000-7fed30000000 rw-p 00000000 00:00 0 
7fed30000000-7fed3002d000 rw-p 00000000 00:00 0 
7fed3002d000-7fed34000000 ---p 00000000 00:00 0 
7fed34000000-7fed34021000 rw-p 00000000 00:00 0 
7fed34021000-7fed38000000 ---p 00000000 00:00 0 
7fed38000000-7fed38021000 rw-p 00000000 00:00 0 
7fed38021000-7fed3c000000 ---p 00000000 00:00 0 
7fed3c000000-7fed3c293000 rw-p 00000000 00:00 0 
7fed3c293000-7fed40000000 ---p 00000000 00:00 0 
7fed40000000-7fed40021000 rw-p 00000000 00:00 0 
7fed40021000-7fed44000000 ---p 00000000 00:00 0 
7fed44000000-7fed44021000 rw-p 00000000 00:00 0 
7fed44021000-7fed48000000 ---p 00000000 00:00 0 
7fed48000000-7fed4833d000 rw-p 00000000 00:00 0 
7fed4833d000-7fed4c000000 ---p 00000000 00:00 0 
7fed4c000000-7fed4c641000 rw-p 00000000 00:00 0 
7fed4c641000-7fed50000000 ---p 00000000 00:00 0 
7fed50000000-7fed50021000 rw-p 00000000 00:00 0 
7fed50021000-7fed54000000 ---p 00000000 00:00 0 
7fed54000000-7fed54245000 rw-p 00000000 00:00 0 
7fed54245000-7fed58000000 ---p 00000000 00:00 0 
7fed58000000-7fed58021000 rw-p 00000000 00:00 0 
7fed58021000-7fed5c000000 ---p 00000000 00:00 0 
7fed5c000000-7fed5c021000 rw-p 00000000 00:00 0 
7fed5c021000-7fed60000000 ---p 00000000 00:00 0 
7fed60000000-7fed60021000 rw-p 00000000 00:00 0 
7fed60021000-7fed64000000 ---p 00000000 00:00 0 
7fed64000000-7fed64021000 rw-p 00000000 00:00 0 
7fed64021000-7fed68000000 ---p 00000000 00:00 0 
7fed68000000-7fed68021000 rw-p 00000000 00:00 0 
7fed68021000-7fed6c000000 ---p 00000000 00:00 0 
7fed6c099000-7fed6c09c000 ---p 00000000 00:00 0 
7fed6c09c000-7fed6c19a000 rw-p 00000000 00:00 0 
7fed6c19a000-7fed6c19d000 ---p 00000000 00:00 0 
7fed6c19d000-7fed6c49b000 rw-p 00000000 00:00 0 
7fed6c49b000-7fed6c49e000 ---p 00000000 00:00 0 
7fed6c49e000-7fed6c59c000 rw-p 00000000 00:00 0 
7fed6c59c000-7fed6c605000 r-xp 00000000 08:01 8398996                    /usr/lib/jvm/java-8-oracle/jre/lib/amd64/libt2k.so
7fed6c605000-7fed6c805000 ---p 00069000 08:01 8398996                    /usr/lib/jvm/java-8-oracle/jre/lib/amd64/libt2k.so
7fed6c805000-7fed6c80c000 rw-p 00069000 08:01 8398996                    /usr/lib/jvm/java-8-oracle/jre/lib/amd64/libt2k.so
7fed6c80c000-7fed6c81c000 rw-p 00000000 00:00 0 
7fed6c81c000-7fed6c82d000 r-xp 00000000 08:01 8398516                    /usr/lib/jvm/java-8-oracle/jre/lib/amd64/libnio.so
7fed6c82d000-7fed6ca2c000 ---p 00011000 08:01 8398516                    /usr/lib/jvm/java-8-oracle/jre/lib/amd64/libnio.so
7fed6ca2c000-7fed6ca2d000 rw-p 00010000 08:01 8398516                    /usr/lib/jvm/java-8-oracle/jre/lib/amd64/libnio.so
7fed6ca2d000-7fed6cd2e000 rw-p 00000000 00:00 0 
7fed6cd2e000-7fed6cd44000 r-xp 00000000 08:01 8398175                    /usr/lib/jvm/java-8-oracle/jre/lib/amd64/libnet.so
7fed6cd44000-7fed6cf44000 ---p 00016000 08:01 8398175                    /usr/lib/jvm/java-8-oracle/jre/lib/amd64/libnet.so
7fed6cf44000-7fed6cf45000 rw-p 00016000 08:01 8398175                    /usr/lib/jvm/java-8-oracle/jre/lib/amd64/libnet.so
7fed6cf45000-7fed6cf48000 ---p 00000000 00:00 0 
7fed6cf48000-7fed6d046000 rw-p 00000000 00:00 0 
7fed6d046000-7fed6d04b000 r-xp 00000000 08:01 7872511                    /usr/lib/x86_64-linux-gnu/libXfixes.so.3.1.0
7fed6d04b000-7fed6d24a000 ---p 00005000 08:01 7872511                    /usr/lib/x86_64-linux-gnu/libXfixes.so.3.1.0
7fed6d24a000-7fed6d24b000 r--p 00004000 08:01 7872511                    /usr/lib/x86_64-linux-gnu/libXfixes.so.3.1.0
7fed6d24b000-7fed6d24c000 rw-p 00005000 08:01 7872511                    /usr/lib/x86_64-linux-gnu/libXfixes.so.3.1.0
7fed6d24c000-7fed6d255000 r-xp 00000000 08:01 7872503                    /usr/lib/x86_64-linux-gnu/libXcursor.so.1.0.2
7fed6d255000-7fed6d454000 ---p 00009000 08:01 7872503                    /usr/lib/x86_64-linux-gnu/libXcursor.so.1.0.2
7fed6d454000-7fed6d455000 r--p 00008000 08:01 7872503                    /usr/lib/x86_64-linux-gnu/libXcursor.so.1.0.2
7fed6d455000-7fed6d456000 rw-p 00009000 08:01 7872503                    /usr/lib/x86_64-linux-gnu/libXcursor.so.1.0.2
7fed6d456000-7fed6d459000 ---p 00000000 00:00 0 
7fed6d459000-7fed6d557000 rw-p 00000000 00:00 0 
7fed6d557000-7fed6d56d000 r-xp 00000000 08:01 2101746                    /lib/x86_64-linux-gnu/libgcc_s.so.1
7fed6d56d000-7fed6d76c000 ---p 00016000 08:01 2101746                    /lib/x86_64-linux-gnu/libgcc_s.so.1
7fed6d76c000-7fed6d76d000 rw-p 00015000 08:01 2101746                    /lib/x86_64-linux-gnu/libgcc_s.so.1
7fed6d76d000-7fed6d7d2000 r-xp 00000000 08:01 8398448                    /usr/lib/jvm/java-8-oracle/jre/lib/amd64/libfontmanager.so
7fed6d7d2000-7fed6d9d1000 ---p 00065000 08:01 8398448                    /usr/lib/jvm/java-8-oracle/jre/lib/amd64/libfontmanager.so
7fed6d9d1000-7fed6d9d6000 rw-p 00064000 08:01 8398448                    /usr/lib/jvm/java-8-oracle/jre/lib/amd64/libfontmanager.so
7fed6d9d6000-7fed6d9e6000 rw-p 00000000 00:00 0 
7fed6d9e6000-7fed6d9eb000 r-xp 00000000 08:01 7872507                    /usr/lib/x86_64-linux-gnu/libXdmcp.so.6.0.0
7fed6d9eb000-7fed6dbea000 ---p 00005000 08:01 7872507                    /usr/lib/x86_64-linux-gnu/libXdmcp.so.6.0.0
7fed6dbea000-7fed6dbeb000 r--p 00004000 08:01 7872507                    /usr/lib/x86_64-linux-gnu/libXdmcp.so.6.0.0
7fed6dbeb000-7fed6dbec000 rw-p 00005000 08:01 7872507                    /usr/lib/x86_64-linux-gnu/libXdmcp.so.6.0.0
7fed6dbec000-7fed6dbee000 r-xp 00000000 08:01 7872496                    /usr/lib/x86_64-linux-gnu/libXau.so.6.0.0
7fed6dbee000-7fed6ddee000 ---p 00002000 08:01 7872496                    /usr/lib/x86_64-linux-gnu/libXau.so.6.0.0
7fed6ddee000-7fed6ddef000 r--p 00002000 08:01 7872496                    /usr/lib/x86_64-linux-gnu/libXau.so.6.0.0
7fed6ddef000-7fed6ddf0000 rw-p 00003000 08:01 7872496                    /usr/lib/x86_64-linux-gnu/libXau.so.6.0.0
7fed6ddf0000-7fed6de11000 r-xp 00000000 08:01 7873905                    /usr/lib/x86_64-linux-gnu/libxcb.so.1.1.0
7fed6de11000-7fed6e010000 ---p 00021000 08:01 7873905                    /usr/lib/x86_64-linux-gnu/libxcb.so.1.1.0
7fed6e010000-7fed6e011000 r--p 00020000 08:01 7873905                    /usr/lib/x86_64-linux-gnu/libxcb.so.1.1.0
7fed6e011000-7fed6e012000 rw-p 00021000 08:01 7873905                    /usr/lib/x86_64-linux-gnu/libxcb.so.1.1.0
7fed6e012000-7fed6e021000 r-xp 00000000 08:01 7872517                    /usr/lib/x86_64-linux-gnu/libXi.so.6.1.0
7fed6e021000-7fed6e220000 ---p 0000f000 08:01 7872517                    /usr/lib/x86_64-linux-gnu/libXi.so.6.1.0
7fed6e220000-7fed6e221000 r--p 0000e000 08:01 7872517                    /usr/lib/x86_64-linux-gnu/libXi.so.6.1.0
7fed6e221000-7fed6e222000 rw-p 0000f000 08:01 7872517                    /usr/lib/x86_64-linux-gnu/libXi.so.6.1.0
7fed6e222000-7fed6e227000 r-xp 00000000 08:01 7872535                    /usr/lib/x86_64-linux-gnu/libXtst.so.6.1.0
7fed6e227000-7fed6e426000 ---p 00005000 08:01 7872535                    /usr/lib/x86_64-linux-gnu/libXtst.so.6.1.0
7fed6e426000-7fed6e427000 r--p 00004000 08:01 7872535                    /usr/lib/x86_64-linux-gnu/libXtst.so.6.1.0
7fed6e427000-7fed6e428000 rw-p 00005000 08:01 7872535                    /usr/lib/x86_64-linux-gnu/libXtst.so.6.1.0
7fed6e428000-7fed6e431000 r-xp 00000000 08:01 7872529                    /usr/lib/x86_64-linux-gnu/libXrender.so.1.3.0
7fed6e431000-7fed6e630000 ---p 00009000 08:01 7872529                    /usr/lib/x86_64-linux-gnu/libXrender.so.1.3.0
7fed6e630000-7fed6e631000 r--p 00008000 08:01 7872529                    /usr/lib/x86_64-linux-gnu/libXrender.so.1.3.0
7fed6e631000-7fed6e632000 rw-p 00009000 08:01 7872529                    /usr/lib/x86_64-linux-gnu/libXrender.so.1.3.0
7fed6e632000-7fed6e767000 r-xp 00000000 08:01 7872492                    /usr/lib/x86_64-linux-gnu/libX11.so.6.3.0
7fed6e767000-7fed6e967000 ---p 00135000 08:01 7872492                    /usr/lib/x86_64-linux-gnu/libX11.so.6.3.0
7fed6e967000-7fed6e968000 r--p 00135000 08:01 7872492                    /usr/lib/x86_64-linux-gnu/libX11.so.6.3.0
7fed6e968000-7fed6e96c000 rw-p 00136000 08:01 7872492                    /usr/lib/x86_64-linux-gnu/libX11.so.6.3.0
7fed6e96c000-7fed6e97d000 r-xp 00000000 08:01 7872509                    /usr/lib/x86_64-linux-gnu/libXext.so.6.4.0
7fed6e97d000-7fed6eb7c000 ---p 00011000 08:01 7872509                    /usr/lib/x86_64-linux-gnu/libXext.so.6.4.0
7fed6eb7c000-7fed6eb7d000 r--p 00010000 08:01 7872509                    /usr/lib/x86_64-linux-gnu/libXext.so.6.4.0
7fed6eb7d000-7fed6eb7e000 rw-p 00011000 08:01 7872509                    /usr/lib/x86_64-linux-gnu/libXext.so.6.4.0
7fed6eb7e000-7fed6ebd2000 r-xp 00000000 08:01 8398518                    /usr/lib/jvm/java-8-oracle/jre/lib/amd64/libawt_xawt.so
7fed6ebd2000-7fed6edd2000 ---p 00054000 08:01 8398518                    /usr/lib/jvm/java-8-oracle/jre/lib/amd64/libawt_xawt.so
7fed6edd2000-7fed6edd6000 rw-p 00054000 08:01 8398518                    /usr/lib/jvm/java-8-oracle/jre/lib/amd64/libawt_xawt.so
7fed6edd6000-7fed6edd7000 rw-p 00000000 00:00 0 
7fed6edd7000-7fed6ee79000 r-xp 00000000 08:01 8398999                    /usr/lib/jvm/java-8-oracle/jre/lib/amd64/libawt.so
7fed6ee79000-7fed6f079000 ---p 000a2000 08:01 8398999                    /usr/lib/jvm/java-8-oracle/jre/lib/amd64/libawt.so
7fed6f079000-7fed6f085000 rw-p 000a2000 08:01 8398999                    /usr/lib/jvm/java-8-oracle/jre/lib/amd64/libawt.so
7fed6f085000-7fed6f0a9000 rw-p 00000000 00:00 0 
7fed6f0a9000-7fed6f0aa000 ---p 00000000 00:00 0 
7fed6f0aa000-7fed6f1aa000 rw-p 00000000 00:00 0 
7fed6f1aa000-7fed6f1ad000 ---p 00000000 00:00 0 
7fed6f1ad000-7fed6f2ab000 rw-p 00000000 00:00 0 
7fed6f2ab000-7fed6f2ae000 ---p 00000000 00:00 0 
7fed6f2ae000-7fed6f3ac000 rw-p 00000000 00:00 0 
7fed6f3ac000-7fed6f3af000 ---p 00000000 00:00 0 
7fed6f3af000-7fed6f4ad000 rw-p 00000000 00:00 0 
7fed6f4ad000-7fed6f4b0000 ---p 00000000 00:00 0 
7fed6f4b0000-7fed6f5ae000 rw-p 00000000 00:00 0 
7fed6f5ae000-7fed6f5b1000 ---p 00000000 00:00 0 
7fed6f5b1000-7fed6f6af000 rw-p 00000000 00:00 0 
7fed6f6af000-7fed6fbfc000 r--p 00000000 08:01 7864510                    /usr/lib/locale/locale-archive
7fed6fbfc000-7fed6fbff000 ---p 00000000 00:00 0 
7fed6fbff000-7fed6fcfd000 rw-p 00000000 00:00 0 
7fed6fcfd000-7fed6fd00000 ---p 00000000 00:00 0 
7fed6fd00000-7fed6fdfe000 rw-p 00000000 00:00 0 
7fed6fdfe000-7fed6fdff000 ---p 00000000 00:00 0 
7fed6fdff000-7fed70000000 rw-p 00000000 00:00 0 
7fed70000000-7fed70021000 rw-p 00000000 00:00 0 
7fed70021000-7fed74000000 ---p 00000000 00:00 0 
7fed7405e000-7fed78000000 rw-p 00000000 00:00 0 
7fed78000000-7fed78021000 rw-p 00000000 00:00 0 
7fed78021000-7fed7c000000 ---p 00000000 00:00 0 
7fed7c067000-7fed7c083000 r--s 00393000 08:01 8399016                    /usr/lib/jvm/java-8-oracle/jre/lib/ext/cldrdata.jar
7fed7c083000-7fed7c09a000 r--s 00280000 08:11 5374230                    /media/osoler/HDD2/WORKSAPACE/Sudoku/lib/ojdbc6.jar
7fed7c09a000-7fed7c0ad000 r--s 00345000 08:01 8261569                    /usr/lib/jvm/java-8-oracle/jre/lib/resources.jar
7fed7c0ad000-7fed7c0d2000 r--p 00000000 08:01 9201922                    /usr/share/locale-langpack/es/LC_MESSAGES/libc.mo
7fed7c0d2000-7fed7cdb1000 rw-p 00000000 00:00 0 
7fed7cdb1000-7fed7cf8a000 r--s 03d3e000 08:01 8261549                    /usr/lib/jvm/java-8-oracle/jre/lib/rt.jar
7fed7cf8a000-7fed7d000000 rw-p 00000000 00:00 0 
7fed7d000000-7fed7d550000 rwxp 00000000 00:00 0 
7fed7d550000-7fed8c000000 ---p 00000000 00:00 0 
7fed8c000000-7fed8c8fc000 rw-p 00000000 00:00 0 
7fed8c8fc000-7fed90000000 ---p 00000000 00:00 0 
7fed90000000-7fed90bda000 rw-p 00000000 00:00 0 
7fed90bda000-7fed90bdb000 ---p 00000000 00:00 0 
7fed90bdb000-7fed90cdb000 rw-p 00000000 00:00 0 
7fed90cdb000-7fed90cdc000 ---p 00000000 00:00 0 
7fed90cdc000-7fed90ddc000 rw-p 00000000 00:00 0 
7fed90ddc000-7fed90ddd000 ---p 00000000 00:00 0 
7fed90ddd000-7fed90edd000 rw-p 00000000 00:00 0 
7fed90edd000-7fed90ede000 ---p 00000000 00:00 0 
7fed90ede000-7fed91008000 rw-p 00000000 00:00 0 
7fed91008000-7fed91270000 ---p 00000000 00:00 0 
7fed91270000-7fed9129a000 rw-p 00000000 00:00 0 
7fed9129a000-7fed91501000 ---p 00000000 00:00 0 
7fed91501000-7fed91516000 rw-p 00000000 00:00 0 
7fed91516000-7fed9164a000 ---p 00000000 00:00 0 
7fed9164a000-7fed91661000 rw-p 00000000 00:00 0 
7fed91661000-7fed91a0b000 ---p 00000000 00:00 0 
7fed91a0b000-7fed91a25000 r-xp 00000000 08:01 8398514                    /usr/lib/jvm/java-8-oracle/jre/lib/amd64/libzip.so
7fed91a25000-7fed91c25000 ---p 0001a000 08:01 8398514                    /usr/lib/jvm/java-8-oracle/jre/lib/amd64/libzip.so
7fed91c25000-7fed91c26000 rw-p 0001a000 08:01 8398514                    /usr/lib/jvm/java-8-oracle/jre/lib/amd64/libzip.so
7fed91c26000-7fed91c31000 r-xp 00000000 08:01 2097242                    /lib/x86_64-linux-gnu/libnss_files-2.23.so
7fed91c31000-7fed91e30000 ---p 0000b000 08:01 2097242                    /lib/x86_64-linux-gnu/libnss_files-2.23.so
7fed91e30000-7fed91e31000 r--p 0000a000 08:01 2097242                    /lib/x86_64-linux-gnu/libnss_files-2.23.so
7fed91e31000-7fed91e32000 rw-p 0000b000 08:01 2097242                    /lib/x86_64-linux-gnu/libnss_files-2.23.so
7fed91e32000-7fed91e38000 rw-p 00000000 00:00 0 
7fed91e38000-7fed91e43000 r-xp 00000000 08:01 2097235                    /lib/x86_64-linux-gnu/libnss_nis-2.23.so
7fed91e43000-7fed92042000 ---p 0000b000 08:01 2097235                    /lib/x86_64-linux-gnu/libnss_nis-2.23.so
7fed92042000-7fed92043000 r--p 0000a000 08:01 2097235                    /lib/x86_64-linux-gnu/libnss_nis-2.23.so
7fed92043000-7fed92044000 rw-p 0000b000 08:01 2097235                    /lib/x86_64-linux-gnu/libnss_nis-2.23.so
7fed92044000-7fed9205a000 r-xp 00000000 08:01 2097237                    /lib/x86_64-linux-gnu/libnsl-2.23.so
7fed9205a000-7fed92259000 ---p 00016000 08:01 2097237                    /lib/x86_64-linux-gnu/libnsl-2.23.so
7fed92259000-7fed9225a000 r--p 00015000 08:01 2097237                    /lib/x86_64-linux-gnu/libnsl-2.23.so
7fed9225a000-7fed9225b000 rw-p 00016000 08:01 2097237                    /lib/x86_64-linux-gnu/libnsl-2.23.so
7fed9225b000-7fed9225d000 rw-p 00000000 00:00 0 
7fed9225d000-7fed92265000 r-xp 00000000 08:01 2097244                    /lib/x86_64-linux-gnu/libnss_compat-2.23.so
7fed92265000-7fed92464000 ---p 00008000 08:01 2097244                    /lib/x86_64-linux-gnu/libnss_compat-2.23.so
7fed92464000-7fed92465000 r--p 00007000 08:01 2097244                    /lib/x86_64-linux-gnu/libnss_compat-2.23.so
7fed92465000-7fed92466000 rw-p 00008000 08:01 2097244                    /lib/x86_64-linux-gnu/libnss_compat-2.23.so
7fed92466000-7fed92491000 r-xp 00000000 08:01 8398989                    /usr/lib/jvm/java-8-oracle/jre/lib/amd64/libjava.so
7fed92491000-7fed92690000 ---p 0002b000 08:01 8398989                    /usr/lib/jvm/java-8-oracle/jre/lib/amd64/libjava.so
7fed92690000-7fed92692000 rw-p 0002a000 08:01 8398989                    /usr/lib/jvm/java-8-oracle/jre/lib/amd64/libjava.so
7fed92692000-7fed9269f000 r-xp 00000000 08:01 8398176                    /usr/lib/jvm/java-8-oracle/jre/lib/amd64/libverify.so
7fed9269f000-7fed9289e000 ---p 0000d000 08:01 8398176                    /usr/lib/jvm/java-8-oracle/jre/lib/amd64/libverify.so
7fed9289e000-7fed928a0000 rw-p 0000c000 08:01 8398176                    /usr/lib/jvm/java-8-oracle/jre/lib/amd64/libverify.so
7fed928a0000-7fed928a7000 r-xp 00000000 08:01 2097245                    /lib/x86_64-linux-gnu/librt-2.23.so
7fed928a7000-7fed92aa6000 ---p 00007000 08:01 2097245                    /lib/x86_64-linux-gnu/librt-2.23.so
7fed92aa6000-7fed92aa7000 r--p 00006000 08:01 2097245                    /lib/x86_64-linux-gnu/librt-2.23.so
7fed92aa7000-7fed92aa8000 rw-p 00007000 08:01 2097245                    /lib/x86_64-linux-gnu/librt-2.23.so
7fed92aa8000-7fed92bb0000 r-xp 00000000 08:01 2097236                    /lib/x86_64-linux-gnu/libm-2.23.so
7fed92bb0000-7fed92daf000 ---p 00108000 08:01 2097236                    /lib/x86_64-linux-gnu/libm-2.23.so
7fed92daf000-7fed92db0000 r--p 00107000 08:01 2097236                    /lib/x86_64-linux-gnu/libm-2.23.so
7fed92db0000-7fed92db1000 rw-p 00108000 08:01 2097236                    /lib/x86_64-linux-gnu/libm-2.23.so
7fed92db1000-7fed93a7f000 r-xp 00000000 08:01 8398993                    /usr/lib/jvm/java-8-oracle/jre/lib/amd64/server/libjvm.so
7fed93a7f000-7fed93c7f000 ---p 00cce000 08:01 8398993                    /usr/lib/jvm/java-8-oracle/jre/lib/amd64/server/libjvm.so
7fed93c7f000-7fed93d58000 rw-p 00cce000 08:01 8398993                    /usr/lib/jvm/java-8-oracle/jre/lib/amd64/server/libjvm.so
7fed93d58000-7fed93da3000 rw-p 00000000 00:00 0 
7fed93da3000-7fed93f62000 r-xp 00000000 08:01 2097238                    /lib/x86_64-linux-gnu/libc-2.23.so
7fed93f62000-7fed94162000 ---p 001bf000 08:01 2097238                    /lib/x86_64-linux-gnu/libc-2.23.so
7fed94162000-7fed94166000 r--p 001bf000 08:01 2097238                    /lib/x86_64-linux-gnu/libc-2.23.so
7fed94166000-7fed94168000 rw-p 001c3000 08:01 2097238                    /lib/x86_64-linux-gnu/libc-2.23.so
7fed94168000-7fed9416c000 rw-p 00000000 00:00 0 
7fed9416c000-7fed9416f000 r-xp 00000000 08:01 2097177                    /lib/x86_64-linux-gnu/libdl-2.23.so
7fed9416f000-7fed9436e000 ---p 00003000 08:01 2097177                    /lib/x86_64-linux-gnu/libdl-2.23.so
7fed9436e000-7fed9436f000 r--p 00002000 08:01 2097177                    /lib/x86_64-linux-gnu/libdl-2.23.so
7fed9436f000-7fed94370000 rw-p 00003000 08:01 2097177                    /lib/x86_64-linux-gnu/libdl-2.23.so
7fed94370000-7fed94385000 r-xp 00000000 08:01 8001894                    /usr/lib/jvm/java-8-oracle/lib/amd64/jli/libjli.so
7fed94385000-7fed94585000 ---p 00015000 08:01 8001894                    /usr/lib/jvm/java-8-oracle/lib/amd64/jli/libjli.so
7fed94585000-7fed94586000 rw-p 00015000 08:01 8001894                    /usr/lib/jvm/java-8-oracle/lib/amd64/jli/libjli.so
7fed94586000-7fed9459e000 r-xp 00000000 08:01 2097249                    /lib/x86_64-linux-gnu/libpthread-2.23.so
7fed9459e000-7fed9479d000 ---p 00018000 08:01 2097249                    /lib/x86_64-linux-gnu/libpthread-2.23.so
7fed9479d000-7fed9479e000 r--p 00017000 08:01 2097249                    /lib/x86_64-linux-gnu/libpthread-2.23.so
7fed9479e000-7fed9479f000 rw-p 00018000 08:01 2097249                    /lib/x86_64-linux-gnu/libpthread-2.23.so
7fed9479f000-7fed947a3000 rw-p 00000000 00:00 0 
7fed947a3000-7fed947c9000 r-xp 00000000 08:01 2097239                    /lib/x86_64-linux-gnu/ld-2.23.so
7fed947d5000-7fed947d9000 r--s 0009a000 08:01 8261530                    /usr/lib/jvm/java-8-oracle/jre/lib/jsse.jar
7fed947d9000-7fed948a4000 rw-p 00000000 00:00 0 
7fed948a4000-7fed948a7000 ---p 00000000 00:00 0 
7fed948a7000-7fed949a9000 rw-p 00000000 00:00 0 
7fed949ab000-7fed949b5000 r--s 00116000 08:01 8399013                    /usr/lib/jvm/java-8-oracle/jre/lib/ext/localedata.jar
7fed949b5000-7fed949bc000 r--s 00000000 08:01 8132571                    /usr/lib/x86_64-linux-gnu/gconv/gconv-modules.cache
7fed949bc000-7fed949c4000 rw-s 00000000 08:01 14025798                   /tmp/hsperfdata_osoler/18262
7fed949c4000-7fed949c5000 rw-p 00000000 00:00 0 
7fed949c5000-7fed949c6000 r--p 00000000 00:00 0 
7fed949c6000-7fed949c8000 rw-p 00000000 00:00 0 
7fed949c8000-7fed949c9000 r--p 00025000 08:01 2097239                    /lib/x86_64-linux-gnu/ld-2.23.so
7fed949c9000-7fed949ca000 rw-p 00026000 08:01 2097239                    /lib/x86_64-linux-gnu/ld-2.23.so
7fed949ca000-7fed949cb000 rw-p 00000000 00:00 0 
7ffde54b2000-7ffde54d3000 rw-p 00000000 00:00 0                          [stack]
7ffde555f000-7ffde5561000 r--p 00000000 00:00 0                          [vvar]
7ffde5561000-7ffde5563000 r-xp 00000000 00:00 0                          [vdso]
ffffffffff600000-ffffffffff601000 r-xp 00000000 00:00 0                  [vsyscall]

VM Arguments:
jvm_args: -Dfile.encoding=UTF-8 
java_command: Presentacio.UserLoginBBDD
java_class_path (initial): /media/osoler/HDD2/WORKSAPACE/Sudoku/bin:/media/osoler/HDD2/WORKSAPACE/Sudoku/lib/ojdbc6.jar
Launcher Type: SUN_STANDARD

Environment Variables:
JAVA_HOME=/usr/lib/jvm/java-8-oracle
PATH=/home/osoler/bin:/home/osoler/.local/bin:/usr/local/sbin:/usr/local/bin:/usr/sbin:/usr/bin:/sbin:/bin:/usr/games:/usr/local/games:/snap/bin:/usr/lib/jvm/java-8-oracle/bin:/usr/lib/jvm/java-8-oracle/db/bin:/usr/lib/jvm/java-8-oracle/jre/bin
SHELL=/bin/bash
DISPLAY=:0

Signal Handlers:
SIGSEGV: [libjvm.so+0xac78c0], sa_mask[0]=11111111011111111101111111111110, sa_flags=SA_RESTART|SA_SIGINFO
SIGBUS: [libjvm.so+0xac78c0], sa_mask[0]=11111111011111111101111111111110, sa_flags=SA_RESTART|SA_SIGINFO
SIGFPE: [libjvm.so+0x920ac0], sa_mask[0]=11111111011111111101111111111110, sa_flags=SA_RESTART|SA_SIGINFO
SIGPIPE: [libjvm.so+0x920ac0], sa_mask[0]=11111111011111111101111111111110, sa_flags=SA_RESTART|SA_SIGINFO
SIGXFSZ: [libjvm.so+0x920ac0], sa_mask[0]=11111111011111111101111111111110, sa_flags=SA_RESTART|SA_SIGINFO
SIGILL: [libjvm.so+0x920ac0], sa_mask[0]=11111111011111111101111111111110, sa_flags=SA_RESTART|SA_SIGINFO
SIGUSR1: SIG_DFL, sa_mask[0]=00000000000000000000000000000000, sa_flags=none
SIGUSR2: [libjvm.so+0x922300], sa_mask[0]=00100000000000000000000000000000, sa_flags=SA_RESTART|SA_SIGINFO
SIGHUP: [libjvm.so+0x923700], sa_mask[0]=11111111011111111101111111111110, sa_flags=SA_RESTART|SA_SIGINFO
SIGINT: [libjvm.so+0x923700], sa_mask[0]=11111111011111111101111111111110, sa_flags=SA_RESTART|SA_SIGINFO
SIGTERM: [libjvm.so+0x923700], sa_mask[0]=11111111011111111101111111111110, sa_flags=SA_RESTART|SA_SIGINFO
SIGQUIT: [libjvm.so+0x923700], sa_mask[0]=11111111011111111101111111111110, sa_flags=SA_RESTART|SA_SIGINFO


---------------  S Y S T E M  ---------------

OS:DISTRIB_ID=Ubuntu
DISTRIB_RELEASE=16.04
DISTRIB_CODENAME=xenial
DISTRIB_DESCRIPTION="Ubuntu 16.04.2 LTS"

uname:Linux 4.8.0-52-generic #55~16.04.1-Ubuntu SMP Fri Apr 28 14:36:29 UTC 2017 x86_64
libc:glibc 2.23 NPTL 2.23 
rlimit: STACK 8192k, CORE 0k, NPROC 31367, NOFILE 65536, AS infinity
load average:0,52 0,65 0,54

/proc/meminfo:
MemTotal:        8072448 kB
MemFree:         3316604 kB
MemAvailable:    4586396 kB
Buffers:          101564 kB
Cached:          1895568 kB
SwapCached:            0 kB
Active:          3313236 kB
Inactive:        1230788 kB
Active(anon):    2558704 kB
Inactive(anon):   534700 kB
Active(file):     754532 kB
Inactive(file):   696088 kB
Unevictable:          32 kB
Mlocked:              32 kB
SwapTotal:       8284156 kB
SwapFree:        8284156 kB
Dirty:                96 kB
Writeback:            60 kB
AnonPages:       2394768 kB
Mapped:           359688 kB
Shmem:            546608 kB
Slab:             119560 kB
SReclaimable:      79000 kB
SUnreclaim:        40560 kB
KernelStack:        8624 kB
PageTables:        21684 kB
NFS_Unstable:          0 kB
Bounce:                0 kB
WritebackTmp:          0 kB
CommitLimit:    12320380 kB
Committed_AS:    6472676 kB
VmallocTotal:   34359738367 kB
VmallocUsed:           0 kB
VmallocChunk:          0 kB
HardwareCorrupted:     0 kB
AnonHugePages:   1458176 kB
ShmemHugePages:        0 kB
ShmemPmdMapped:        0 kB
CmaTotal:              0 kB
CmaFree:               0 kB
HugePages_Total:       0
HugePages_Free:        0
HugePages_Rsvd:        0
HugePages_Surp:        0
Hugepagesize:       2048 kB
DirectMap4k:      166064 kB
DirectMap2M:     8120320 kB
DirectMap1G:           0 kB


CPU:total 4 (2 cores per cpu, 2 threads per core) family 6 model 61 stepping 4, cmov, cx8, fxsr, mmx, sse, sse2, sse3, ssse3, sse4.1, sse4.2, popcnt, avx, avx2, aes, clmul, erms, 3dnowpref, lzcnt, ht, tsc, tscinvbit, bmi1, bmi2, adx

/proc/cpuinfo:
processor	: 0
vendor_id	: GenuineIntel
cpu family	: 6
model		: 61
model name	: Intel(R) Core(TM) i7-5500U CPU @ 2.40GHz
stepping	: 4
microcode	: 0x22
cpu MHz		: 2899.951
cache size	: 4096 KB
physical id	: 0
siblings	: 4
core id		: 0
cpu cores	: 2
apicid		: 0
initial apicid	: 0
fpu		: yes
fpu_exception	: yes
cpuid level	: 20
wp		: yes
flags		: fpu vme de pse tsc msr pae mce cx8 apic sep mtrr pge mca cmov pat pse36 clflush dts acpi mmx fxsr sse sse2 ss ht tm pbe syscall nx pdpe1gb rdtscp lm constant_tsc arch_perfmon pebs bts rep_good nopl xtopology nonstop_tsc aperfmperf eagerfpu pni pclmulqdq dtes64 monitor ds_cpl vmx est tm2 ssse3 sdbg fma cx16 xtpr pdcm pcid sse4_1 sse4_2 x2apic movbe popcnt tsc_deadline_timer aes xsave avx f16c rdrand lahf_lm abm 3dnowprefetch epb intel_pt tpr_shadow vnmi flexpriority ept vpid fsgsbase tsc_adjust bmi1 avx2 smep bmi2 erms invpcid rdseed adx smap xsaveopt dtherm ida arat pln pts
bugs		:
bogomips	: 4793.53
clflush size	: 64
cache_alignment	: 64
address sizes	: 39 bits physical, 48 bits virtual
power management:

processor	: 1
vendor_id	: GenuineIntel
cpu family	: 6
model		: 61
model name	: Intel(R) Core(TM) i7-5500U CPU @ 2.40GHz
stepping	: 4
microcode	: 0x22
cpu MHz		: 2899.951
cache size	: 4096 KB
physical id	: 0
siblings	: 4
core id		: 1
cpu cores	: 2
apicid		: 2
initial apicid	: 2
fpu		: yes
fpu_exception	: yes
cpuid level	: 20
wp		: yes
flags		: fpu vme de pse tsc msr pae mce cx8 apic sep mtrr pge mca cmov pat pse36 clflush dts acpi mmx fxsr sse sse2 ss ht tm pbe syscall nx pdpe1gb rdtscp lm constant_tsc arch_perfmon pebs bts rep_good nopl xtopology nonstop_tsc aperfmperf eagerfpu pni pclmulqdq dtes64 monitor ds_cpl vmx est tm2 ssse3 sdbg fma cx16 xtpr pdcm pcid sse4_1 sse4_2 x2apic movbe popcnt tsc_deadline_timer aes xsave avx f16c rdrand lahf_lm abm 3dnowprefetch epb intel_pt tpr_shadow vnmi flexpriority ept vpid fsgsbase tsc_adjust bmi1 avx2 smep bmi2 erms invpcid rdseed adx smap xsaveopt dtherm ida arat pln pts
bugs		:
bogomips	: 4793.53
clflush size	: 64
cache_alignment	: 64
address sizes	: 39 bits physical, 48 bits virtual
power management:

processor	: 2
vendor_id	: GenuineIntel
cpu family	: 6
model		: 61
model name	: Intel(R) Core(TM) i7-5500U CPU @ 2.40GHz
stepping	: 4
microcode	: 0x22
cpu MHz		: 2899.951
cache size	: 4096 KB
physical id	: 0
siblings	: 4
core id		: 0
cpu cores	: 2
apicid		: 1
initial apicid	: 1
fpu		: yes
fpu_exception	: yes
cpuid level	: 20
wp		: yes
flags		: fpu vme de pse tsc msr pae mce cx8 apic sep mtrr pge mca cmov pat pse36 clflush dts acpi mmx fxsr sse sse2 ss ht tm pbe syscall nx pdpe1gb rdtscp lm constant_tsc arch_perfmon pebs bts rep_good nopl xtopology nonstop_tsc aperfmperf eagerfpu pni pclmulqdq dtes64 monitor ds_cpl vmx est tm2 ssse3 sdbg fma cx16 xtpr pdcm pcid sse4_1 sse4_2 x2apic movbe popcnt tsc_deadline_timer aes xsave avx f16c rdrand lahf_lm abm 3dnowprefetch epb intel_pt tpr_shadow vnmi flexpriority ept vpid fsgsbase tsc_adjust bmi1 avx2 smep bmi2 erms invpcid rdseed adx smap xsaveopt dtherm ida arat pln pts
bugs		:
bogomips	: 4793.53
clflush size	: 64
cache_alignment	: 64
address sizes	: 39 bits physical, 48 bits virtual
power management:

processor	: 3
vendor_id	: GenuineIntel
cpu family	: 6
model		: 61
model name	: Intel(R) Core(TM) i7-5500U CPU @ 2.40GHz
stepping	: 4
microcode	: 0x22
cpu MHz		: 2899.951
cache size	: 4096 KB
physical id	: 0
siblings	: 4
core id		: 1
cpu cores	: 2
apicid		: 3
initial apicid	: 3
fpu		: yes
fpu_exception	: yes
cpuid level	: 20
wp		: yes
flags		: fpu vme de pse tsc msr pae mce cx8 apic sep mtrr pge mca cmov pat pse36 clflush dts acpi mmx fxsr sse sse2 ss ht tm pbe syscall nx pdpe1gb rdtscp lm constant_tsc arch_perfmon pebs bts rep_good nopl xtopology nonstop_tsc aperfmperf eagerfpu pni pclmulqdq dtes64 monitor ds_cpl vmx est tm2 ssse3 sdbg fma cx16 xtpr pdcm pcid sse4_1 sse4_2 x2apic movbe popcnt tsc_deadline_timer aes xsave avx f16c rdrand lahf_lm abm 3dnowprefetch epb intel_pt tpr_shadow vnmi flexpriority ept vpid fsgsbase tsc_adjust bmi1 avx2 smep bmi2 erms invpcid rdseed adx smap xsaveopt dtherm ida arat pln pts
bugs		:
bogomips	: 4793.53
clflush size	: 64
cache_alignment	: 64
address sizes	: 39 bits physical, 48 bits virtual
power management:



Memory: 4k page, physical 8072448k(3316404k free), swap 8284156k(8284156k free)

vm_info: Java HotSpot(TM) 64-Bit Server VM (25.121-b13) for linux-amd64 JRE (1.8.0_121-b13), built on Dec 12 2016 16:36:53 by "java_re" with gcc 4.3.0 20080428 (Red Hat 4.3.0-8)

time: Wed May 24 10:22:49 2017
elapsed time: 12969 seconds (0d 3h 36m 9s)

